{"numTotalTestSuites":864,"numPassedTestSuites":864,"numFailedTestSuites":0,"numPendingTestSuites":0,"numTotalTests":2634,"numPassedTests":2634,"numFailedTests":0,"numPendingTests":0,"numTodoTests":0,"snapshot":{"added":0,"failure":false,"filesAdded":0,"filesRemoved":0,"filesRemovedList":[],"filesUnmatched":0,"filesUpdated":0,"matched":0,"total":0,"unchecked":0,"uncheckedKeysByFile":[],"unmatched":0,"updated":0,"didUpdate":false},"startTime":1788762258740,"success":true,"testResults":[{"assertionResults":[{"ancestorTitles":["goldConstants — source de vérité unique"],"fullName":"goldConstants — source de vérité unique utilise la valeur EXACTE de l'once troy (pas 31.1035)","status":"passed","title":"utilise la valeur EXACTE de l'once troy (pas 31.1035)","duration":6.5103999999701045,"failureMessages":[],"meta":{},"tags":[]},{"ancestorTitles":["goldConstants — source de vérité unique"],"fullName":"goldConstants — source de vérité unique expose des alias cohérents pointant tous vers la valeur canonique","status":"passed","title":"expose des alias cohérents pointant tous vers la valeur canonique","duration":0.8834999999962747,"failureMessages":[],"meta":{},"tags":[]},{"ancestorTitles":["goldConstants — source de vérité unique"],"fullName":"goldConstants — source de vérité unique calcule correctement les onces troy par kg","status":"passed","title":"calcule correctement les onces troy par kg","duration":1.1935999999986961,"failureMessages":[],"meta":{},"tags":[]},{"ancestorTitles":["goldConstants — source de vérité unique"],"fullName":"goldConstants — source de vérité unique fixe le taux de royalties à 3 %","status":"passed","title":"fixe le taux de royalties à 3 %","duration":0.9563999999663793,"failureMessages":[],"meta":{},"tags":[]},{"ancestorTitles":["goldConstants — source de vérité unique"],"fullName":"goldConstants — source de vérité unique convertit g -> oz troy et retour sans perte (round-trip)","status":"passed","title":"convertit g -> oz troy et retour sans perte (round-trip)","duration":1.1455999999889173,"failureMessages":[],"meta":{},"tags":[]},{"ancestorTitles":["goldConstants — source de vérité unique"],"fullName":"goldConstants — source de vérité unique 1 once troy vaut exactement TROY_OZ_GRAMS grammes","status":"passed","title":"1 once troy vaut exactement TROY_OZ_GRAMS grammes","duration":0.8261000000056811,"failureMessages":[],"meta":{},"tags":[]}],"startTime":1788762727865,"endTime":1788762727876.8262,"status":"passed","message":"","name":"F:/Development/SONASP/src/constants/goldConstants.test.ts"},{"assertionResults":[{"ancestorTitles":["référentiel des statuts de vente"],"fullName":"référentiel des statuts de vente fournit un libellé français pour chaque code persistant","status":"passed","title":"fournit un libellé français pour chaque code persistant","duration":8.288799999980256,"failureMessages":[],"meta":{},"tags":[]},{"ancestorTitles":["référentiel des statuts de vente"],"fullName":"référentiel des statuts de vente présente les étapes structurantes en français","status":"passed","title":"présente les étapes structurantes en français","duration":0.7317000000039116,"failureMessages":[],"meta":{},"tags":[]}],"startTime":1788762717006,"endTime":1788762717015.7317,"status":"passed","message":"","name":"F:/Development/SONASP/src/constants/salesStatuses.test.ts"},{"assertionResults":[{"ancestorTitles":["découpage territorial du Burkina Faso"],"fullName":"découpage territorial du Burkina Faso assemble les 13 régions à partir des cellules de leurs provinces","status":"passed","title":"assemble les 13 régions à partir des cellules de leurs provinces","duration":8.79859999998007,"failureMessages":[],"meta":{},"tags":[]},{"ancestorTitles":["découpage territorial du Burkina Faso"],"fullName":"découpage territorial du Burkina Faso trace des limites régionales entre provinces de régions différentes","status":"passed","title":"trace des limites régionales entre provinces de régions différentes","duration":9.676200000045355,"failureMessages":[],"meta":{},"tags":[]},{"ancestorTitles":["découpage territorial du Burkina Faso"],"fullName":"découpage territorial du Burkina Faso produit une cellule non vide pour chacune des 45 provinces","status":"passed","title":"produit une cellule non vide pour chacune des 45 provinces","duration":1.2548999999999069,"failureMessages":[],"meta":{},"tags":[]},{"ancestorTitles":["découpage territorial du Burkina Faso"],"fullName":"découpage territorial du Burkina Faso rattache chaque chef-lieu à sa propre province","status":"passed","title":"rattache chaque chef-lieu à sa propre province","duration":2.0072999999974854,"failureMessages":[],"meta":{},"tags":[]},{"ancestorTitles":["découpage territorial du Burkina Faso"],"fullName":"découpage territorial du Burkina Faso rattache chaque province à la région annoncée","status":"passed","title":"rattache chaque province à la région annoncée","duration":0.5436000000336207,"failureMessages":[],"meta":{},"tags":[]},{"ancestorTitles":["découpage territorial du Burkina Faso"],"fullName":"découpage territorial du Burkina Faso reste aligné avec les listes déroulantes du formulaire","status":"passed","title":"reste aligné avec les listes déroulantes du formulaire","duration":0.6946999999927357,"failureMessages":[],"meta":{},"tags":[]},{"ancestorTitles":["découpage territorial du Burkina Faso"],"fullName":"découpage territorial du Burkina Faso place Ouagadougou dans le Kadiogo et Gaoua dans le Poni","status":"passed","title":"place Ouagadougou dans le Kadiogo et Gaoua dans le Poni","duration":0.34490000002551824,"failureMessages":[],"meta":{},"tags":[]}],"startTime":1788762592963,"endTime":1788762592986.345,"status":"passed","message":"","name":"F:/Development/SONASP/src/data/burkinaRegions.test.ts"},{"assertionResults":[{"ancestorTitles":["Libellés métier"],"fullName":"Libellés métier ne présente pas aide comme une démonstration","status":"passed","title":"ne présente pas aide comme une démonstration","duration":3.5944000000017695,"failureMessages":[],"meta":{},"tags":[]},{"ancestorTitles":["Libellés métier"],"fullName":"Libellés métier ne présente pas analyses comme une démonstration","status":"passed","title":"ne présente pas analyses comme une démonstration","duration":0.6940000000176951,"failureMessages":[],"meta":{},"tags":[]},{"ancestorTitles":["Libellés métier"],"fullName":"Libellés métier ne présente pas facture comme une démonstration","status":"passed","title":"ne présente pas facture comme une démonstration","duration":0.4267000000108965,"failureMessages":[],"meta":{},"tags":[]},{"ancestorTitles":["Libellés métier"],"fullName":"Libellés métier conserve la transparence sur la certification de la facture","status":"passed","title":"conserve la transparence sur la certification de la facture","duration":0.8525000000372529,"failureMessages":[],"meta":{},"tags":[]}],"startTime":1788762759393,"endTime":1788762759398.8525,"status":"passed","message":"","name":"F:/Development/SONASP/src/data/businessLabels.test.ts"},{"assertionResults":[{"ancestorTitles":["AuthProvider profile fallback"],"fullName":"AuthProvider profile fallback conserve le vrai sous-arbre protégé pendant les reprises répétées et le ferme à la déconnexion","status":"passed","title":"conserve le vrai sous-arbre protégé pendant les reprises répétées et le ferme à la déconnexion","duration":212.84249999999884,"failureMessages":[],"meta":{},"tags":[]},{"ancestorTitles":["AuthProvider profile fallback"],"fullName":"AuthProvider profile fallback refuse tout accès privé quand le profil autoritatif est indisponible","status":"passed","title":"refuse tout accès privé quand le profil autoritatif est indisponible","duration":40.69329999998445,"failureMessages":[],"meta":{},"tags":[]},{"ancestorTitles":["AuthProvider profile fallback"],"fullName":"AuthProvider profile fallback still surfaces an actionable authentication initialization error","status":"passed","title":"still surfaces an actionable authentication initialization error","duration":16.821600000024773,"failureMessages":[],"meta":{},"tags":[]},{"ancestorTitles":["AuthProvider profile fallback"],"fullName":"AuthProvider profile fallback conserve le rôle autoritaire du profil même pour l’adresse historique du propriétaire","status":"passed","title":"conserve le rôle autoritaire du profil même pour l’adresse historique du propriétaire","duration":15.57829999999376,"failureMessages":[],"meta":{},"tags":[]},{"ancestorTitles":["AuthProvider profile fallback"],"fullName":"AuthProvider profile fallback conserve le profil affiché quand le même SIGNED_IN est réémis au retour d’onglet","status":"passed","title":"conserve le profil affiché quand le même SIGNED_IN est réémis au retour d’onglet","duration":20.863299999997253,"failureMessages":[],"meta":{},"tags":[]},{"ancestorTitles":["AuthProvider profile fallback"],"fullName":"AuthProvider profile fallback conserve le shell et le brouillon si SIGNED_IN revient pendant une revalidation silencieuse","status":"passed","title":"conserve le shell et le brouillon si SIGNED_IN revient pendant une revalidation silencieuse","duration":314.72139999998035,"failureMessages":[],"meta":{},"tags":[]},{"ancestorTitles":["AuthProvider profile fallback"],"fullName":"AuthProvider profile fallback ne republie pas le contexte global quand le jeton du même compte est renouvelé","status":"passed","title":"ne republie pas le contexte global quand le jeton du même compte est renouvelé","duration":14.678599999984726,"failureMessages":[],"meta":{},"tags":[]},{"ancestorTitles":["AuthProvider profile fallback"],"fullName":"AuthProvider profile fallback ferme la session et refuse explicitement un profil désactivé","status":"passed","title":"ferme la session et refuse explicitement un profil désactivé","duration":62.875499999994645,"failureMessages":[],"meta":{},"tags":[]},{"ancestorTitles":["AuthProvider profile fallback"],"fullName":"AuthProvider profile fallback ne transforme pas une panne du suivi de connexion en échec d’authentification","status":"passed","title":"ne transforme pas une panne du suivi de connexion en échec d’authentification","duration":46.66459999998915,"failureMessages":[],"meta":{},"tags":[]},{"ancestorTitles":["AuthProvider profile fallback"],"fullName":"AuthProvider profile fallback échoue fermé si la session serveur ne peut pas être enregistrée","status":"passed","title":"échoue fermé si la session serveur ne peut pas être enregistrée","duration":44.93739999999525,"failureMessages":[],"meta":{},"tags":[]},{"ancestorTitles":["AuthProvider profile fallback"],"fullName":"AuthProvider profile fallback ferme localement une session que le heartbeat serveur déclare révoquée","status":"passed","title":"ferme localement une session que le heartbeat serveur déclare révoquée","duration":11.384699999995064,"failureMessages":[],"meta":{},"tags":[]},{"ancestorTitles":["AuthProvider profile fallback"],"fullName":"AuthProvider profile fallback révoque registre et refresh tokens avant de purger localement une déconnexion manuelle","status":"passed","title":"révoque registre et refresh tokens avant de purger localement une déconnexion manuelle","duration":50.12140000000363,"failureMessages":[],"meta":{},"tags":[]},{"ancestorTitles":["AuthProvider profile fallback"],"fullName":"AuthProvider profile fallback retombe sur la révocation courante et le signOut global si l’Edge est indisponible","status":"passed","title":"retombe sur la révocation courante et le signOut global si l’Edge est indisponible","duration":62.3298000000068,"failureMessages":[],"meta":{},"tags":[]}],"startTime":1788762490852,"endTime":1788762491768.3298,"status":"passed","message":"","name":"F:/Development/SONASP/src/contexts/AuthContext.fallback.test.tsx"},{"assertionResults":[{"ancestorTitles":["isMissingUserProfileError"],"fullName":"isMissingUserProfileError recognizes only the PostgREST missing-row response","status":"passed","title":"recognizes only the PostgREST missing-row response","duration":5.1706000000122,"failureMessages":[],"meta":{},"tags":[]},{"ancestorTitles":["isMissingUserProfileError"],"fullName":"isMissingUserProfileError does not treat transport or database errors as a missing profile","status":"passed","title":"does not treat transport or database errors as a missing profile","duration":1.1479999999864958,"failureMessages":[],"meta":{},"tags":[]}],"startTime":1788762738700,"endTime":1788762738706.148,"status":"passed","message":"","name":"F:/Development/SONASP/src/contexts/AuthContext.test.ts"},{"assertionResults":[{"ancestorTitles":["Actualisation des sites"],"fullName":"Actualisation des sites recharge après création, retour de navigation et retour dans la fenêtre","status":"passed","title":"recharge après création, retour de navigation et retour dans la fenêtre","duration":195.07140000001527,"failureMessages":[],"meta":{},"tags":[]},{"ancestorTitles":["Actualisation des sites"],"fullName":"Actualisation des sites ignore une réponse ancienne arrivée après une actualisation","status":"passed","title":"ignore une réponse ancienne arrivée après une actualisation","duration":80.54489999997895,"failureMessages":[],"meta":{},"tags":[]}],"startTime":1788762559274,"endTime":1788762559550.545,"status":"passed","message":"","name":"F:/Development/SONASP/src/hooks/useArtisanalSiteData.test.tsx"},{"assertionResults":[{"ancestorTitles":["protection du brouillon artisan"],"fullName":"protection du brouillon artisan annule un retour natif sans laisser le routeur démonter le formulaire","status":"passed","title":"annule un retour natif sans laisser le routeur démonter le formulaire","duration":27.53070000000298,"failureMessages":[],"meta":{},"tags":[]},{"ancestorTitles":["protection du brouillon artisan"],"fullName":"protection du brouillon artisan laisse partir après confirmation et ne bloque plus une fiche enregistrée","status":"passed","title":"laisse partir après confirmation et ne bloque plus une fiche enregistrée","duration":3.9223999999812804,"failureMessages":[],"meta":{},"tags":[]}],"startTime":1788762589433,"endTime":1788762589464.9224,"status":"passed","message":"","name":"F:/Development/SONASP/src/hooks/useArtisanUnsavedChanges.test.tsx"},{"assertionResults":[{"ancestorTitles":["chargerDernierTauxUsdXof"],"fullName":"chargerDernierTauxUsdXof lit le couple USD/XOF dans le vrai référentiel de change","status":"passed","title":"lit le couple USD/XOF dans le vrai référentiel de change","duration":6.683799999998882,"failureMessages":[],"meta":{},"tags":[]},{"ancestorTitles":["chargerDernierTauxUsdXof"],"fullName":"chargerDernierTauxUsdXof reste non bloquant si le référentiel ne répond pas","status":"passed","title":"reste non bloquant si le référentiel ne répond pas","duration":1.0666999999666587,"failureMessages":[],"meta":{},"tags":[]},{"ancestorTitles":["prixGrammeDepuisOnce"],"fullName":"prixGrammeDepuisOnce convertit l’once en gramme au taux du référentiel","status":"passed","title":"convertit l’once en gramme au taux du référentiel","duration":0.5837999999639578,"failureMessages":[],"meta":{},"tags":[]},{"ancestorTitles":["prixGrammeDepuisOnce"],"fullName":"prixGrammeDepuisOnce ne convertit rien sans cours ou sans taux","status":"passed","title":"ne convertit rien sans cours ou sans taux","duration":0.426500000001397,"failureMessages":[],"meta":{},"tags":[]},{"ancestorTitles":["ecartAuCours"],"fullName":"ecartAuCours mesure la prime et la décote","status":"passed","title":"mesure la prime et la décote","duration":0.4855000000097789,"failureMessages":[],"meta":{},"tags":[]},{"ancestorTitles":["ecartAuCours"],"fullName":"ecartAuCours n’annonce aucun écart sans référence ni sans prix","status":"passed","title":"n’annonce aucun écart sans référence ni sans prix","duration":0.37839999998686835,"failureMessages":[],"meta":{},"tags":[]}],"startTime":1788762652111,"endTime":1788762652121.3784,"status":"passed","message":"","name":"F:/Development/SONASP/src/hooks/useCoursOr.test.ts"},{"assertionResults":[{"ancestorTitles":["langues de l’interface privée"],"fullName":"langues de l’interface privée impose le français dans la version institutionnelle courante","status":"passed","title":"impose le français dans la version institutionnelle courante","duration":5.528199999942444,"failureMessages":[],"meta":{},"tags":[]},{"ancestorTitles":["langues de l’interface privée"],"fullName":"langues de l’interface privée conserve une option anglaise visible mais non activable","status":"passed","title":"conserve une option anglaise visible mais non activable","duration":2.450499999918975,"failureMessages":[],"meta":{},"tags":[]}],"startTime":1788762794226,"endTime":1788762794234.4504,"status":"passed","message":"","name":"F:/Development/SONASP/src/i18n/interfaceLanguages.test.ts"},{"assertionResults":[{"ancestorTitles":["English navigation"],"fullName":"English navigation covers the published navigation across every portal","status":"passed","title":"covers the published navigation across every portal","duration":3.8196000000461936,"failureMessages":[],"meta":{},"tags":[]},{"ancestorTitles":["English navigation"],"fullName":"English navigation does not translate business references, custom company names or a French preference","status":"passed","title":"does not translate business references, custom company names or a French preference","duration":1.1009000000194646,"failureMessages":[],"meta":{},"tags":[]}],"startTime":1788762717695,"endTime":1788762717700.1008,"status":"passed","message":"","name":"F:/Development/SONASP/src/i18n/navigationLabels.test.ts"},{"assertionResults":[{"ancestorTitles":["page de connexion Faso SANAMA"],"fullName":"page de connexion Faso SANAMA affiche la marque Faso SANAMA et conserve SONASP parmi les institutions","status":"passed","title":"affiche la marque Faso SANAMA et conserve SONASP parmi les institutions","duration":388.9876000000004,"failureMessages":[],"meta":{},"tags":[]},{"ancestorTitles":["page de connexion Faso SANAMA"],"fullName":"page de connexion Faso SANAMA annonce les deux champs requis et place le focus sur le premier","status":"passed","title":"annonce les deux champs requis et place le focus sur le premier","duration":408.4418000000005,"failureMessages":[],"meta":{},"tags":[]},{"ancestorTitles":["page de connexion Faso SANAMA"],"fullName":"page de connexion Faso SANAMA garde la marque lisible si le fichier du logo ne peut pas être chargé","status":"passed","title":"garde la marque lisible si le fichier du logo ne peut pas être chargé","duration":360.55279999999766,"failureMessages":[],"meta":{},"tags":[]},{"ancestorTitles":["page de connexion Faso SANAMA"],"fullName":"page de connexion Faso SANAMA affiche et remasque le mot de passe sans soumettre le formulaire","status":"passed","title":"affiche et remasque le mot de passe sans soumettre le formulaire","duration":851.8323000000019,"failureMessages":[],"meta":{},"tags":[]},{"ancestorTitles":["page de connexion Faso SANAMA"],"fullName":"page de connexion Faso SANAMA transmet les identifiants sans proposer de session persistante","status":"passed","title":"transmet les identifiants sans proposer de session persistante","duration":894.0364999999983,"failureMessages":[],"meta":{},"tags":[]},{"ancestorTitles":["page de connexion Faso SANAMA"],"fullName":"page de connexion Faso SANAMA relie les actions secondaires aux routes existantes","status":"passed","title":"relie les actions secondaires aux routes existantes","duration":157.02960000000166,"failureMessages":[],"meta":{},"tags":[]},{"ancestorTitles":["page de connexion Faso SANAMA"],"fullName":"page de connexion Faso SANAMA présente le français comme langue active et réserve l’anglais à une prochaine version","status":"passed","title":"présente le français comme langue active et réserve l’anglais à une prochaine version","duration":317.6609000000026,"failureMessages":[],"meta":{},"tags":[]},{"ancestorTitles":["page de connexion Faso SANAMA"],"fullName":"page de connexion Faso SANAMA suit un ordre de tabulation logique","status":"passed","title":"suit un ordre de tabulation logique","duration":632.3071000000018,"failureMessages":[],"meta":{},"tags":[]},{"ancestorTitles":["page de connexion Faso SANAMA"],"fullName":"page de connexion Faso SANAMA respecte les textes validés et les cinq institutions dans leur ordre","status":"passed","title":"respecte les textes validés et les cinq institutions dans leur ordre","duration":209.05229999999938,"failureMessages":[],"meta":{},"tags":[]},{"ancestorTitles":["page de connexion Faso SANAMA"],"fullName":"page de connexion Faso SANAMA limite les nouvelles métadonnées à la page de connexion","status":"passed","title":"limite les nouvelles métadonnées à la page de connexion","duration":30.069900000002235,"failureMessages":[],"meta":{},"tags":[]},{"ancestorTitles":["page de connexion Faso SANAMA"],"fullName":"page de connexion Faso SANAMA soumet avec Entrée et empêche les soumissions concurrentes","status":"passed","title":"soumet avec Entrée et empêche les soumissions concurrentes","duration":1246.3732999999993,"failureMessages":[],"meta":{},"tags":[]},{"ancestorTitles":["page de connexion Faso SANAMA"],"fullName":"page de connexion Faso SANAMA gère une erreur réseau sans exposer le détail technique et permet de réessayer","status":"passed","title":"gère une erreur réseau sans exposer le détail technique et permet de réessayer","duration":1233.6666000000005,"failureMessages":[],"meta":{},"tags":[]},{"ancestorTitles":["page de connexion Faso SANAMA"],"fullName":"page de connexion Faso SANAMA ferme le choix de langue avec Échap et rend le focus au bouton","status":"passed","title":"ferme le choix de langue avec Échap et rend le focus au bouton","duration":288.81720000000496,"failureMessages":[],"meta":{},"tags":[]}],"startTime":1788762282639,"endTime":1788762289657.8171,"status":"passed","message":"","name":"F:/Development/SONASP/src/pages/Login.component.test.tsx"},{"assertionResults":[{"ancestorTitles":["message d’échec de connexion"],"fullName":"message d’échec de connexion traduit le refus d’identifiants, qui s’affichait en anglais","status":"passed","title":"traduit le refus d’identifiants, qui s’affichait en anglais","duration":2.440999999991618,"failureMessages":[],"meta":{},"tags":[]},{"ancestorTitles":["message d’échec de connexion"],"fullName":"message d’échec de connexion reconnaît le motif quelle que soit la casse","status":"passed","title":"reconnaît le motif quelle que soit la casse","duration":0.4728999999933876,"failureMessages":[],"meta":{},"tags":[]},{"ancestorTitles":["message d’échec de connexion"],"fullName":"message d’échec de connexion distingue les refus qui appellent une action différente","status":"passed","title":"distingue les refus qui appellent une action différente","duration":0.6516999999876134,"failureMessages":[],"meta":{},"tags":[]},{"ancestorTitles":["message d’échec de connexion"],"fullName":"message d’échec de connexion ne divulgue pas un message technique inattendu","status":"passed","title":"ne divulgue pas un message technique inattendu","duration":0.3043999999645166,"failureMessages":[],"meta":{},"tags":[]},{"ancestorTitles":["message d’échec de connexion"],"fullName":"message d’échec de connexion retombe sur le message de secours quand le serveur ne dit rien","status":"passed","title":"retombe sur le message de secours quand le serveur ne dit rien","duration":0.48769999999785796,"failureMessages":[],"meta":{},"tags":[]}],"startTime":1788762771154,"endTime":1788762771158.4878,"status":"passed","message":"","name":"F:/Development/SONASP/src/pages/Login.test.ts"},{"assertionResults":[{"ancestorTitles":["Profile — données personnelles"],"fullName":"Profile — données personnelles n’enregistre que les champs personnels publiés, sans droits ni colonne fictive","status":"passed","title":"n’enregistre que les champs personnels publiés, sans droits ni colonne fictive","duration":560.5996000000159,"failureMessages":[],"meta":{},"tags":[]},{"ancestorTitles":["Profile — données personnelles"],"fullName":"Profile — données personnelles affiche l’historique réellement chargé pour le titulaire, sans événements de démonstration","status":"passed","title":"affiche l’historique réellement chargé pour le titulaire, sans événements de démonstration","duration":124.35719999999856,"failureMessages":[],"meta":{},"tags":[]},{"ancestorTitles":["Profile — données personnelles"],"fullName":"Profile — données personnelles distingue un historique indisponible d’un historique vide","status":"passed","title":"distingue un historique indisponible d’un historique vide","duration":72.31159999998636,"failureMessages":[],"meta":{},"tags":[]}],"startTime":1788762489620,"endTime":1788762490378.3115,"status":"passed","message":"","name":"F:/Development/SONASP/src/pages/Profile.test.tsx"},{"assertionResults":[{"ancestorTitles":["matrice institutionnelle"],"fullName":"matrice institutionnelle référence Owner et les huit rôles cibles, la hiérarchie filtre leur attribution","status":"passed","title":"référence Owner et les huit rôles cibles, la hiérarchie filtre leur attribution","duration":3.4171000000205822,"failureMessages":[],"meta":{},"tags":[]},{"ancestorTitles":["matrice institutionnelle"],"fullName":"matrice institutionnelle filtre les responsabilités selon le rôle et impose les responsabilités structurelles","status":"passed","title":"filtre les responsabilités selon le rôle et impose les responsabilités structurelles","duration":1.918999999994412,"failureMessages":[],"meta":{},"tags":[]},{"ancestorTitles":["plafond de permissions"],"fullName":"plafond de permissions garantit tous les droits Owner, y compris pour un module sans domaine","status":"passed","title":"garantit tous les droits Owner, y compris pour un module sans domaine","duration":2.178200000023935,"failureMessages":[],"meta":{},"tags":[]},{"ancestorTitles":["plafond de permissions"],"fullName":"plafond de permissions classe les modules à partir du référentiel réel et refuse les inconnus","status":"passed","title":"classe les modules à partir du référentiel réel et refuse les inconnus","duration":3.842700000037439,"failureMessages":[],"meta":{},"tags":[]},{"ancestorTitles":["plafond de permissions"],"fullName":"plafond de permissions permet une attribution explicite à Admin, sans attribution automatique ni domaine inconnu","status":"passed","title":"permet une attribution explicite à Admin, sans attribution automatique ni domaine inconnu","duration":1.821700000029523,"failureMessages":[],"meta":{},"tags":[]},{"ancestorTitles":["plafond de permissions"],"fullName":"plafond de permissions limite une société à ses modules et responsabilités","status":"passed","title":"limite une société à ses modules et responsabilités","duration":0.5080999999772757,"failureMessages":[],"meta":{},"tags":[]},{"ancestorTitles":["plafond de permissions"],"fullName":"plafond de permissions retire entièrement les modules incompatibles au lieu de les désactiver","status":"passed","title":"retire entièrement les modules incompatibles au lieu de les désactiver","duration":0.413399999961257,"failureMessages":[],"meta":{},"tags":[]},{"ancestorTitles":["plafond de permissions"],"fullName":"plafond de permissions borne chaque personnalisation au plafond du rôle","status":"passed","title":"borne chaque personnalisation au plafond du rôle","duration":0.42619999998714775,"failureMessages":[],"meta":{},"tags":[]},{"ancestorTitles":["plafond de permissions"],"fullName":"plafond de permissions aligne les opérations fiscales du Comptoir et le rapprochement DGI","status":"passed","title":"aligne les opérations fiscales du Comptoir et le rapprochement DGI","duration":0.5041999999666587,"failureMessages":[],"meta":{},"tags":[]},{"ancestorTitles":["plafond de permissions"],"fullName":"plafond de permissions attribue explicitement la finance Comptoir et sépare exécution et contrôle","status":"passed","title":"attribue explicitement la finance Comptoir et sépare exécution et contrôle","duration":1.7660999999498017,"failureMessages":[],"meta":{},"tags":[]},{"ancestorTitles":["plafond de permissions"],"fullName":"plafond de permissions applique les gabarits lecture et recommandé sans dépasser le plafond","status":"passed","title":"applique les gabarits lecture et recommandé sans dépasser le plafond","duration":0.8319999999948777,"failureMessages":[],"meta":{},"tags":[]}],"startTime":1788762641796,"endTime":1788762641814.832,"status":"passed","message":"","name":"F:/Development/SONASP/src/lib/accessControl.test.ts"},{"assertionResults":[{"ancestorTitles":["contrat du dossier artisan"],"fullName":"contrat du dossier artisan physique / exploitant","status":"passed","title":"physique / exploitant","duration":4.055799999972805,"failureMessages":[],"meta":{},"tags":[]},{"ancestorTitles":["contrat du dossier artisan"],"fullName":"contrat du dossier artisan physique / fournisseur","status":"passed","title":"physique / fournisseur","duration":0.5618000000249594,"failureMessages":[],"meta":{},"tags":[]},{"ancestorTitles":["contrat du dossier artisan"],"fullName":"contrat du dossier artisan physique / aide_exploitant","status":"passed","title":"physique / aide_exploitant","duration":0.40250000002561137,"failureMessages":[],"meta":{},"tags":[]},{"ancestorTitles":["contrat du dossier artisan"],"fullName":"contrat du dossier artisan physique / intermediaire","status":"passed","title":"physique / intermediaire","duration":0.3560999999754131,"failureMessages":[],"meta":{},"tags":[]},{"ancestorTitles":["contrat du dossier artisan"],"fullName":"contrat du dossier artisan morale / exploitant","status":"passed","title":"morale / exploitant","duration":0.5091000000247732,"failureMessages":[],"meta":{},"tags":[]},{"ancestorTitles":["contrat du dossier artisan"],"fullName":"contrat du dossier artisan morale / fournisseur","status":"passed","title":"morale / fournisseur","duration":0.2731999999959953,"failureMessages":[],"meta":{},"tags":[]},{"ancestorTitles":["contrat du dossier artisan"],"fullName":"contrat du dossier artisan morale / aide_exploitant","status":"passed","title":"morale / aide_exploitant","duration":0.26309999998193234,"failureMessages":[],"meta":{},"tags":[]},{"ancestorTitles":["contrat du dossier artisan"],"fullName":"contrat du dossier artisan morale / intermediaire","status":"passed","title":"morale / intermediaire","duration":0.23930000001564622,"failureMessages":[],"meta":{},"tags":[]},{"ancestorTitles":["contrat du dossier artisan"],"fullName":"contrat du dossier artisan mesure uniquement les obligations, avec les choix déjà renseignés","status":"passed","title":"mesure uniquement les obligations, avec les choix déjà renseignés","duration":1.5032000000355765,"failureMessages":[],"meta":{},"tags":[]},{"ancestorTitles":["contrat du dossier artisan"],"fullName":"contrat du dossier artisan exclut les champs et pièces de la branche inactive du payload","status":"passed","title":"exclut les champs et pièces de la branche inactive du payload","duration":2.7591999999713153,"failureMessages":[],"meta":{},"tags":[]},{"ancestorTitles":["contrat du dossier artisan"],"fullName":"contrat du dossier artisan ne confond pas le responsable avec l’artisan et respecte le choix WhatsApp","status":"passed","title":"ne confond pas le responsable avec l’artisan et respecte le choix WhatsApp","duration":0.7135999999591149,"failureMessages":[],"meta":{},"tags":[]},{"ancestorTitles":["contrat du dossier artisan"],"fullName":"contrat du dossier artisan un aide exige son exploitant, sans site direct","status":"passed","title":"un aide exige son exploitant, sans site direct","duration":0.44459999998798594,"failureMessages":[],"meta":{},"tags":[]},{"ancestorTitles":["contrat du dossier artisan"],"fullName":"contrat du dossier artisan rejette une naissance future et des dates incohérentes, sans interdire une pièce expirée","status":"passed","title":"rejette une naissance future et des dates incohérentes, sans interdire une pièce expirée","duration":0.44900000002235174,"failureMessages":[],"meta":{},"tags":[]},{"ancestorTitles":["contrat du dossier artisan"],"fullName":"contrat du dossier artisan préserve les collecteurs historiques et un sexe non renseigné","status":"passed","title":"préserve les collecteurs historiques et un sexe non renseigné","duration":0.2380000000121072,"failureMessages":[],"meta":{},"tags":[]}],"startTime":1788762691703,"endTime":1788762691716.449,"status":"passed","message":"","name":"F:/Development/SONASP/src/lib/artisanDossier.test.ts"},{"assertionResults":[{"ancestorTitles":["auditLog"],"fullName":"auditLog journalise une observation via la RPC sans écrire les tables d’audit","status":"passed","title":"journalise une observation via la RPC sans écrire les tables d’audit","duration":11.397699999972247,"failureMessages":[],"meta":{},"tags":[]},{"ancestorTitles":["auditLog"],"fullName":"auditLog borne les détails et laisse la fonction SQL dériver l’acteur courant","status":"passed","title":"borne les détails et laisse la fonction SQL dériver l’acteur courant","duration":1.9745000000111759,"failureMessages":[],"meta":{},"tags":[]}],"startTime":1788762663324,"endTime":1788762663337.9746,"status":"passed","message":"","name":"F:/Development/SONASP/src/lib/auditLog.test.ts"},{"assertionResults":[{"ancestorTitles":["capacités frontend"],"fullName":"capacités frontend utilise la matrice conservatrice seulement si le serveur est indisponible","status":"passed","title":"utilise la matrice conservatrice seulement si le serveur est indisponible","duration":3.2145000000018626,"failureMessages":[],"meta":{},"tags":[]},{"ancestorTitles":["capacités frontend"],"fullName":"capacités frontend respecte une liste serveur vide sans réintroduire les droits du rôle","status":"passed","title":"respecte une liste serveur vide sans réintroduire les droits du rôle","duration":1.217200000071898,"failureMessages":[],"meta":{},"tags":[]},{"ancestorTitles":["capacités frontend"],"fullName":"capacités frontend accorde toutes les capacités fonctionnelles au Owner actif","status":"passed","title":"accorde toutes les capacités fonctionnelles au Owner actif","duration":1.3362999999662861,"failureMessages":[],"meta":{},"tags":[]},{"ancestorTitles":["capacités frontend"],"fullName":"capacités frontend reflète exactement un override serveur ciblé","status":"passed","title":"reflète exactement un override serveur ciblé","duration":0.9716999999945983,"failureMessages":[],"meta":{},"tags":[]},{"ancestorTitles":["capacités frontend"],"fullName":"capacités frontend refuse toute capacité à un compte désactivé, même si elle est renvoyée","status":"passed","title":"refuse toute capacité à un compte désactivé, même si elle est renvoyée","duration":0.7767999999923632,"failureMessages":[],"meta":{},"tags":[]},{"ancestorTitles":["capacités frontend"],"fullName":"capacités frontend ne déduit jamais les capabilities artisan sensibles du seul rôle admin","status":"passed","title":"ne déduit jamais les capabilities artisan sensibles du seul rôle admin","duration":1.1408000000519678,"failureMessages":[],"meta":{},"tags":[]},{"ancestorTitles":["capacités frontend"],"fullName":"capacités frontend exige une capability autoritative même pour Owner sur une opération sensible","status":"passed","title":"exige une capability autoritative même pour Owner sur une opération sensible","duration":0.8083999999798834,"failureMessages":[],"meta":{},"tags":[]}],"startTime":1788762782702,"endTime":1788762782711.8083,"status":"passed","message":"","name":"F:/Development/SONASP/src/lib/capabilities.test.ts"},{"assertionResults":[{"ancestorTitles":["aperçu PDF de carte"],"fullName":"aperçu PDF de carte décode le PDF généré et produit un canevas aux dimensions attendues","status":"passed","title":"décode le PDF généré et produit un canevas aux dimensions attendues","duration":10.378800000005867,"failureMessages":[],"meta":{},"tags":[]},{"ancestorTitles":["aperçu PDF de carte"],"fullName":"aperçu PDF de carte libère le worker après un échec de rendu","status":"passed","title":"libère le worker après un échec de rendu","duration":5.215499999991152,"failureMessages":[],"meta":{},"tags":[]},{"ancestorTitles":["aperçu PDF de carte"],"fullName":"aperçu PDF de carte refuse une référence qui ne contient pas le PDF produit","status":"passed","title":"refuse une référence qui ne contient pas le PDF produit","duration":1.3096999999834225,"failureMessages":[],"meta":{},"tags":[]}],"startTime":1788762640370,"endTime":1788762640386.3098,"status":"passed","message":"","name":"F:/Development/SONASP/src/lib/cardPdfPreview.test.ts"},{"assertionResults":[{"ancestorTitles":["matrice d’accès du portail Collecteur"],"fullName":"matrice d’accès du portail Collecteur reconnaît la capacité serveur et lui donne priorité sur le Comptoir","status":"passed","title":"reconnaît la capacité serveur et lui donne priorité sur le Comptoir","duration":2.211699999985285,"failureMessages":[],"meta":{},"tags":[]},{"ancestorTitles":["matrice d’accès du portail Collecteur"],"fullName":"matrice d’accès du portail Collecteur autorise la consultation /portail-collecteur","status":"passed","title":"autorise la consultation /portail-collecteur","duration":1.080599999986589,"failureMessages":[],"meta":{},"tags":[]},{"ancestorTitles":["matrice d’accès du portail Collecteur"],"fullName":"matrice d’accès du portail Collecteur autorise la consultation /portail-collecteur/stock","status":"passed","title":"autorise la consultation /portail-collecteur/stock","duration":0.6184999999823049,"failureMessages":[],"meta":{},"tags":[]},{"ancestorTitles":["matrice d’accès du portail Collecteur"],"fullName":"matrice d’accès du portail Collecteur autorise la consultation /portail-collecteur/documents","status":"passed","title":"autorise la consultation /portail-collecteur/documents","duration":0.5632000000332482,"failureMessages":[],"meta":{},"tags":[]},{"ancestorTitles":["matrice d’accès du portail Collecteur"],"fullName":"matrice d’accès du portail Collecteur autorise la consultation /artisan-minier/liste","status":"passed","title":"autorise la consultation /artisan-minier/liste","duration":0.5482000000192784,"failureMessages":[],"meta":{},"tags":[]},{"ancestorTitles":["matrice d’accès du portail Collecteur"],"fullName":"matrice d’accès du portail Collecteur autorise la consultation /artisan-minier/ventes-or","status":"passed","title":"autorise la consultation /artisan-minier/ventes-or","duration":0.43399999995017424,"failureMessages":[],"meta":{},"tags":[]},{"ancestorTitles":["matrice d’accès du portail Collecteur"],"fullName":"matrice d’accès du portail Collecteur autorise la consultation /artisan-minier/paiements/historique","status":"passed","title":"autorise la consultation /artisan-minier/paiements/historique","duration":0.4342000000178814,"failureMessages":[],"meta":{},"tags":[]},{"ancestorTitles":["matrice d’accès du portail Collecteur"],"fullName":"matrice d’accès du portail Collecteur autorise la consultation /artisan-minier/rapports/taxes","status":"passed","title":"autorise la consultation /artisan-minier/rapports/taxes","duration":0.45559999998658895,"failureMessages":[],"meta":{},"tags":[]},{"ancestorTitles":["matrice d’accès du portail Collecteur"],"fullName":"matrice d’accès du portail Collecteur autorise la consultation /profile","status":"passed","title":"autorise la consultation /profile","duration":0.4489999999641441,"failureMessages":[],"meta":{},"tags":[]},{"ancestorTitles":["matrice d’accès du portail Collecteur"],"fullName":"matrice d’accès du portail Collecteur autorise la consultation /help","status":"passed","title":"autorise la consultation /help","duration":0.41999999998370185,"failureMessages":[],"meta":{},"tags":[]},{"ancestorTitles":["matrice d’accès du portail Collecteur"],"fullName":"matrice d’accès du portail Collecteur autorise la consultation /artisan-minier/123e4567-e89b-12d3-a456-426614174000","status":"passed","title":"autorise la consultation /artisan-minier/123e4567-e89b-12d3-a456-426614174000","duration":0.3842000000295229,"failureMessages":[],"meta":{},"tags":[]},{"ancestorTitles":["matrice d’accès du portail Collecteur"],"fullName":"matrice d’accès du portail Collecteur autorise la consultation /artisan-minier/ventes-or/123e4567-e89b-12d3-a456-426614174000","status":"passed","title":"autorise la consultation /artisan-minier/ventes-or/123e4567-e89b-12d3-a456-426614174000","duration":0.34240000002318993,"failureMessages":[],"meta":{},"tags":[]},{"ancestorTitles":["matrice d’accès du portail Collecteur"],"fullName":"matrice d’accès du portail Collecteur refuse l’opération hors périmètre /portail-comptoir","status":"passed","title":"refuse l’opération hors périmètre /portail-comptoir","duration":0.3581000000122003,"failureMessages":[],"meta":{},"tags":[]},{"ancestorTitles":["matrice d’accès du portail Collecteur"],"fullName":"matrice d’accès du portail Collecteur refuse l’opération hors périmètre /portail-comptoir/ventes-sonasp","status":"passed","title":"refuse l’opération hors périmètre /portail-comptoir/ventes-sonasp","duration":0.3331000000471249,"failureMessages":[],"meta":{},"tags":[]},{"ancestorTitles":["matrice d’accès du portail Collecteur"],"fullName":"matrice d’accès du portail Collecteur refuse l’opération hors périmètre /sales","status":"passed","title":"refuse l’opération hors périmètre /sales","duration":0.301500000001397,"failureMessages":[],"meta":{},"tags":[]},{"ancestorTitles":["matrice d’accès du portail Collecteur"],"fullName":"matrice d’accès du portail Collecteur refuse l’opération hors périmètre /gold-prices","status":"passed","title":"refuse l’opération hors périmètre /gold-prices","duration":0.293500000028871,"failureMessages":[],"meta":{},"tags":[]},{"ancestorTitles":["matrice d’accès du portail Collecteur"],"fullName":"matrice d’accès du portail Collecteur refuse l’opération hors périmètre /artisan-minier","status":"passed","title":"refuse l’opération hors périmètre /artisan-minier","duration":0.31060000002617016,"failureMessages":[],"meta":{},"tags":[]},{"ancestorTitles":["matrice d’accès du portail Collecteur"],"fullName":"matrice d’accès du portail Collecteur refuse l’opération hors périmètre /artisan-minier/ventes-or/nouvelle","status":"passed","title":"refuse l’opération hors périmètre /artisan-minier/ventes-or/nouvelle","duration":0.314200000022538,"failureMessages":[],"meta":{},"tags":[]},{"ancestorTitles":["matrice d’accès du portail Collecteur"],"fullName":"matrice d’accès du portail Collecteur refuse l’opération hors périmètre /artisan-minier/ventes-or/123e4567-e89b-12d3-a456-426614174000/modifier","status":"passed","title":"refuse l’opération hors périmètre /artisan-minier/ventes-or/123e4567-e89b-12d3-a456-426614174000/modifier","duration":0.3175000000046566,"failureMessages":[],"meta":{},"tags":[]},{"ancestorTitles":["matrice d’accès du portail Collecteur"],"fullName":"matrice d’accès du portail Collecteur refuse l’opération hors périmètre /artisan-minier/paiements","status":"passed","title":"refuse l’opération hors périmètre /artisan-minier/paiements","duration":0.33119999995687976,"failureMessages":[],"meta":{},"tags":[]},{"ancestorTitles":["matrice d’accès du portail Collecteur"],"fullName":"matrice d’accès du portail Collecteur refuse l’opération hors périmètre /artisan-minier/123e4567-e89b-12d3-a456-426614174000/infractions/nouvelle","status":"passed","title":"refuse l’opération hors périmètre /artisan-minier/123e4567-e89b-12d3-a456-426614174000/infractions/nouvelle","duration":0.3647000000346452,"failureMessages":[],"meta":{},"tags":[]}],"startTime":1788762633125,"endTime":1788762633135.3647,"status":"passed","message":"","name":"F:/Development/SONASP/src/lib/collectorAccess.test.ts"},{"assertionResults":[{"ancestorTitles":["périmètre du portail Comptoir"],"fullName":"périmètre du portail Comptoir exige le rôle partenaire et la capacité serveur","status":"passed","title":"exige le rôle partenaire et la capacité serveur","duration":3.0569999999715947,"failureMessages":[],"meta":{},"tags":[]},{"ancestorTitles":["périmètre du portail Comptoir"],"fullName":"périmètre du portail Comptoir autorise /portail-comptoir","status":"passed","title":"autorise /portail-comptoir","duration":1.7234000000171363,"failureMessages":[],"meta":{},"tags":[]},{"ancestorTitles":["périmètre du portail Comptoir"],"fullName":"périmètre du portail Comptoir autorise /portail-comptoir/stock","status":"passed","title":"autorise /portail-comptoir/stock","duration":0.9936999999918044,"failureMessages":[],"meta":{},"tags":[]},{"ancestorTitles":["périmètre du portail Comptoir"],"fullName":"périmètre du portail Comptoir autorise /artisan-minier/liste","status":"passed","title":"autorise /artisan-minier/liste","duration":1.5121999999973923,"failureMessages":[],"meta":{},"tags":[]},{"ancestorTitles":["périmètre du portail Comptoir"],"fullName":"périmètre du portail Comptoir autorise /artisan-minier/ventes-or/nouvelle","status":"passed","title":"autorise /artisan-minier/ventes-or/nouvelle","duration":1.0407999999588355,"failureMessages":[],"meta":{},"tags":[]},{"ancestorTitles":["périmètre du portail Comptoir"],"fullName":"périmètre du portail Comptoir autorise /artisan-minier/ventes-or/123/facture","status":"passed","title":"autorise /artisan-minier/ventes-or/123/facture","duration":0.6817000000155531,"failureMessages":[],"meta":{},"tags":[]},{"ancestorTitles":["périmètre du portail Comptoir"],"fullName":"périmètre du portail Comptoir autorise /artisan-minier/paiements/historique","status":"passed","title":"autorise /artisan-minier/paiements/historique","duration":0.7552000000141561,"failureMessages":[],"meta":{},"tags":[]},{"ancestorTitles":["périmètre du portail Comptoir"],"fullName":"périmètre du portail Comptoir autorise /artisan-minier/rapports/taxes","status":"passed","title":"autorise /artisan-minier/rapports/taxes","duration":0.6287000000011176,"failureMessages":[],"meta":{},"tags":[]},{"ancestorTitles":["périmètre du portail Comptoir"],"fullName":"périmètre du portail Comptoir autorise /artisan-minier/123e4567-e89b-12d3-a456-426614174000","status":"passed","title":"autorise /artisan-minier/123e4567-e89b-12d3-a456-426614174000","duration":0.6001999999862164,"failureMessages":[],"meta":{},"tags":[]},{"ancestorTitles":["périmètre du portail Comptoir"],"fullName":"périmètre du portail Comptoir refuse /sales","status":"passed","title":"refuse /sales","duration":0.66980000003241,"failureMessages":[],"meta":{},"tags":[]},{"ancestorTitles":["périmètre du portail Comptoir"],"fullName":"périmètre du portail Comptoir refuse /gold-prices","status":"passed","title":"refuse /gold-prices","duration":0.44289999996544793,"failureMessages":[],"meta":{},"tags":[]},{"ancestorTitles":["périmètre du portail Comptoir"],"fullName":"périmètre du portail Comptoir refuse /production/licenses","status":"passed","title":"refuse /production/licenses","duration":0.40700000000651926,"failureMessages":[],"meta":{},"tags":[]},{"ancestorTitles":["périmètre du portail Comptoir"],"fullName":"périmètre du portail Comptoir refuse /shipping/preparation","status":"passed","title":"refuse /shipping/preparation","duration":0.3831999999820255,"failureMessages":[],"meta":{},"tags":[]},{"ancestorTitles":["périmètre du portail Comptoir"],"fullName":"périmètre du portail Comptoir refuse /artisan-minier/123e4567-e89b-12d3-a456-426614174000/edit","status":"passed","title":"refuse /artisan-minier/123e4567-e89b-12d3-a456-426614174000/edit","duration":0.47249999997438863,"failureMessages":[],"meta":{},"tags":[]},{"ancestorTitles":["périmètre du portail Comptoir"],"fullName":"périmètre du portail Comptoir refuse /artisan-minier/cartes/validation","status":"passed","title":"refuse /artisan-minier/cartes/validation","duration":0.42639999999664724,"failureMessages":[],"meta":{},"tags":[]},{"ancestorTitles":["périmètre du portail Comptoir"],"fullName":"périmètre du portail Comptoir refuse /users","status":"passed","title":"refuse /users","duration":0.37569999997504056,"failureMessages":[],"meta":{},"tags":[]},{"ancestorTitles":["périmètre du portail Comptoir"],"fullName":"périmètre du portail Comptoir refuse /admin/modules","status":"passed","title":"refuse /admin/modules","duration":0.36719999997876585,"failureMessages":[],"meta":{},"tags":[]}],"startTime":1788762610397,"endTime":1788762610412.3672,"status":"passed","message":"","name":"F:/Development/SONASP/src/lib/comptoirAccess.test.ts"},{"assertionResults":[{"ancestorTitles":["Libellés des pays clients"],"fullName":"Libellés des pays clients traduit les libellés sans changer les valeurs du contrat existant","status":"passed","title":"traduit les libellés sans changer les valeurs du contrat existant","duration":5.639700000057928,"failureMessages":[],"meta":{},"tags":[]},{"ancestorTitles":["Libellés des pays clients"],"fullName":"Libellés des pays clients préserve les libellés historiques français et les valeurs hors catalogue","status":"passed","title":"préserve les libellés historiques français et les valeurs hors catalogue","duration":0.9585000000661239,"failureMessages":[],"meta":{},"tags":[]}],"startTime":1788762794716,"endTime":1788762794722.9585,"status":"passed","message":"","name":"F:/Development/SONASP/src/lib/customerCountryLabels.test.ts"},{"assertionResults":[{"ancestorTitles":["règles du tableau fiscal DGI"],"fullName":"règles du tableau fiscal DGI calcule le reste, le taux et la tendance sans propager NaN","status":"passed","title":"calcule le reste, le taux et la tendance sans propager NaN","duration":7.677700000000186,"failureMessages":[],"meta":{},"tags":[]},{"ancestorTitles":["règles du tableau fiscal DGI"],"fullName":"règles du tableau fiscal DGI formate les valeurs sans inventer un zéro quand elles manquent","status":"passed","title":"formate les valeurs sans inventer un zéro quand elles manquent","duration":1.6018000000040047,"failureMessages":[],"meta":{},"tags":[]},{"ancestorTitles":["règles du tableau fiscal DGI"],"fullName":"règles du tableau fiscal DGI centralise le libellé de performance et respecte un objectif configuré","status":"passed","title":"centralise le libellé de performance et respecte un objectif configuré","duration":0.8212000000057742,"failureMessages":[],"meta":{},"tags":[]},{"ancestorTitles":["règles du tableau fiscal DGI"],"fullName":"règles du tableau fiscal DGI exporte exclusivement les données effectivement reçues","status":"passed","title":"exporte exclusivement les données effectivement reçues","duration":1.982999999949243,"failureMessages":[],"meta":{},"tags":[]}],"startTime":1788762717144,"endTime":1788762717156.983,"status":"passed","message":"","name":"F:/Development/SONASP/src/lib/dgiFiscalDashboard.test.ts"},{"assertionResults":[{"ancestorTitles":["calculs du tableau réglementaire DGMG"],"fullName":"calculs du tableau réglementaire DGMG calcule un taux de conformité borné à partir des seules classes connues","status":"passed","title":"calcule un taux de conformité borné à partir des seules classes connues","duration":6.9799999999813735,"failureMessages":[],"meta":{},"tags":[]},{"ancestorTitles":["calculs du tableau réglementaire DGMG"],"fullName":"calculs du tableau réglementaire DGMG protège la division par zéro, les absences et les valeurs négatives","status":"passed","title":"protège la division par zéro, les absences et les valeurs négatives","duration":1.8212999999523163,"failureMessages":[],"meta":{},"tags":[]},{"ancestorTitles":["calculs du tableau réglementaire DGMG"],"fullName":"calculs du tableau réglementaire DGMG formate la masse sans confondre zéro et absence","status":"passed","title":"formate la masse sans confondre zéro et absence","duration":2.095499999995809,"failureMessages":[],"meta":{},"tags":[]},{"ancestorTitles":["calculs du tableau réglementaire DGMG"],"fullName":"calculs du tableau réglementaire DGMG exporte uniquement les valeurs présentes dans le contrat normalisé","status":"passed","title":"exporte uniquement les valeurs présentes dans le contrat normalisé","duration":1.8785999999963678,"failureMessages":[],"meta":{},"tags":[]}],"startTime":1788762754987,"endTime":1788762755000.8787,"status":"passed","message":"","name":"F:/Development/SONASP/src/lib/dgmgRegulatoryDashboard.test.ts"},{"assertionResults":[{"ancestorTitles":["evaluateEffectiveAccess"],"fullName":"evaluateEffectiveAccess autorise uniquement lorsque tous les plafonds sont ouverts","status":"passed","title":"autorise uniquement lorsque tous les plafonds sont ouverts","duration":3.609699999971781,"failureMessages":[],"meta":{},"tags":[]},{"ancestorTitles":["evaluateEffectiveAccess"],"fullName":"evaluateEffectiveAccess refuse par défaut lorsque accountActive est fermé","status":"passed","title":"refuse par défaut lorsque accountActive est fermé","duration":0.8831000000354834,"failureMessages":[],"meta":{},"tags":[]},{"ancestorTitles":["evaluateEffectiveAccess"],"fullName":"evaluateEffectiveAccess refuse par défaut lorsque sessionActive est fermé","status":"passed","title":"refuse par défaut lorsque sessionActive est fermé","duration":0.4425000000046566,"failureMessages":[],"meta":{},"tags":[]},{"ancestorTitles":["evaluateEffectiveAccess"],"fullName":"evaluateEffectiveAccess refuse par défaut lorsque portalActive est fermé","status":"passed","title":"refuse par défaut lorsque portalActive est fermé","duration":0.35610000003362074,"failureMessages":[],"meta":{},"tags":[]},{"ancestorTitles":["evaluateEffectiveAccess"],"fullName":"evaluateEffectiveAccess refuse par défaut lorsque roleActive est fermé","status":"passed","title":"refuse par défaut lorsque roleActive est fermé","duration":0.2780999999959022,"failureMessages":[],"meta":{},"tags":[]},{"ancestorTitles":["evaluateEffectiveAccess"],"fullName":"evaluateEffectiveAccess refuse par défaut lorsque roleBelongsToPortal est fermé","status":"passed","title":"refuse par défaut lorsque roleBelongsToPortal est fermé","duration":0.2910000000265427,"failureMessages":[],"meta":{},"tags":[]},{"ancestorTitles":["evaluateEffectiveAccess"],"fullName":"evaluateEffectiveAccess refuse par défaut lorsque moduleGloballyActive est fermé","status":"passed","title":"refuse par défaut lorsque moduleGloballyActive est fermé","duration":0.23149999999441206,"failureMessages":[],"meta":{},"tags":[]},{"ancestorTitles":["evaluateEffectiveAccess"],"fullName":"evaluateEffectiveAccess refuse par défaut lorsque moduleActiveForPortal est fermé","status":"passed","title":"refuse par défaut lorsque moduleActiveForPortal est fermé","duration":0.20260000001871958,"failureMessages":[],"meta":{},"tags":[]},{"ancestorTitles":["evaluateEffectiveAccess"],"fullName":"evaluateEffectiveAccess refuse par défaut lorsque moduleActiveForRole est fermé","status":"passed","title":"refuse par défaut lorsque moduleActiveForRole est fermé","duration":0.21330000000307336,"failureMessages":[],"meta":{},"tags":[]},{"ancestorTitles":["evaluateEffectiveAccess"],"fullName":"evaluateEffectiveAccess refuse par défaut lorsque permissionApplicable est fermé","status":"passed","title":"refuse par défaut lorsque permissionApplicable est fermé","duration":0.27389999997103587,"failureMessages":[],"meta":{},"tags":[]},{"ancestorTitles":["evaluateEffectiveAccess"],"fullName":"evaluateEffectiveAccess refuse par défaut lorsque permissionGrantedToRole est fermé","status":"passed","title":"refuse par défaut lorsque permissionGrantedToRole est fermé","duration":0.18520000000717118,"failureMessages":[],"meta":{},"tags":[]},{"ancestorTitles":["evaluateEffectiveAccess"],"fullName":"evaluateEffectiveAccess refuse par défaut lorsque individualGrantWithinCeiling est fermé","status":"passed","title":"refuse par défaut lorsque individualGrantWithinCeiling est fermé","duration":0.21899999998277053,"failureMessages":[],"meta":{},"tags":[]},{"ancestorTitles":["evaluateEffectiveAccess"],"fullName":"evaluateEffectiveAccess fait toujours primer une restriction individuelle","status":"passed","title":"fait toujours primer une restriction individuelle","duration":1.2730999999912456,"failureMessages":[],"meta":{},"tags":[]}],"startTime":1788762666137,"endTime":1788762666145.2732,"status":"passed","message":"","name":"F:/Development/SONASP/src/lib/effectiveAccess.test.ts"},{"assertionResults":[{"ancestorTitles":["excelExport"],"fullName":"excelExport génère un classeur xlsx sans parser de contenu externe","status":"passed","title":"génère un classeur xlsx sans parser de contenu externe","duration":369.5513000000501,"failureMessages":[],"meta":{},"tags":[]}],"startTime":1788762522691,"endTime":1788762523060.5513,"status":"passed","message":"","name":"F:/Development/SONASP/src/lib/excelExport.test.ts"},{"assertionResults":[{"ancestorTitles":["freightCustomsAccess"],"fullName":"freightCustomsAccess reste fail-closed sans liste autoritative de capacités, y compris pour owner","status":"passed","title":"reste fail-closed sans liste autoritative de capacités, y compris pour owner","duration":5.014699999999721,"failureMessages":[],"meta":{},"tags":[]},{"ancestorTitles":["freightCustomsAccess"],"fullName":"freightCustomsAccess n’expose qu’une étape suivante canonique","status":"passed","title":"n’expose qu’une étape suivante canonique","duration":1.6520000000018626,"failureMessages":[],"meta":{},"tags":[]},{"ancestorTitles":["freightCustomsAccess"],"fullName":"freightCustomsAccess autorise l’historique tenant d’une mine seulement via la capacité autoritative","status":"passed","title":"autorise l’historique tenant d’une mine seulement via la capacité autoritative","duration":1.2422000000369735,"failureMessages":[],"meta":{},"tags":[]},{"ancestorTitles":["freightCustomsAccess"],"fullName":"freightCustomsAccess refuse l’auto-approbation même avec la capacité adéquate","status":"passed","title":"refuse l’auto-approbation même avec la capacité adéquate","duration":1.20150000002468,"failureMessages":[],"meta":{},"tags":[]},{"ancestorTitles":["freightCustomsAccess"],"fullName":"freightCustomsAccess autorise un approbateur distinct disposant de la capacité AAL2","status":"passed","title":"autorise un approbateur distinct disposant de la capacité AAL2","duration":1.4695000000065193,"failureMessages":[],"meta":{},"tags":[]},{"ancestorTitles":["freightCustomsAccess"],"fullName":"freightCustomsAccess refuse à l’approbateur de préparer puis de constater seul le départ","status":"passed","title":"refuse à l’approbateur de préparer puis de constater seul le départ","duration":0.49020000000018626,"failureMessages":[],"meta":{},"tags":[]}],"startTime":1788762684908,"endTime":1788762684919.4902,"status":"passed","message":"","name":"F:/Development/SONASP/src/lib/freightCustomsAccess.test.ts"},{"assertionResults":[{"ancestorTitles":["stabilité de la plateforme locale"],"fullName":"stabilité de la plateforme locale reconstruit la version locale avant de la servir sans client HMR","status":"passed","title":"reconstruit la version locale avant de la servir sans client HMR","duration":3.616600000008475,"failureMessages":[],"meta":{},"tags":[]},{"ancestorTitles":["stabilité de la plateforme locale"],"fullName":"stabilité de la plateforme locale réserve le port habituel à la plateforme stable et isole le développement","status":"passed","title":"réserve le port habituel à la plateforme stable et isole le développement","duration":5.1032000000122935,"failureMessages":[],"meta":{},"tags":[]}],"startTime":1788762727530,"endTime":1788762727539.1033,"status":"passed","message":"","name":"F:/Development/SONASP/src/lib/localRuntimeConfig.test.ts"},{"assertionResults":[{"ancestorTitles":["matrice d’accès du portail Mine"],"fullName":"matrice d’accès du portail Mine reconnaît le périmètre par le rattachement, y compris pour un rôle historique customer","status":"passed","title":"reconnaît le périmètre par le rattachement, y compris pour un rôle historique customer","duration":2.8086999999941327,"failureMessages":[],"meta":{},"tags":[]},{"ancestorTitles":["matrice d’accès du portail Mine"],"fullName":"matrice d’accès du portail Mine considère la liste explicite de capacités comme autoritative","status":"passed","title":"considère la liste explicite de capacités comme autoritative","duration":0.45809999998891726,"failureMessages":[],"meta":{},"tags":[]},{"ancestorTitles":["matrice d’accès du portail Mine"],"fullName":"matrice d’accès du portail Mine autorise /production/daily","status":"passed","title":"autorise /production/daily","duration":1.3408000000054017,"failureMessages":[],"meta":{},"tags":[]},{"ancestorTitles":["matrice d’accès du portail Mine"],"fullName":"matrice d’accès du portail Mine autorise /production/in-safe","status":"passed","title":"autorise /production/in-safe","duration":0.7643999999854714,"failureMessages":[],"meta":{},"tags":[]},{"ancestorTitles":["matrice d’accès du portail Mine"],"fullName":"matrice d’accès du portail Mine autorise /production/licenses/123","status":"passed","title":"autorise /production/licenses/123","duration":0.6331999999820255,"failureMessages":[],"meta":{},"tags":[]},{"ancestorTitles":["matrice d’accès du portail Mine"],"fullName":"matrice d’accès du portail Mine autorise /performance/budgets","status":"passed","title":"autorise /performance/budgets","duration":0.49160000000847504,"failureMessages":[],"meta":{},"tags":[]},{"ancestorTitles":["matrice d’accès du portail Mine"],"fullName":"matrice d’accès du portail Mine autorise /performance/forecasts","status":"passed","title":"autorise /performance/forecasts","duration":0.5344000000040978,"failureMessages":[],"meta":{},"tags":[]},{"ancestorTitles":["matrice d’accès du portail Mine"],"fullName":"matrice d’accès du portail Mine autorise /shipping","status":"passed","title":"autorise /shipping","duration":0.5688000000081956,"failureMessages":[],"meta":{},"tags":[]},{"ancestorTitles":["matrice d’accès du portail Mine"],"fullName":"matrice d’accès du portail Mine autorise /shipping/preparation/new","status":"passed","title":"autorise /shipping/preparation/new","duration":0.5664000000106171,"failureMessages":[],"meta":{},"tags":[]},{"ancestorTitles":["matrice d’accès du portail Mine"],"fullName":"matrice d’accès du portail Mine autorise /refining","status":"passed","title":"autorise /refining","duration":0.5345000000088476,"failureMessages":[],"meta":{},"tags":[]},{"ancestorTitles":["matrice d’accès du portail Mine"],"fullName":"matrice d’accès du portail Mine autorise /inventory","status":"passed","title":"autorise /inventory","duration":0.42889999999897555,"failureMessages":[],"meta":{},"tags":[]},{"ancestorTitles":["matrice d’accès du portail Mine"],"fullName":"matrice d’accès du portail Mine autorise /sales/new","status":"passed","title":"autorise /sales/new","duration":0.4237999999895692,"failureMessages":[],"meta":{},"tags":[]},{"ancestorTitles":["matrice d’accès du portail Mine"],"fullName":"matrice d’accès du portail Mine autorise /stakeholders/depositors/new","status":"passed","title":"autorise /stakeholders/depositors/new","duration":0.4421999999904074,"failureMessages":[],"meta":{},"tags":[]},{"ancestorTitles":["matrice d’accès du portail Mine"],"fullName":"matrice d’accès du portail Mine autorise /contrats/nouveau","status":"passed","title":"autorise /contrats/nouveau","duration":0.7147000000113621,"failureMessages":[],"meta":{},"tags":[]},{"ancestorTitles":["matrice d’accès du portail Mine"],"fullName":"matrice d’accès du portail Mine autorise /contrats/123","status":"passed","title":"autorise /contrats/123","duration":0.8548000000300817,"failureMessages":[],"meta":{},"tags":[]},{"ancestorTitles":["matrice d’accès du portail Mine"],"fullName":"matrice d’accès du portail Mine autorise /requisitions/123","status":"passed","title":"autorise /requisitions/123","duration":0.8044999999692664,"failureMessages":[],"meta":{},"tags":[]},{"ancestorTitles":["matrice d’accès du portail Mine"],"fullName":"matrice d’accès du portail Mine autorise /achats/reglements","status":"passed","title":"autorise /achats/reglements","duration":0.4684999999590218,"failureMessages":[],"meta":{},"tags":[]},{"ancestorTitles":["matrice d’accès du portail Mine"],"fullName":"matrice d’accès du portail Mine refuse /production/achats-mines","status":"passed","title":"refuse /production/achats-mines","duration":0.8086999999941327,"failureMessages":[],"meta":{},"tags":[]},{"ancestorTitles":["matrice d’accès du portail Mine"],"fullName":"matrice d’accès du portail Mine refuse /achats/plans","status":"passed","title":"refuse /achats/plans","duration":0.648700000019744,"failureMessages":[],"meta":{},"tags":[]},{"ancestorTitles":["matrice d’accès du portail Mine"],"fullName":"matrice d’accès du portail Mine refuse /achats/comptes","status":"passed","title":"refuse /achats/comptes","duration":0.7558999999891967,"failureMessages":[],"meta":{},"tags":[]},{"ancestorTitles":["matrice d’accès du portail Mine"],"fullName":"matrice d’accès du portail Mine refuse /inventory/add","status":"passed","title":"refuse /inventory/add","duration":0.7785000000149012,"failureMessages":[],"meta":{},"tags":[]},{"ancestorTitles":["matrice d’accès du portail Mine"],"fullName":"matrice d’accès du portail Mine refuse /sales/approve/123","status":"passed","title":"refuse /sales/approve/123","duration":0.5645999999833293,"failureMessages":[],"meta":{},"tags":[]},{"ancestorTitles":["matrice d’accès du portail Mine"],"fullName":"matrice d’accès du portail Mine refuse /admin/users","status":"passed","title":"refuse /admin/users","duration":0.5729000000283122,"failureMessages":[],"meta":{},"tags":[]},{"ancestorTitles":["matrice d’accès du portail Mine"],"fullName":"matrice d’accès du portail Mine refuse /contrats/contrat-1/modifier","status":"passed","title":"refuse /contrats/contrat-1/modifier","duration":0.6847999999881722,"failureMessages":[],"meta":{},"tags":[]},{"ancestorTitles":["matrice d’accès du portail Mine"],"fullName":"matrice d’accès du portail Mine refuse /requisitions/req-1/modifier","status":"passed","title":"refuse /requisitions/req-1/modifier","duration":0.5547999999835156,"failureMessages":[],"meta":{},"tags":[]},{"ancestorTitles":["matrice d’accès du portail Mine"],"fullName":"matrice d’accès du portail Mine refuse /production/licenses/edit/licence-1","status":"passed","title":"refuse /production/licenses/edit/licence-1","duration":0.44160000002011657,"failureMessages":[],"meta":{},"tags":[]}],"startTime":1788762610357,"endTime":1788762610376.5547,"status":"passed","message":"","name":"F:/Development/SONASP/src/lib/mineAccess.test.ts"},{"assertionResults":[{"ancestorTitles":["permissions Owner"],"fullName":"permissions Owner accorde au Owner actif toutes les permissions et tous les sites","status":"passed","title":"accorde au Owner actif toutes les permissions et tous les sites","duration":3.5261000000173226,"failureMessages":[],"meta":{},"tags":[]},{"ancestorTitles":["permissions Owner"],"fullName":"permissions Owner ne contourne pas la désactivation du compte","status":"passed","title":"ne contourne pas la désactivation du compte","duration":3.3733999999822117,"failureMessages":[],"meta":{},"tags":[]},{"ancestorTitles":["permissions Owner"],"fullName":"permissions Owner limite l’administrateur au socle sans le rendre propriétaire ni acteur métier","status":"passed","title":"limite l’administrateur au socle sans le rendre propriétaire ni acteur métier","duration":0.7792999999946915,"failureMessages":[],"meta":{},"tags":[]},{"ancestorTitles":["permissions Owner"],"fullName":"permissions Owner dirige tout représentant de mine vers le portail dédié","status":"passed","title":"dirige tout représentant de mine vers le portail dédié","duration":0.6182000000262633,"failureMessages":[],"meta":{},"tags":[]},{"ancestorTitles":["permissions Owner"],"fullName":"permissions Owner réserve au Manager un portail consultatif distinct","status":"passed","title":"réserve au Manager un portail consultatif distinct","duration":0.7199000000255182,"failureMessages":[],"meta":{},"tags":[]},{"ancestorTitles":["permissions Owner"],"fullName":"permissions Owner isole strictement les permissions de chaque domaine fonctionnel","status":"passed","title":"isole strictement les permissions de chaque domaine fonctionnel","duration":0.5120999999926426,"failureMessages":[],"meta":{},"tags":[]},{"ancestorTitles":["permissions Owner"],"fullName":"permissions Owner n’utilise aucune valeur de permission ambiguë ou dupliquée","status":"passed","title":"n’utilise aucune valeur de permission ambiguë ou dupliquée","duration":0.2782000000006519,"failureMessages":[],"meta":{},"tags":[]}],"startTime":1788762761415,"endTime":1788762761425.5122,"status":"passed","message":"","name":"F:/Development/SONASP/src/lib/permissions.test.ts"},{"assertionResults":[{"ancestorTitles":["catalogue fonctionnel des modules"],"fullName":"catalogue fonctionnel des modules rattache chaque groupe visuel à un module canonique sans dupliquer les permissions","status":"passed","title":"rattache chaque groupe visuel à un module canonique sans dupliquer les permissions","duration":8.224600000015926,"failureMessages":[],"meta":{},"tags":[]},{"ancestorTitles":["catalogue fonctionnel des modules"],"fullName":"catalogue fonctionnel des modules interdit les codes ou rattachements de navigation en doublon","status":"passed","title":"interdit les codes ou rattachements de navigation en doublon","duration":0.4367999999667518,"failureMessages":[],"meta":{},"tags":[]},{"ancestorTitles":["catalogue fonctionnel des modules"],"fullName":"catalogue fonctionnel des modules sépare la gouvernance des accès de l’administration technique","status":"passed","title":"sépare la gouvernance des accès de l’administration technique","duration":1.6007000000099652,"failureMessages":[],"meta":{},"tags":[]},{"ancestorTitles":["catalogue fonctionnel des modules"],"fullName":"catalogue fonctionnel des modules masque un sous-module Administration pour les autres rôles, mais jamais pour le Owner","status":"passed","title":"masque un sous-module Administration pour les autres rôles, mais jamais pour le Owner","duration":32.38859999994747,"failureMessages":[],"meta":{},"tags":[]},{"ancestorTitles":["catalogue fonctionnel des modules"],"fullName":"catalogue fonctionnel des modules expose séparément les stocks et la Réserve nationale au Owner actif","status":"passed","title":"expose séparément les stocks et la Réserve nationale au Owner actif","duration":1.1111999999848194,"failureMessages":[],"meta":{},"tags":[]},{"ancestorTitles":["catalogue fonctionnel des modules"],"fullName":"catalogue fonctionnel des modules ne masque pas les contrats et paiements d’un module attribué à Admin à cause d’un domaine secondaire","status":"passed","title":"ne masque pas les contrats et paiements d’un module attribué à Admin à cause d’un domaine secondaire","duration":27.096100000024308,"failureMessages":[],"meta":{},"tags":[]},{"ancestorTitles":["catalogue fonctionnel des modules"],"fullName":"catalogue fonctionnel des modules retire un module masqué pour les autres rôles et conserve l’accès Owner","status":"passed","title":"retire un module masqué pour les autres rôles et conserve l’accès Owner","duration":18.026799999992363,"failureMessages":[],"meta":{},"tags":[]},{"ancestorTitles":["catalogue fonctionnel des modules"],"fullName":"catalogue fonctionnel des modules rattache chaque famille de routes au bon module canonique","status":"passed","title":"rattache chaque famille de routes au bon module canonique","duration":0.4094999999506399,"failureMessages":[],"meta":{},"tags":[]}],"startTime":1788762575142,"endTime":1788762575231.4094,"status":"passed","message":"","name":"F:/Development/SONASP/src/lib/platformModuleCatalog.test.ts"},{"assertionResults":[{"ancestorTitles":["presentError"],"fullName":"presentError classifies PGRST201 without leaking diagnostics","status":"passed","title":"classifies PGRST201 without leaking diagnostics","duration":6.619800000044052,"failureMessages":[],"meta":{},"tags":[]},{"ancestorTitles":["presentError"],"fullName":"presentError classifies 42501 without leaking diagnostics","status":"passed","title":"classifies 42501 without leaking diagnostics","duration":1.5932000000029802,"failureMessages":[],"meta":{},"tags":[]},{"ancestorTitles":["presentError"],"fullName":"presentError classifies 23505 without leaking diagnostics","status":"passed","title":"classifies 23505 without leaking diagnostics","duration":0.9945999999763444,"failureMessages":[],"meta":{},"tags":[]},{"ancestorTitles":["presentError"],"fullName":"presentError classifies 40001 without leaking diagnostics","status":"passed","title":"classifies 40001 without leaking diagnostics","duration":0.5429000000003725,"failureMessages":[],"meta":{},"tags":[]},{"ancestorTitles":["presentError"],"fullName":"presentError handles unknown errors without suggesting an automatic save retry","status":"passed","title":"handles unknown errors without suggesting an automatic save retry","duration":0.8292000000365078,"failureMessages":[],"meta":{},"tags":[]},{"ancestorTitles":["presentError"],"fullName":"presentError presents user-facing errors in institutional French","status":"passed","title":"presents user-facing errors in institutional French","duration":2.0938000000314787,"failureMessages":[],"meta":{},"tags":[]}],"startTime":1788762732549,"endTime":1788762732562.0938,"status":"passed","message":"","name":"F:/Development/SONASP/src/lib/presentError.test.ts"},{"assertionResults":[{"ancestorTitles":["références de stockage privé"],"fullName":"références de stockage privé canonicalise prep-1/document.pdf","status":"passed","title":"canonicalise prep-1/document.pdf","duration":3.9064000000362284,"failureMessages":[],"meta":{},"tags":[]},{"ancestorTitles":["références de stockage privé"],"fullName":"références de stockage privé canonicalise shipping-documents/prep-1/document.pdf","status":"passed","title":"canonicalise shipping-documents/prep-1/document.pdf","duration":0.6834999999846332,"failureMessages":[],"meta":{},"tags":[]},{"ancestorTitles":["références de stockage privé"],"fullName":"références de stockage privé canonicalise shipping-documents/shipping-documents/prep-1/document.pdf","status":"passed","title":"canonicalise shipping-documents/shipping-documents/prep-1/document.pdf","duration":0.663399999961257,"failureMessages":[],"meta":{},"tags":[]},{"ancestorTitles":["références de stockage privé"],"fullName":"références de stockage privé canonicalise https://projet.supabase.co/storage/v1/object/public/shipping-documents/prep-1/document.pdf?download=1","status":"passed","title":"canonicalise https://projet.supabase.co/storage/v1/object/public/shipping-documents/prep-1/document.pdf?download=1","duration":0.5063000000081956,"failureMessages":[],"meta":{},"tags":[]},{"ancestorTitles":["références de stockage privé"],"fullName":"références de stockage privé canonicalise https://projet.supabase.co/storage/v1/object/sign/shipping-documents/shipping-documents/prep-1/Packing%20List.pdf?token=secret","status":"passed","title":"canonicalise https://projet.supabase.co/storage/v1/object/sign/shipping-documents/shipping-documents/prep-1/Packing%20List.pdf?token=secret","duration":0.32289999997010455,"failureMessages":[],"meta":{},"tags":[]},{"ancestorTitles":["références de stockage privé"],"fullName":"références de stockage privé refuse le mauvais bucket, les URL ordinaires et la traversée encodée","status":"passed","title":"refuse le mauvais bucket, les URL ordinaires et la traversée encodée","duration":0.7888999999850057,"failureMessages":[],"meta":{},"tags":[]},{"ancestorTitles":["références de stockage privé"],"fullName":"références de stockage privé respecte la casse du bucket de certificats et canonicalise le bucket mine","status":"passed","title":"respecte la casse du bucket de certificats et canonicalise le bucket mine","duration":0.6194000000250526,"failureMessages":[],"meta":{},"tags":[]},{"ancestorTitles":["références de stockage privé"],"fullName":"références de stockage privé signe uniquement le chemin canonique et borne la durée","status":"passed","title":"signe uniquement le chemin canonique et borne la durée","duration":4.217599999974482,"failureMessages":[],"meta":{},"tags":[]},{"ancestorTitles":["références de stockage privé"],"fullName":"références de stockage privé échoue fermé lorsque la signature est refusée","status":"passed","title":"échoue fermé lorsque la signature est refusée","duration":2.0001000000047497,"failureMessages":[],"meta":{},"tags":[]}],"startTime":1788762627667,"endTime":1788762627681,"status":"passed","message":"","name":"F:/Development/SONASP/src/lib/privateStorage.test.ts"},{"assertionResults":[{"ancestorTitles":["configuration de transition PWA"],"fullName":"configuration de transition PWA produit un identifiant atomique inclus dans le manifeste Workbox","status":"passed","title":"produit un identifiant atomique inclus dans le manifeste Workbox","duration":2.492999999958556,"failureMessages":[],"meta":{},"tags":[]},{"ancestorTitles":["configuration de transition PWA"],"fullName":"configuration de transition PWA maintient le worker en attente d’un geste explicite","status":"passed","title":"maintient le worker en attente d’un geste explicite","duration":1.2967000000062399,"failureMessages":[],"meta":{},"tags":[]},{"ancestorTitles":["configuration de transition PWA"],"fullName":"configuration de transition PWA délègue le contrôle du reload au garde local inter-onglets","status":"passed","title":"délègue le contrôle du reload au garde local inter-onglets","duration":1.6202000000048429,"failureMessages":[],"meta":{},"tags":[]}],"startTime":1788762686928,"endTime":1788762686933.62,"status":"passed","message":"","name":"F:/Development/SONASP/src/lib/pwaConfig.test.ts"},{"assertionResults":[{"ancestorTitles":["cycle réseau et version PWA"],"fullName":"cycle réseau et version PWA déduit online/offline uniquement du signal navigateur","status":"passed","title":"déduit online/offline uniquement du signal navigateur","duration":5.304999999993015,"failureMessages":[],"meta":{},"tags":[]},{"ancestorTitles":["cycle réseau et version PWA"],"fullName":"cycle réseau et version PWA vérifie une version sans activer le worker ni recharger la page","status":"passed","title":"vérifie une version sans activer le worker ni recharger la page","duration":5.831100000010338,"failureMessages":[],"meta":{},"tags":[]},{"ancestorTitles":["cycle réseau et version PWA"],"fullName":"cycle réseau et version PWA conserve l’état online lorsqu’un contrôle de version échoue","status":"passed","title":"conserve l’état online lorsqu’un contrôle de version échoue","duration":1.1723999999812804,"failureMessages":[],"meta":{},"tags":[]}],"startTime":1788762712067,"endTime":1788762712080.1724,"status":"passed","message":"","name":"F:/Development/SONASP/src/lib/pwaUpdate.test.ts"},{"assertionResults":[{"ancestorTitles":["hiérarchie d’administration des comptes"],"fullName":"hiérarchie d’administration des comptes réserve l’attribution du rôle Propriétaire à un Owner","status":"passed","title":"réserve l’attribution du rôle Propriétaire à un Owner","duration":5.325099999958184,"failureMessages":[],"meta":{},"tags":[]},{"ancestorTitles":["hiérarchie d’administration des comptes"],"fullName":"hiérarchie d’administration des comptes interdit la création d’un rôle supérieur à celui de l’acteur","status":"passed","title":"interdit la création d’un rôle supérieur à celui de l’acteur","duration":0.9347999999881722,"failureMessages":[],"meta":{},"tags":[]},{"ancestorTitles":["hiérarchie d’administration des comptes"],"fullName":"hiérarchie d’administration des comptes interdit toute administration de son propre compte","status":"passed","title":"interdit toute administration de son propre compte","duration":0.665099999983795,"failureMessages":[],"meta":{},"tags":[]},{"ancestorTitles":["hiérarchie d’administration des comptes"],"fullName":"hiérarchie d’administration des comptes ne présente à un administrateur 
[...]
lName":"politique upload fret accepte uniquement le contrat fermé de la RPC 4F","status":"passed","title":"accepte uniquement le contrat fermé de la RPC 4F","duration":2.611299999989569,"failureMessages":[],"meta":{},"tags":[]},{"ancestorTitles":["politique upload fret"],"fullName":"politique upload fret dérive le tenant de l’opération autorisée","status":"passed","title":"dérive le tenant de l’opération autorisée","duration":0.551099999982398,"failureMessages":[],"meta":{},"tags":[]},{"ancestorTitles":["politique upload fret"],"fullName":"politique upload fret échoue fermé si une preuve manque: { activeSession: false }","status":"passed","title":"échoue fermé si une preuve manque: { activeSession: false }","duration":0.27470000000903383,"failureMessages":[],"meta":{},"tags":[]},{"ancestorTitles":["politique upload fret"],"fullName":"politique upload fret échoue fermé si une preuve manque: { aal2: false }","status":"passed","title":"échoue fermé si une preuve manque: { aal2: false }","duration":0.20960000000195578,"failureMessages":[],"meta":{},"tags":[]},{"ancestorTitles":["politique upload fret"],"fullName":"politique upload fret échoue fermé si une preuve manque: { operationExists: false }","status":"passed","title":"échoue fermé si une preuve manque: { operationExists: false }","duration":0.15469999995548278,"failureMessages":[],"meta":{},"tags":[]},{"ancestorTitles":["politique upload fret"],"fullName":"politique upload fret échoue fermé si une preuve manque: { tenantReadable: false }","status":"passed","title":"échoue fermé si une preuve manque: { tenantReadable: false }","duration":0.13229999999748543,"failureMessages":[],"meta":{},"tags":[]},{"ancestorTitles":["politique upload fret"],"fullName":"politique upload fret échoue fermé si une preuve manque: { canPrepareFreight: false }","status":"passed","title":"échoue fermé si une preuve manque: { canPrepareFreight: false }","duration":0.1284999999916181,"failureMessages":[],"meta":{},"tags":[]},{"ancestorTitles":["politique upload fret"],"fullName":"politique upload fret échoue fermé si une preuve manque: { mutableStatus: false }","status":"passed","title":"échoue fermé si une preuve manque: { mutableStatus: false }","duration":0.11060000001452863,"failureMessages":[],"meta":{},"tags":[]}],"startTime":1788762632126,"endTime":1788762632131.1284,"status":"passed","message":"","name":"F:/Development/SONASP/supabase/functions/_shared/freight-customs-upload-policy.test.ts"},{"assertionResults":[{"ancestorTitles":["capacités des actions de messagerie"],"fullName":"capacités des actions de messagerie réserve la configuration et son essai à la capacité SMTP dédiée","status":"passed","title":"réserve la configuration et son essai à la capacité SMTP dédiée","duration":3.730199999990873,"failureMessages":[],"meta":{},"tags":[]},{"ancestorTitles":["capacités des actions de messagerie"],"fullName":"capacités des actions de messagerie lie les courriels de comptes à la gestion des comptes","status":"passed","title":"lie les courriels de comptes à la gestion des comptes","duration":1.0444999999599531,"failureMessages":[],"meta":{},"tags":[]},{"ancestorTitles":["capacités des actions de messagerie"],"fullName":"capacités des actions de messagerie refuse une action inconnue au lieu de la traiter comme une vidange de file","status":"passed","title":"refuse une action inconnue au lieu de la traiter comme une vidange de file","duration":1.3233999999938533,"failureMessages":[],"meta":{},"tags":[]},{"ancestorTitles":["capacités des actions de messagerie"],"fullName":"capacités des actions de messagerie conserve la file comme action par défaut pour la compatibilité","status":"passed","title":"conserve la file comme action par défaut pour la compatibilité","duration":0.9304000000702217,"failureMessages":[],"meta":{},"tags":[]}],"startTime":1788762787901,"endTime":1788762787907.9304,"status":"passed","message":"","name":"F:/Development/SONASP/supabase/functions/_shared/mail-action-policy.test.ts"},{"assertionResults":[{"ancestorTitles":["politique de preuve bancaire privée"],"fullName":"politique de preuve bancaire privée accepte uniquement le schéma fermé sans chemin ni tenant","status":"passed","title":"accepte uniquement le schéma fermé sans chemin ni tenant","duration":6.5512999999918975,"failureMessages":[],"meta":{},"tags":[]},{"ancestorTitles":["politique de preuve bancaire privée"],"fullName":"politique de preuve bancaire privée dérive le tenant uniquement du parent autoritatif","status":"passed","title":"dérive le tenant uniquement du parent autoritatif","duration":1.4046000000089407,"failureMessages":[],"meta":{},"tags":[]},{"ancestorTitles":["politique de preuve bancaire privée"],"fullName":"politique de preuve bancaire privée échoue fermé si une preuve d’autorisation manque: { activeSession: false }","status":"passed","title":"échoue fermé si une preuve d’autorisation manque: { activeSession: false }","duration":0.8898000000044703,"failureMessages":[],"meta":{},"tags":[]},{"ancestorTitles":["politique de preuve bancaire privée"],"fullName":"politique de preuve bancaire privée échoue fermé si une preuve d’autorisation manque: { aal2: false }","status":"passed","title":"échoue fermé si une preuve d’autorisation manque: { aal2: false }","duration":0.7412999999942258,"failureMessages":[],"meta":{},"tags":[]},{"ancestorTitles":["politique de preuve bancaire privée"],"fullName":"politique de preuve bancaire privée échoue fermé si une preuve d’autorisation manque: { canExecuteFinance: false }","status":"passed","title":"échoue fermé si une preuve d’autorisation manque: { canExecuteFinance: false }","duration":0.5804999999818392,"failureMessages":[],"meta":{},"tags":[]},{"ancestorTitles":["politique de preuve bancaire privée"],"fullName":"politique de preuve bancaire privée échoue fermé si une preuve d’autorisation manque: { canReadSale: false }","status":"passed","title":"échoue fermé si une preuve d’autorisation manque: { canReadSale: false }","duration":0.5542000000132248,"failureMessages":[],"meta":{},"tags":[]},{"ancestorTitles":["politique de preuve bancaire privée"],"fullName":"politique de preuve bancaire privée échoue fermé si une preuve d’autorisation manque: { paymentExists: false }","status":"passed","title":"échoue fermé si une preuve d’autorisation manque: { paymentExists: false }","duration":0.6091000000014901,"failureMessages":[],"meta":{},"tags":[]},{"ancestorTitles":["politique de preuve bancaire privée"],"fullName":"politique de preuve bancaire privée échoue fermé si une preuve d’autorisation manque: { paymentProcessing: false }","status":"passed","title":"échoue fermé si une preuve d’autorisation manque: { paymentProcessing: false }","duration":0.46330000000307336,"failureMessages":[],"meta":{},"tags":[]},{"ancestorTitles":["politique de preuve bancaire privée"],"fullName":"politique de preuve bancaire privée échoue fermé si une preuve d’autorisation manque: { saleVirtualPayment: false }","status":"passed","title":"échoue fermé si une preuve d’autorisation manque: { saleVirtualPayment: false }","duration":0.6027999999932945,"failureMessages":[],"meta":{},"tags":[]},{"ancestorTitles":["politique de preuve bancaire privée"],"fullName":"politique de preuve bancaire privée échoue fermé si une preuve d’autorisation manque: { actorExecutedPayment: false }","status":"passed","title":"échoue fermé si une preuve d’autorisation manque: { actorExecutedPayment: false }","duration":0.6716000000014901,"failureMessages":[],"meta":{},"tags":[]},{"ancestorTitles":["politique de preuve bancaire privée"],"fullName":"politique de preuve bancaire privée échoue fermé si une preuve d’autorisation manque: { paymentMatchesSaleAndTenant: false }","status":"passed","title":"échoue fermé si une preuve d’autorisation manque: { paymentMatchesSaleAndTenant: false }","duration":0.3727000000071712,"failureMessages":[],"meta":{},"tags":[]},{"ancestorTitles":["politique de preuve bancaire privée"],"fullName":"politique de preuve bancaire privée échoue fermé si une preuve d’autorisation manque: { sellerIsActiveSonasp: false }","status":"passed","title":"échoue fermé si une preuve d’autorisation manque: { sellerIsActiveSonasp: false }","duration":0.3316000000340864,"failureMessages":[],"meta":{},"tags":[]},{"ancestorTitles":["politique de preuve bancaire privée"],"fullName":"politique de preuve bancaire privée nettoie un mauvais fichier recréé puis accepte le rejeu du fichier exact","status":"passed","title":"nettoie un mauvais fichier recréé puis accepte le rejeu du fichier exact","duration":1.799799999978859,"failureMessages":[],"meta":{},"tags":[]}],"startTime":1788762688219,"endTime":1788762688234.7998,"status":"passed","message":"","name":"F:/Development/SONASP/supabase/functions/_shared/payment-proof-upload-policy.test.ts"},{"assertionResults":[{"ancestorTitles":["secure-upload"],"fullName":"secure-upload accepte un PDF cohérent et normalise son nom sans réutiliser ce nom comme chemin","status":"passed","title":"accepte un PDF cohérent et normalise son nom sans réutiliser ce nom comme chemin","duration":8.79749999998603,"failureMessages":[],"meta":{},"tags":[]},{"ancestorTitles":["secure-upload"],"fullName":"secure-upload rejette un contenu texte renommé en PDF malgré un MIME déclaré conforme","status":"passed","title":"rejette un contenu texte renommé en PDF malgré un MIME déclaré conforme","duration":2.0760000000009313,"failureMessages":[],"meta":{},"tags":[]},{"ancestorTitles":["secure-upload"],"fullName":"secure-upload rejette le nom dangereux preuve.exe.pdf","status":"passed","title":"rejette le nom dangereux preuve.exe.pdf","duration":0.896500000031665,"failureMessages":[],"meta":{},"tags":[]},{"ancestorTitles":["secure-upload"],"fullName":"secure-upload rejette le nom dangereux ../preuve.pdf","status":"passed","title":"rejette le nom dangereux ../preuve.pdf","duration":0.46450000000186265,"failureMessages":[],"meta":{},"tags":[]},{"ancestorTitles":["secure-upload"],"fullName":"secure-upload rejette le nom dangereux preuve.pdf.exe","status":"passed","title":"rejette le nom dangereux preuve.pdf.exe","duration":0.3812000000034459,"failureMessages":[],"meta":{},"tags":[]},{"ancestorTitles":["secure-upload"],"fullName":"secure-upload rejette le nom dangereux CON.pdf","status":"passed","title":"rejette le nom dangereux CON.pdf","duration":0.32320000004256144,"failureMessages":[],"meta":{},"tags":[]},{"ancestorTitles":["secure-upload"],"fullName":"secure-upload reconnaît un DOCX structurel et refuse une archive à macros","status":"passed","title":"reconnaît un DOCX structurel et refuse une archive à macros","duration":1.89179999998305,"failureMessages":[],"meta":{},"tags":[]},{"ancestorTitles":["secure-upload"],"fullName":"secure-upload rejette un dépassement selon la politique serveur, indépendamment du client","status":"passed","title":"rejette un dépassement selon la politique serveur, indépendamment du client","duration":0.8898000000044703,"failureMessages":[],"meta":{},"tags":[]},{"ancestorTitles":["secure-upload"],"fullName":"secure-upload limite le certificat d’analyse au PDF et à 10 Mio côté serveur","status":"passed","title":"limite le certificat d’analyse au PDF et à 10 Mio côté serveur","duration":1.2361999999848194,"failureMessages":[],"meta":{},"tags":[]},{"ancestorTitles":["secure-upload"],"fullName":"secure-upload ferme Production au PDF et Shipping aux formats avec signature vérifiable","status":"passed","title":"ferme Production au PDF et Shipping aux formats avec signature vérifiable","duration":2.299200000008568,"failureMessages":[],"meta":{},"tags":[]},{"ancestorTitles":["secure-upload"],"fullName":"secure-upload aligne la politique fret sur la RPC 4F","status":"passed","title":"aligne la politique fret sur la RPC 4F","duration":0.4830000000074506,"failureMessages":[],"meta":{},"tags":[]},{"ancestorTitles":["secure-upload"],"fullName":"secure-upload ferme la preuve bancaire à 10 Mio et aux formats vérifiables","status":"passed","title":"ferme la preuve bancaire à 10 Mio et aux formats vérifiables","duration":0.6179999999585561,"failureMessages":[],"meta":{},"tags":[]}],"startTime":1788762635540,"endTime":1788762635560.618,"status":"passed","message":"","name":"F:/Development/SONASP/supabase/functions/_shared/secure-upload.test.ts"},{"assertionResults":[{"ancestorTitles":["politique de suppression documentaire sensible"],"fullName":"politique de suppression documentaire sensible exige session active, AAL2, parent, tenant, capability et propriétaire","status":"passed","title":"exige session active, AAL2, parent, tenant, capability et propriétaire","duration":5.181500000006054,"failureMessages":[],"meta":{},"tags":[]},{"ancestorTitles":["politique de suppression documentaire sensible"],"fullName":"politique de suppression documentaire sensible normalise une ancienne URL publique sans effectuer de requête","status":"passed","title":"normalise une ancienne URL publique sans effectuer de requête","duration":2.056200000050012,"failureMessages":[],"meta":{},"tags":[]},{"ancestorTitles":["politique de suppression documentaire sensible"],"fullName":"politique de suppression documentaire sensible refuse traversal, bucket étranger et objet hors parent","status":"passed","title":"refuse traversal, bucket étranger et objet hors parent","duration":2.4843000000109896,"failureMessages":[],"meta":{},"tags":[]}],"startTime":1788762738774,"endTime":1788762738783.4844,"status":"passed","message":"","name":"F:/Development/SONASP/supabase/functions/_shared/sensitive-document-delete-policy.test.ts"},{"assertionResults":[{"ancestorTitles":["session revocation policy"],"fullName":"session revocation policy autorise la révocation self AAL2 pour un profil partenaire","status":"passed","title":"autorise la révocation self AAL2 pour un profil partenaire","duration":2.0596999999834225,"failureMessages":[],"meta":{},"tags":[]},{"ancestorTitles":["session revocation policy"],"fullName":"session revocation policy refuse self si le profil est inactif ou si AAL2 manque","status":"passed","title":"refuse self si le profil est inactif ou si AAL2 manque","duration":0.7321999999694526,"failureMessages":[],"meta":{},"tags":[]},{"ancestorTitles":["session revocation policy"],"fullName":"session revocation policy autorise Owner/Admin national avec capability et hiérarchie sur une cible inférieure","status":"passed","title":"autorise Owner/Admin national avec capability et hiérarchie sur une cible inférieure","duration":0.6847999999881722,"failureMessages":[],"meta":{},"tags":[]},{"ancestorTitles":["session revocation policy"],"fullName":"session revocation policy refuse toute administration tierce depuis un tenant partenaire","status":"passed","title":"refuse toute administration tierce depuis un tenant partenaire","duration":0.5117999999783933,"failureMessages":[],"meta":{},"tags":[]},{"ancestorTitles":["session revocation policy"],"fullName":"session revocation policy échoue fermé sans capability, hiérarchie ou rôle cible reconnu","status":"passed","title":"échoue fermé sans capability, hiérarchie ou rôle cible reconnu","duration":0.5921000000089407,"failureMessages":[],"meta":{},"tags":[]}],"startTime":1788762768511,"endTime":1788762768516.592,"status":"passed","message":"","name":"F:/Development/SONASP/supabase/functions/_shared/session-revocation-policy.test.ts"},{"assertionResults":[{"ancestorTitles":["métadonnées fermées des documents métier"],"fullName":"métadonnées fermées des documents métier accepte uniquement les champs Shipping attendus","status":"passed","title":"accepte uniquement les champs Shipping attendus","duration":7.6234999999869615,"failureMessages":[],"meta":{},"tags":[]},{"ancestorTitles":["métadonnées fermées des documents métier"],"fullName":"métadonnées fermées des documents métier accepte uniquement les champs Production attendus","status":"passed","title":"accepte uniquement les champs Production attendus","duration":1.0310999999637716,"failureMessages":[],"meta":{},"tags":[]},{"ancestorTitles":["métadonnées fermées des documents métier"],"fullName":"métadonnées fermées des documents métier borne les métadonnées des documents de réserve","status":"passed","title":"borne les métadonnées des documents de réserve","duration":0.9680999999982305,"failureMessages":[],"meta":{},"tags":[]},{"ancestorTitles":["autoriserDocumentWorkflow"],"fullName":"autoriserDocumentWorkflow retourne uniquement acteur et tenant vérifiés","status":"passed","title":"retourne uniquement acteur et tenant vérifiés","duration":0.6371999999973923,"failureMessages":[],"meta":{},"tags":[]},{"ancestorTitles":["autoriserDocumentWorkflow"],"fullName":"autoriserDocumentWorkflow échoue fermé si une preuve manque: { activeSession: false }","status":"passed","title":"échoue fermé si une preuve manque: { activeSession: false }","duration":0.4474000000045635,"failureMessages":[],"meta":{},"tags":[]},{"ancestorTitles":["autoriserDocumentWorkflow"],"fullName":"autoriserDocumentWorkflow échoue fermé si une preuve manque: { aal2: false }","status":"passed","title":"échoue fermé si une preuve manque: { aal2: false }","duration":0.3471999999601394,"failureMessages":[],"meta":{},"tags":[]},{"ancestorTitles":["autoriserDocumentWorkflow"],"fullName":"autoriserDocumentWorkflow échoue fermé si une preuve manque: { parentExists: false }","status":"passed","title":"échoue fermé si une preuve manque: { parentExists: false }","duration":0.2734000000054948,"failureMessages":[],"meta":{},"tags":[]},{"ancestorTitles":["autoriserDocumentWorkflow"],"fullName":"autoriserDocumentWorkflow échoue fermé si une preuve manque: { parentPermission: false }","status":"passed","title":"échoue fermé si une preuve manque: { parentPermission: false }","duration":0.28779999999096617,"failureMessages":[],"meta":{},"tags":[]},{"ancestorTitles":["autoriserDocumentWorkflow"],"fullName":"autoriserDocumentWorkflow échoue fermé si une preuve manque: { hasWriteCapability: false }","status":"passed","title":"échoue fermé si une preuve manque: { hasWriteCapability: false }","duration":0.26880000001983717,"failureMessages":[],"meta":{},"tags":[]},{"ancestorTitles":["autoriserDocumentWorkflow"],"fullName":"autoriserDocumentWorkflow échoue fermé si une preuve manque: { tenantId: 'invalide' }","status":"passed","title":"échoue fermé si une preuve manque: { tenantId: 'invalide' }","duration":0.3528999999980442,"failureMessages":[],"meta":{},"tags":[]}],"startTime":1788762717738,"endTime":1788762717751.3528,"status":"passed","message":"","name":"F:/Development/SONASP/supabase/functions/_shared/workflow-document-upload-policy.test.ts"},{"assertionResults":[{"ancestorTitles":["DataTable interactive rows"],"fullName":"DataTable interactive rows exposes clickable rows to the keyboard","status":"passed","title":"exposes clickable rows to the keyboard","duration":133.3296000000555,"failureMessages":[],"meta":{},"tags":[]}],"startTime":1788762571614,"endTime":1788762571747.3296,"status":"passed","message":"","name":"F:/Development/SONASP/src/components/ui/sn/DataTable.test.tsx"},{"assertionResults":[{"ancestorTitles":["PageHeader"],"fullName":"PageHeader exposes the page title as the unique level-one heading","status":"passed","title":"exposes the page title as the unique level-one heading","duration":262.02799999999115,"failureMessages":[],"meta":{},"tags":[]}],"startTime":1788762540759,"endTime":1788762541021.028,"status":"passed","message":"","name":"F:/Development/SONASP/src/components/ui/sn/PageHeader.test.tsx"},{"assertionResults":[{"ancestorTitles":["Tabs keyboard navigation"],"fullName":"Tabs keyboard navigation moves both selection and focus with arrows, Home and End","status":"passed","title":"moves both selection and focus with arrows, Home and End","duration":633.1117000000086,"failureMessages":[],"meta":{},"tags":[]}],"startTime":1788762520605,"endTime":1788762521238.1118,"status":"passed","message":"","name":"F:/Development/SONASP/src/components/ui/sn/Tabs.test.tsx"}]}