{"numTotalTestSuites":928,"numPassedTestSuites":927,"numFailedTestSuites":1,"numPendingTestSuites":0,"numTotalTests":2862,"numPassedTests":2862,"numFailedTests":0,"numPendingTests":0,"numTodoTests":0,"snapshot":{"added":0,"failure":false,"filesAdded":0,"filesRemoved":0,"filesRemovedList":[],"filesUnmatched":0,"filesUpdated":0,"matched":0,"total":0,"unchecked":0,"uncheckedKeysByFile":[],"unmatched":0,"updated":0,"didUpdate":false},"startTime":1788759193807,"success":false,"testResults":[{"assertionResults":[{"ancestorTitles":["goldConstants — source de vérité unique"],"fullName":"goldConstants — source de vérité unique utilise la valeur EXACTE de l'once troy (pas 31.1035)","status":"passed","title":"utilise la valeur EXACTE de l'once troy (pas 31.1035)","duration":5.477499999979045,"failureMessages":[],"meta":{},"tags":[]},{"ancestorTitles":["goldConstants — source de vérité unique"],"fullName":"goldConstants — source de vérité unique expose des alias cohérents pointant tous vers la valeur canonique","status":"passed","title":"expose des alias cohérents pointant tous vers la valeur canonique","duration":1.153200000000652,"failureMessages":[],"meta":{},"tags":[]},{"ancestorTitles":["goldConstants — source de vérité unique"],"fullName":"goldConstants — source de vérité unique calcule correctement les onces troy par kg","status":"passed","title":"calcule correctement les onces troy par kg","duration":0.8191000000224449,"failureMessages":[],"meta":{},"tags":[]},{"ancestorTitles":["goldConstants — source de vérité unique"],"fullName":"goldConstants — source de vérité unique fixe le taux de royalties à 3 %","status":"passed","title":"fixe le taux de royalties à 3 %","duration":0.6447000000043772,"failureMessages":[],"meta":{},"tags":[]},{"ancestorTitles":["goldConstants — source de vérité unique"],"fullName":"goldConstants — source de vérité unique convertit g -> oz troy et retour sans perte (round-trip)","status":"passed","title":"convertit g -> oz troy et retour sans perte (round-trip)","duration":0.6595000000088476,"failureMessages":[],"meta":{},"tags":[]},{"ancestorTitles":["goldConstants — source de vérité unique"],"fullName":"goldConstants — source de vérité unique 1 once troy vaut exactement TROY_OZ_GRAMS grammes","status":"passed","title":"1 once troy vaut exactement TROY_OZ_GRAMS grammes","duration":0.5112000000081025,"failureMessages":[],"meta":{},"tags":[]}],"startTime":1788759698381,"endTime":1788759698390.6594,"status":"passed","message":"","name":"F:/Development/SONASP/src/constants/goldConstants.test.ts"},{"assertionResults":[{"ancestorTitles":["référentiel des statuts de vente"],"fullName":"référentiel des statuts de vente fournit un libellé français pour chaque code persistant","status":"passed","title":"fournit un libellé français pour chaque code persistant","duration":8.32819999998901,"failureMessages":[],"meta":{},"tags":[]},{"ancestorTitles":["référentiel des statuts de vente"],"fullName":"référentiel des statuts de vente présente les étapes structurantes en français","status":"passed","title":"présente les étapes structurantes en français","duration":1.0544000000227243,"failureMessages":[],"meta":{},"tags":[]}],"startTime":1788759646188,"endTime":1788759646198.0544,"status":"passed","message":"","name":"F:/Development/SONASP/src/constants/salesStatuses.test.ts"},{"assertionResults":[{"ancestorTitles":["AuthProvider profile fallback"],"fullName":"AuthProvider profile fallback conserve le vrai sous-arbre protégé pendant les reprises répétées et le ferme à la déconnexion","status":"passed","title":"conserve le vrai sous-arbre protégé pendant les reprises répétées et le ferme à la déconnexion","duration":167.0905999999959,"failureMessages":[],"meta":{},"tags":[]},{"ancestorTitles":["AuthProvider profile fallback"],"fullName":"AuthProvider profile fallback refuse tout accès privé quand le profil autoritatif est indisponible","status":"passed","title":"refuse tout accès privé quand le profil autoritatif est indisponible","duration":44.29189999998198,"failureMessages":[],"meta":{},"tags":[]},{"ancestorTitles":["AuthProvider profile fallback"],"fullName":"AuthProvider profile fallback still surfaces an actionable authentication initialization error","status":"passed","title":"still surfaces an actionable authentication initialization error","duration":16.442600000009406,"failureMessages":[],"meta":{},"tags":[]},{"ancestorTitles":["AuthProvider profile fallback"],"fullName":"AuthProvider profile fallback conserve le rôle autoritaire du profil même pour l’adresse historique du propriétaire","status":"passed","title":"conserve le rôle autoritaire du profil même pour l’adresse historique du propriétaire","duration":15.35229999999865,"failureMessages":[],"meta":{},"tags":[]},{"ancestorTitles":["AuthProvider profile fallback"],"fullName":"AuthProvider profile fallback conserve le profil affiché quand le même SIGNED_IN est réémis au retour d’onglet","status":"passed","title":"conserve le profil affiché quand le même SIGNED_IN est réémis au retour d’onglet","duration":16.159699999989243,"failureMessages":[],"meta":{},"tags":[]},{"ancestorTitles":["AuthProvider profile fallback"],"fullName":"AuthProvider profile fallback conserve le shell et le brouillon si SIGNED_IN revient pendant une revalidation silencieuse","status":"passed","title":"conserve le shell et le brouillon si SIGNED_IN revient pendant une revalidation silencieuse","duration":267.1110000000044,"failureMessages":[],"meta":{},"tags":[]},{"ancestorTitles":["AuthProvider profile fallback"],"fullName":"AuthProvider profile fallback ne republie pas le contexte global quand le jeton du même compte est renouvelé","status":"passed","title":"ne republie pas le contexte global quand le jeton du même compte est renouvelé","duration":28.736400000023423,"failureMessages":[],"meta":{},"tags":[]},{"ancestorTitles":["AuthProvider profile fallback"],"fullName":"AuthProvider profile fallback ferme la session et refuse explicitement un profil désactivé","status":"passed","title":"ferme la session et refuse explicitement un profil désactivé","duration":47.25260000000708,"failureMessages":[],"meta":{},"tags":[]},{"ancestorTitles":["AuthProvider profile fallback"],"fullName":"AuthProvider profile fallback ne transforme pas une panne du suivi de connexion en échec d’authentification","status":"passed","title":"ne transforme pas une panne du suivi de connexion en échec d’authentification","duration":42.969699999986915,"failureMessages":[],"meta":{},"tags":[]},{"ancestorTitles":["AuthProvider profile fallback"],"fullName":"AuthProvider profile fallback échoue fermé si la session serveur ne peut pas être enregistrée","status":"passed","title":"échoue fermé si la session serveur ne peut pas être enregistrée","duration":46.94130000000587,"failureMessages":[],"meta":{},"tags":[]},{"ancestorTitles":["AuthProvider profile fallback"],"fullName":"AuthProvider profile fallback ferme localement une session que le heartbeat serveur déclare révoquée","status":"passed","title":"ferme localement une session que le heartbeat serveur déclare révoquée","duration":17.01480000000447,"failureMessages":[],"meta":{},"tags":[]},{"ancestorTitles":["AuthProvider profile fallback"],"fullName":"AuthProvider profile fallback révoque registre et refresh tokens avant de purger localement une déconnexion manuelle","status":"passed","title":"révoque registre et refresh tokens avant de purger localement une déconnexion manuelle","duration":44.94070000000647,"failureMessages":[],"meta":{},"tags":[]},{"ancestorTitles":["AuthProvider profile fallback"],"fullName":"AuthProvider profile fallback retombe sur la révocation courante et le signOut global si l’Edge est indisponible","status":"passed","title":"retombe sur la révocation courante et le signOut global si l’Edge est indisponible","duration":46.484800000005635,"failureMessages":[],"meta":{},"tags":[]}],"startTime":1788759435094,"endTime":1788759435896.4849,"status":"passed","message":"","name":"F:/Development/SONASP/src/contexts/AuthContext.fallback.test.tsx"},{"assertionResults":[{"ancestorTitles":["isMissingUserProfileError"],"fullName":"isMissingUserProfileError recognizes only the PostgREST missing-row response","status":"passed","title":"recognizes only the PostgREST missing-row response","duration":4.678399999975227,"failureMessages":[],"meta":{},"tags":[]},{"ancestorTitles":["isMissingUserProfileError"],"fullName":"isMissingUserProfileError does not treat transport or database errors as a missing profile","status":"passed","title":"does not treat transport or database errors as a missing profile","duration":0.8505000000586733,"failureMessages":[],"meta":{},"tags":[]}],"startTime":1788759719617,"endTime":1788759719622.8506,"status":"passed","message":"","name":"F:/Development/SONASP/src/contexts/AuthContext.test.ts"},{"assertionResults":[{"ancestorTitles":["découpage territorial du Burkina Faso"],"fullName":"découpage territorial du Burkina Faso assemble les 13 régions à partir des cellules de leurs provinces","status":"passed","title":"assemble les 13 régions à partir des cellules de leurs provinces","duration":16.84619999997085,"failureMessages":[],"meta":{},"tags":[]},{"ancestorTitles":["découpage territorial du Burkina Faso"],"fullName":"découpage territorial du Burkina Faso trace des limites régionales entre provinces de régions différentes","status":"passed","title":"trace des limites régionales entre provinces de régions différentes","duration":19.02929999999469,"failureMessages":[],"meta":{},"tags":[]},{"ancestorTitles":["découpage territorial du Burkina Faso"],"fullName":"découpage territorial du Burkina Faso produit une cellule non vide pour chacune des 45 provinces","status":"passed","title":"produit une cellule non vide pour chacune des 45 provinces","duration":2.3326999999699183,"failureMessages":[],"meta":{},"tags":[]},{"ancestorTitles":["découpage territorial du Burkina Faso"],"fullName":"découpage territorial du Burkina Faso rattache chaque chef-lieu à sa propre province","status":"passed","title":"rattache chaque chef-lieu à sa propre province","duration":4.639500000048429,"failureMessages":[],"meta":{},"tags":[]},{"ancestorTitles":["découpage territorial du Burkina Faso"],"fullName":"découpage territorial du Burkina Faso rattache chaque province à la région annoncée","status":"passed","title":"rattache chaque province à la région annoncée","duration":1.3334000000031665,"failureMessages":[],"meta":{},"tags":[]},{"ancestorTitles":["découpage territorial du Burkina Faso"],"fullName":"découpage territorial du Burkina Faso reste aligné avec les listes déroulantes du formulaire","status":"passed","title":"reste aligné avec les listes déroulantes du formulaire","duration":1.401499999978114,"failureMessages":[],"meta":{},"tags":[]},{"ancestorTitles":["découpage territorial du Burkina Faso"],"fullName":"découpage territorial du Burkina Faso place Ouagadougou dans le Kadiogo et Gaoua dans le Poni","status":"passed","title":"place Ouagadougou dans le Kadiogo et Gaoua dans le Poni","duration":0.9261999999871477,"failureMessages":[],"meta":{},"tags":[]}],"startTime":1788759519204,"endTime":1788759519250.9263,"status":"passed","message":"","name":"F:/Development/SONASP/src/data/burkinaRegions.test.ts"},{"assertionResults":[{"ancestorTitles":["Libellés métier"],"fullName":"Libellés métier ne présente pas aide comme une démonstration","status":"passed","title":"ne présente pas aide comme une démonstration","duration":3.8347000000067055,"failureMessages":[],"meta":{},"tags":[]},{"ancestorTitles":["Libellés métier"],"fullName":"Libellés métier ne présente pas analyses comme une démonstration","status":"passed","title":"ne présente pas analyses comme une démonstration","duration":0.7264999999897555,"failureMessages":[],"meta":{},"tags":[]},{"ancestorTitles":["Libellés métier"],"fullName":"Libellés métier ne présente pas facture comme une démonstration","status":"passed","title":"ne présente pas facture comme une démonstration","duration":0.5121000000508502,"failureMessages":[],"meta":{},"tags":[]},{"ancestorTitles":["Libellés métier"],"fullName":"Libellés métier conserve la transparence sur la certification de la facture","status":"passed","title":"conserve la transparence sur la certification de la facture","duration":0.9501000000163913,"failureMessages":[],"meta":{},"tags":[]}],"startTime":1788759745285,"endTime":1788759745290.9502,"status":"passed","message":"","name":"F:/Development/SONASP/src/data/businessLabels.test.ts"},{"assertionResults":[{"ancestorTitles":["Actualisation des sites"],"fullName":"Actualisation des sites recharge après création, retour de navigation et retour dans la fenêtre","status":"passed","title":"recharge après création, retour de navigation et retour dans la fenêtre","duration":192.21590000001015,"failureMessages":[],"meta":{},"tags":[]},{"ancestorTitles":["Actualisation des sites"],"fullName":"Actualisation des sites ignore une réponse ancienne arrivée après une actualisation","status":"passed","title":"ignore une réponse ancienne arrivée après une actualisation","duration":76.23649999999907,"failureMessages":[],"meta":{},"tags":[]}],"startTime":1788759491644,"endTime":1788759491913.2366,"status":"passed","message":"","name":"F:/Development/SONASP/src/hooks/useArtisanalSiteData.test.tsx"},{"assertionResults":[{"ancestorTitles":["protection du brouillon artisan"],"fullName":"protection du brouillon artisan annule un retour natif sans laisser le routeur démonter le formulaire","status":"passed","title":"annule un retour natif sans laisser le routeur démonter le formulaire","duration":43.05580000003101,"failureMessages":[],"meta":{},"tags":[]},{"ancestorTitles":["protection du brouillon artisan"],"fullName":"protection du brouillon artisan laisse partir après confirmation et ne bloque plus une fiche enregistrée","status":"passed","title":"laisse partir après confirmation et ne bloque plus une fiche enregistrée","duration":7.912400000030175,"failureMessages":[],"meta":{},"tags":[]}],"startTime":1788759542686,"endTime":1788759542737.9124,"status":"passed","message":"","name":"F:/Development/SONASP/src/hooks/useArtisanUnsavedChanges.test.tsx"},{"assertionResults":[{"ancestorTitles":["chargerDernierTauxUsdXof"],"fullName":"chargerDernierTauxUsdXof lit le couple USD/XOF dans le vrai référentiel de change","status":"passed","title":"lit le couple USD/XOF dans le vrai référentiel de change","duration":11.426700000010896,"failureMessages":[],"meta":{},"tags":[]},{"ancestorTitles":["chargerDernierTauxUsdXof"],"fullName":"chargerDernierTauxUsdXof reste non bloquant si le référentiel ne répond pas","status":"passed","title":"reste non bloquant si le référentiel ne répond pas","duration":1.9488999999593943,"failureMessages":[],"meta":{},"tags":[]},{"ancestorTitles":["prixGrammeDepuisOnce"],"fullName":"prixGrammeDepuisOnce convertit l’once en gramme au taux du référentiel","status":"passed","title":"convertit l’once en gramme au taux du référentiel","duration":0.9997999999905005,"failureMessages":[],"meta":{},"tags":[]},{"ancestorTitles":["prixGrammeDepuisOnce"],"fullName":"prixGrammeDepuisOnce ne convertit rien sans cours ou sans taux","status":"passed","title":"ne convertit rien sans cours ou sans taux","duration":0.6085999999777414,"failureMessages":[],"meta":{},"tags":[]},{"ancestorTitles":["ecartAuCours"],"fullName":"ecartAuCours mesure la prime et la décote","status":"passed","title":"mesure la prime et la décote","duration":0.9035000000149012,"failureMessages":[],"meta":{},"tags":[]},{"ancestorTitles":["ecartAuCours"],"fullName":"ecartAuCours n’annonce aucun écart sans référence ni sans prix","status":"passed","title":"n’annonce aucun écart sans référence ni sans prix","duration":0.48399999999674037,"failureMessages":[],"meta":{},"tags":[]}],"startTime":1788759609447,"endTime":1788759609463.9036,"status":"passed","message":"","name":"F:/Development/SONASP/src/hooks/useCoursOr.test.ts"},{"assertionResults":[{"ancestorTitles":["matrice institutionnelle"],"fullName":"matrice institutionnelle référence Owner et les huit rôles cibles, la hiérarchie filtre leur attribution","status":"passed","title":"référence Owner et les huit rôles cibles, la hiérarchie filtre leur attribution","duration":4.26320000004489,"failureMessages":[],"meta":{},"tags":[]},{"ancestorTitles":["matrice institutionnelle"],"fullName":"matrice institutionnelle filtre les responsabilités selon le rôle et impose les responsabilités structurelles","status":"passed","title":"filtre les responsabilités selon le rôle et impose les responsabilités structurelles","duration":2.6358999999938533,"failureMessages":[],"meta":{},"tags":[]},{"ancestorTitles":["plafond de permissions"],"fullName":"plafond de permissions garantit tous les droits Owner, y compris pour un module sans domaine","status":"passed","title":"garantit tous les droits Owner, y compris pour un module sans domaine","duration":2.083199999993667,"failureMessages":[],"meta":{},"tags":[]},{"ancestorTitles":["plafond de permissions"],"fullName":"plafond de permissions classe les modules à partir du référentiel réel et refuse les inconnus","status":"passed","title":"classe les modules à partir du référentiel réel et refuse les inconnus","duration":4.073600000003353,"failureMessages":[],"meta":{},"tags":[]},{"ancestorTitles":["plafond de permissions"],"fullName":"plafond de permissions permet une attribution explicite à Admin, sans attribution automatique ni domaine inconnu","status":"passed","title":"permet une attribution explicite à Admin, sans attribution automatique ni domaine inconnu","duration":1.6902000000118278,"failureMessages":[],"meta":{},"tags":[]},{"ancestorTitles":["plafond de permissions"],"fullName":"plafond de permissions limite une société à ses modules et responsabilités","status":"passed","title":"limite une société à ses modules et responsabilités","duration":0.42929999995976686,"failureMessages":[],"meta":{},"tags":[]},{"ancestorTitles":["plafond de permissions"],"fullName":"plafond de permissions retire entièrement les modules incompatibles au lieu de les désactiver","status":"passed","title":"retire entièrement les modules incompatibles au lieu de les désactiver","duration":0.32619999995222315,"failureMessages":[],"meta":{},"tags":[]},{"ancestorTitles":["plafond de permissions"],"fullName":"plafond de permissions borne chaque personnalisation au plafond du rôle","status":"passed","title":"borne chaque personnalisation au plafond du rôle","duration":0.584900000016205,"failureMessages":[],"meta":{},"tags":[]},{"ancestorTitles":["plafond de permissions"],"fullName":"plafond de permissions aligne les opérations fiscales du Comptoir et le rapprochement DGI","status":"passed","title":"aligne les opérations fiscales du Comptoir et le rapprochement DGI","duration":0.7385000000358559,"failureMessages":[],"meta":{},"tags":[]},{"ancestorTitles":["plafond de permissions"],"fullName":"plafond de permissions attribue explicitement la finance Comptoir et sépare exécution et contrôle","status":"passed","title":"attribue explicitement la finance Comptoir et sépare exécution et contrôle","duration":1.17349999997532,"failureMessages":[],"meta":{},"tags":[]},{"ancestorTitles":["plafond de permissions"],"fullName":"plafond de permissions applique les gabarits lecture et recommandé sans dépasser le plafond","status":"passed","title":"applique les gabarits lecture et recommandé sans dépasser le plafond","duration":0.6186000000452623,"failureMessages":[],"meta":{},"tags":[]}],"startTime":1788759530089,"endTime":1788759530108.6187,"status":"passed","message":"","name":"F:/Development/SONASP/src/lib/accessControl.test.ts"},{"assertionResults":[{"ancestorTitles":["contrat du dossier artisan"],"fullName":"contrat du dossier artisan physique / exploitant","status":"passed","title":"physique / exploitant","duration":4.765499999979511,"failureMessages":[],"meta":{},"tags":[]},{"ancestorTitles":["contrat du dossier artisan"],"fullName":"contrat du dossier artisan physique / fournisseur","status":"passed","title":"physique / fournisseur","duration":0.6476000000257045,"failureMessages":[],"meta":{},"tags":[]},{"ancestorTitles":["contrat du dossier artisan"],"fullName":"contrat du dossier artisan physique / aide_exploitant","status":"passed","title":"physique / aide_exploitant","duration":0.5345000000088476,"failureMessages":[],"meta":{},"tags":[]},{"ancestorTitles":["contrat du dossier artisan"],"fullName":"contrat du dossier artisan physique / intermediaire","status":"passed","title":"physique / intermediaire","duration":0.36930000002030283,"failureMessages":[],"meta":{},"tags":[]},{"ancestorTitles":["contrat du dossier artisan"],"fullName":"contrat du dossier artisan morale / exploitant","status":"passed","title":"morale / exploitant","duration":0.6105000000097789,"failureMessages":[],"meta":{},"tags":[]},{"ancestorTitles":["contrat du dossier artisan"],"fullName":"contrat du dossier artisan morale / fournisseur","status":"passed","title":"morale / fournisseur","duration":0.3991999999852851,"failureMessages":[],"meta":{},"tags":[]},{"ancestorTitles":["contrat du dossier artisan"],"fullName":"contrat du dossier artisan morale / aide_exploitant","status":"passed","title":"morale / aide_exploitant","duration":0.3824000000022352,"failureMessages":[],"meta":{},"tags":[]},{"ancestorTitles":["contrat du dossier artisan"],"fullName":"contrat du dossier artisan morale / intermediaire","status":"passed","title":"morale / intermediaire","duration":0.36269999999785796,"failureMessages":[],"meta":{},"tags":[]},{"ancestorTitles":["contrat du dossier artisan"],"fullName":"contrat du dossier artisan mesure uniquement les obligations, avec les choix déjà renseignés","status":"passed","title":"mesure uniquement les obligations, avec les choix déjà renseignés","duration":1.8180999999749474,"failureMessages":[],"meta":{},"tags":[]},{"ancestorTitles":["contrat du dossier artisan"],"fullName":"contrat du dossier artisan exclut les champs et pièces de la branche inactive du payload","status":"passed","title":"exclut les champs et pièces de la branche inactive du payload","duration":2.159400000004098,"failureMessages":[],"meta":{},"tags":[]},{"ancestorTitles":["contrat du dossier artisan"],"fullName":"contrat du dossier artisan ne confond pas le responsable avec l’artisan et respecte le choix WhatsApp","status":"passed","title":"ne confond pas le responsable avec l’artisan et respecte le choix WhatsApp","duration":0.4285999999847263,"failureMessages":[],"meta":{},"tags":[]},{"ancestorTitles":["contrat du dossier artisan"],"fullName":"contrat du dossier artisan un aide exige son exploitant, sans site direct","status":"passed","title":"un aide exige son exploitant, sans site direct","duration":0.42070000001695007,"failureMessages":[],"meta":{},"tags":[]},{"ancestorTitles":["contrat du dossier artisan"],"fullName":"contrat du dossier artisan rejette une naissance future et des dates incohérentes, sans interdire une pièce expirée","status":"passed","title":"rejette une naissance future et des dates incohérentes, sans interdire une pièce expirée","duration":0.42619999998714775,"failureMessages":[],"meta":{},"tags":[]},{"ancestorTitles":["contrat du dossier artisan"],"fullName":"contrat du dossier artisan préserve les collecteurs historiques et un sexe non renseigné","status":"passed","title":"préserve les collecteurs historiques et un sexe non renseigné","duration":0.2559999999939464,"failureMessages":[],"meta":{},"tags":[]}],"startTime":1788759595882,"endTime":1788759595896.4263,"status":"passed","message":"","name":"F:/Development/SONASP/src/lib/artisanDossier.test.ts"},{"assertionResults":[{"ancestorTitles":["auditLog"],"fullName":"auditLog journalise une observation via la RPC sans écrire les tables d’audit","status":"passed","title":"journalise une observation via la RPC sans écrire les tables d’audit","duration":9.713500000012573,"failureMessages":[],"meta":{},"tags":[]},{"ancestorTitles":["auditLog"],"fullName":"auditLog borne les détails et laisse la fonction SQL dériver l’acteur courant","status":"passed","title":"borne les détails et laisse la fonction SQL dériver l’acteur courant","duration":1.4037999999709427,"failureMessages":[],"meta":{},"tags":[]}],"startTime":1788759574754,"endTime":1788759574765.4038,"status":"passed","message":"","name":"F:/Development/SONASP/src/lib/auditLog.test.ts"},{"assertionResults":[{"ancestorTitles":["capacités frontend"],"fullName":"capacités frontend utilise la matrice conservatrice seulement si le serveur est indisponible","status":"passed","title":"utilise la matrice conservatrice seulement si le serveur est indisponible","duration":2.5218999999342486,"failureMessages":[],"meta":{},"tags":[]},{"ancestorTitles":["capacités frontend"],"fullName":"capacités frontend respecte une liste serveur vide sans réintroduire les droits du rôle","status":"passed","title":"respecte une liste serveur vide sans réintroduire les droits du rôle","duration":0.5592000000178814,"failureMessages":[],"meta":{},"tags":[]},{"ancestorTitles":["capacités frontend"],"fullName":"capacités frontend accorde toutes les capacités fonctionnelles au Owner actif","status":"passed","title":"accorde toutes les capacités fonctionnelles au Owner actif","duration":0.4358999999240041,"failureMessages":[],"meta":{},"tags":[]},{"ancestorTitles":["capacités frontend"],"fullName":"capacités frontend reflète exactement un override serveur ciblé","status":"passed","title":"reflète exactement un override serveur ciblé","duration":0.44240000005811453,"failureMessages":[],"meta":{},"tags":[]},{"ancestorTitles":["capacités frontend"],"fullName":"capacités frontend refuse toute capacité à un compte désactivé, même si elle est renvoyée","status":"passed","title":"refuse toute capacité à un compte désactivé, même si elle est renvoyée","duration":0.45759999996516854,"failureMessages":[],"meta":{},"tags":[]},{"ancestorTitles":["capacités frontend"],"fullName":"capacités frontend ne déduit jamais les capabilities artisan sensibles du seul rôle admin","status":"passed","title":"ne déduit jamais les capabilities artisan sensibles du seul rôle admin","duration":0.41080000007059425,"failureMessages":[],"meta":{},"tags":[]},{"ancestorTitles":["capacités frontend"],"fullName":"capacités frontend exige une capability autoritative même pour Owner sur une opération sensible","status":"passed","title":"exige une capability autoritative même pour Owner sur une opération sensible","duration":0.3188999999547377,"failureMessages":[],"meta":{},"tags":[]}],"startTime":1788759744337,"endTime":1788759744342.411,"status":"passed","message":"","name":"F:/Development/SONASP/src/lib/capabilities.test.ts"},{"assertionResults":[{"ancestorTitles":["aperçu PDF de carte"],"fullName":"aperçu PDF de carte décode le PDF généré et produit un canevas aux dimensions attendues","status":"passed","title":"décode le PDF généré et produit un canevas aux dimensions attendues","duration":11.70360000000801,"failureMessages":[],"meta":{},"tags":[]},{"ancestorTitles":["aperçu PDF de carte"],"fullName":"aperçu PDF de carte libère le worker après un échec de rendu","status":"passed","title":"libère le worker après un échec de rendu","duration":5.034800000023097,"failureMessages":[],"meta":{},"tags":[]},{"ancestorTitles":["aperçu PDF de carte"],"fullName":"aperçu PDF de carte refuse une référence qui ne contient pas le PDF produit","status":"passed","title":"refuse une référence qui ne contient pas le PDF produit","duration":1.3300000000162981,"failureMessages":[],"meta":{},"tags":[]}],"startTime":1788759606493,"endTime":1788759606511.33,"status":"passed","message":"","name":"F:/Development/SONASP/src/lib/cardPdfPreview.test.ts"},{"assertionResults":[{"ancestorTitles":["matrice d’accès du portail Collecteur"],"fullName":"matrice d’accès du portail Collecteur reconnaît la capacité serveur et lui donne priorité sur le Comptoir","status":"passed","title":"reconnaît la capacité serveur et lui donne priorité sur le Comptoir","duration":3.3769999999785796,"failureMessages":[],"meta":{},"tags":[]},{"ancestorTitles":["matrice d’accès du portail Collecteur"],"fullName":"matrice d’accès du portail Collecteur autorise la consultation /portail-collecteur","status":"passed","title":"autorise la consultation /portail-collecteur","duration":2.1036999999778345,"failureMessages":[],"meta":{},"tags":[]},{"ancestorTitles":["matrice d’accès du portail Collecteur"],"fullName":"matrice d’accès du portail Collecteur autorise la consultation /portail-collecteur/stock","status":"passed","title":"autorise la consultation /portail-collecteur/stock","duration":1.1476000000257045,"failureMessages":[],"meta":{},"tags":[]},{"ancestorTitles":["matrice d’accès du portail Collecteur"],"fullName":"matrice d’accès du portail Collecteur autorise la consultation /portail-collecteur/documents","status":"passed","title":"autorise la consultation /portail-collecteur/documents","duration":1.0240999999805354,"failureMessages":[],"meta":{},"tags":[]},{"ancestorTitles":["matrice d’accès du portail Collecteur"],"fullName":"matrice d’accès du portail Collecteur autorise la consultation /artisan-minier/liste","status":"passed","title":"autorise la consultation /artisan-minier/liste","duration":0.9339000000036322,"failureMessages":[],"meta":{},"tags":[]},{"ancestorTitles":["matrice d’accès du portail Collecteur"],"fullName":"matrice d’accès du portail Collecteur autorise la consultation /artisan-minier/ventes-or","status":"passed","title":"autorise la consultation /artisan-minier/ventes-or","duration":0.8101999999489635,"failureMessages":[],"meta":{},"tags":[]},{"ancestorTitles":["matrice d’accès du portail Collecteur"],"fullName":"matrice d’accès du portail Collecteur autorise la consultation /artisan-minier/paiements/historique","status":"passed","title":"autorise la consultation /artisan-minier/paiements/historique","duration":0.8083000000333413,"failureMessages":[],"meta":{},"tags":[]},{"ancestorTitles":["matrice d’accès du portail Collecteur"],"fullName":"matrice d’accès du portail Collecteur autorise la consultation /artisan-minier/rapports/taxes","status":"passed","title":"autorise la consultation /artisan-minier/rapports/taxes","duration":0.6722999999765307,"failureMessages":[],"meta":{},"tags":[]},{"ancestorTitles":["matrice d’accès du portail Collecteur"],"fullName":"matrice d’accès du portail Collecteur autorise la consultation /profile","status":"passed","title":"autorise la consultation /profile","duration":0.6168000000179745,"failureMessages":[],"meta":{},"tags":[]},{"ancestorTitles":["matrice d’accès du portail Collecteur"],"fullName":"matrice d’accès du portail Collecteur autorise la consultation /help","status":"passed","title":"autorise la consultation /help","duration":1.1510000000125729,"failureMessages":[],"meta":{},"tags":[]},{"ancestorTitles":["matrice d’accès du portail Collecteur"],"fullName":"matrice d’accès du portail Collecteur autorise la consultation /artisan-minier/123e4567-e89b-12d3-a456-426614174000","status":"passed","title":"autorise la consultation /artisan-minier/123e4567-e89b-12d3-a456-426614174000","duration":0.5361999999731779,"failureMessages":[],"meta":{},"tags":[]},{"ancestorTitles":["matrice d’accès du portail Collecteur"],"fullName":"matrice d’accès du portail Collecteur autorise la consultation /artisan-minier/ventes-or/123e4567-e89b-12d3-a456-426614174000","status":"passed","title":"autorise la consultation /artisan-minier/ventes-or/123e4567-e89b-12d3-a456-426614174000","duration":0.44249999994644895,"failureMessages":[],"meta":{},"tags":[]},{"ancestorTitles":["matrice d’accès du portail Collecteur"],"fullName":"matrice d’accès du portail Collecteur refuse l’opération hors périmètre /portail-comptoir","status":"passed","title":"refuse l’opération hors périmètre /portail-comptoir","duration":0.46899999998277053,"failureMessages":[],"meta":{},"tags":[]},{"ancestorTitles":["matrice d’accès du portail Collecteur"],"fullName":"matrice d’accès du portail Collecteur refuse l’opération hors périmètre /portail-comptoir/ventes-sonasp","status":"passed","title":"refuse l’opération hors périmètre /portail-comptoir/ventes-sonasp","duration":0.7158000000054017,"failureMessages":[],"meta":{},"tags":[]},{"ancestorTitles":["matrice d’accès du portail Collecteur"],"fullName":"matrice d’accès du portail Collecteur refuse l’opération hors périmètre /sales","status":"passed","title":"refuse l’opération hors périmètre /sales","duration":0.5768000000389293,"failureMessages":[],"meta":{},"tags":[]},{"ancestorTitles":["matrice d’accès du portail Collecteur"],"fullName":"matrice d’accès du portail Collecteur refuse l’opération hors périmètre /gold-prices","status":"passed","title":"refuse l’opération hors périmètre /gold-prices","duration":0.6119000000180677,"failureMessages":[],"meta":{},"tags":[]},{"ancestorTitles":["matrice d’accès du portail Collecteur"],"fullName":"matrice d’accès du portail Collecteur refuse l’opération hors périmètre /artisan-minier","status":"passed","title":"refuse l’opération hors périmètre /artisan-minier","duration":0.5769999999902211,"failureMessages":[],"meta":{},"tags":[]},{"ancestorTitles":["matrice d’accès du portail Collecteur"],"fullName":"matrice d’accès du portail Collecteur refuse l’opération hors périmètre /artisan-minier/ventes-or/nouvelle","status":"passed","title":"refuse l’opération hors périmètre /artisan-minier/ventes-or/nouvelle","duration":0.5665999999619089,"failureMessages":[],"meta":{},"tags":[]},{"ancestorTitles":["matrice d’accès du portail Collecteur"],"fullName":"matrice d’accès du portail Collecteur refuse l’opération hors périmètre /artisan-minier/ventes-or/123e4567-e89b-12d3-a456-426614174000/modifier","status":"passed","title":"refuse l’opération hors périmètre /artisan-minier/ventes-or/123e4567-e89b-12d3-a456-426614174000/modifier","duration":0.5741000000271015,"failureMessages":[],"meta":{},"tags":[]},{"ancestorTitles":["matrice d’accès du portail Collecteur"],"fullName":"matrice d’accès du portail Collecteur refuse l’opération hors périmètre /artisan-minier/paiements","status":"passed","title":"refuse l’opération hors périmètre /artisan-minier/paiements","duration":0.7226999999838881,"failureMessages":[],"meta":{},"tags":[]},{"ancestorTitles":["matrice d’accès du portail Collecteur"],"fullName":"matrice d’accès du portail Collecteur refuse l’opération hors périmètre /artisan-minier/123e4567-e89b-12d3-a456-426614174000/infractions/nouvelle","status":"passed","title":"refuse l’opération hors périmètre /artisan-minier/123e4567-e89b-12d3-a456-426614174000/infractions/nouvelle","duration":0.811199999996461,"failureMessages":[],"meta":{},"tags":[]}],"startTime":1788759533836,"endTime":1788759533855.8113,"status":"passed","message":"","name":"F:/Development/SONASP/src/lib/collectorAccess.test.ts"},{"assertionResults":[{"ancestorTitles":["périmètre du portail Comptoir"],"fullName":"périmètre du portail Comptoir exige le rôle partenaire et la capacité serveur","status":"passed","title":"exige le rôle partenaire et la capacité serveur","duration":4.3510999999707565,"failureMessages":[],"meta":{},"tags":[]},{"ancestorTitles":["périmètre du portail Comptoir"],"fullName":"périmètre du portail Comptoir autorise /portail-comptoir","status":"passed","title":"autorise /portail-comptoir","duration":2.320799999986775,"failureMessages":[],"meta":{},"tags":[]},{"ancestorTitles":["périmètre du portail Comptoir"],"fullName":"périmètre du portail Comptoir autorise /portail-comptoir/stock","status":"passed","title":"autorise /portail-comptoir/stock","duration":1.539699999964796,"failureMessages":[],"meta":{},"tags":[]},{"ancestorTitles":["périmètre du portail Comptoir"],"fullName":"périmètre du portail Comptoir autorise /artisan-minier/liste","status":"passed","title":"autorise /artisan-minier/liste","duration":1.5009999999892898,"failureMessages":[],"meta":{},"tags":[]},{"ancestorTitles":["périmètre du portail Comptoir"],"fullName":"périmètre du portail Comptoir autorise /artisan-minier/ventes-or/nouvelle","status":"passed","title":"autorise /artisan-minier/ventes-or/nouvelle","duration":1.0989999999874271,"failureMessages":[],"meta":{},"tags":[]},{"ancestorTitles":["périmètre du portail Comptoir"],"fullName":"périmètre du portail Comptoir autorise /artisan-minier/ventes-or/123/facture","status":"passed","title":"autorise /artisan-minier/ventes-or/123/facture","duration":1.1120000000228174,"failureMessages":[],"meta":{},"tags":[]},{"ancestorTitles":["périmètre du portail Comptoir"],"fullName":"périmètre du portail Comptoir autorise /artisan-minier/paiements/historique","status":"passed","title":"autorise /artisan-minier/paiements/historique","duration":1.243799999996554,"failureMessages":[],"meta":{},"tags":[]},{"ancestorTitles":["périmètre du portail Comptoir"],"fullName":"périmètre du portail Comptoir autorise /artisan-minier/rapports/taxes","status":"passed","title":"autorise /artisan-minier/rapports/taxes","duration":1.064600000041537,"failureMessages":[],"meta":{},"tags":[]},{"ancestorTitles":["périmètre du portail Comptoir"],"fullName":"périmètre du portail Comptoir autorise /artisan-minier/123e4567-e89b-12d3-a456-426614174000","status":"passed","title":"autorise /artisan-minier/123e4567-e89b-12d3-a456-426614174000","duration":1.1252999999560416,"failureMessages":[],"meta":{},"tags":[]},{"ancestorTitles":["périmètre du portail Comptoir"],"fullName":"périmètre du portail Comptoir refuse /sales","status":"passed","title":"refuse /sales","duration":1.0001000000047497,"failureMessages":[],"meta":{},"tags":[]},{"ancestorTitles":["périmètre du portail Comptoir"],"fullName":"périmètre du portail Comptoir refuse /gold-prices","status":"passed","title":"refuse /gold-prices","duration":0.8439000000362284,"failureMessages":[],"meta":{},"tags":[]},{"ancestorTitles":["périmètre du portail Comptoir"],"fullName":"périmètre du portail Comptoir refuse /production/licenses","status":"passed","title":"refuse /production/licenses","duration":0.9529000000329688,"failureMessages":[],"meta":{},"tags":[]},{"ancestorTitles":["périmètre du portail Comptoir"],"fullName":"périmètre du portail Comptoir refuse /shipping/preparation","status":"passed","title":"refuse /shipping/preparation","duration":0.8519999999552965,"failureMessages":[],"meta":{},"tags":[]},{"ancestorTitles":["périmètre du portail Comptoir"],"fullName":"périmètre du portail Comptoir refuse /artisan-minier/123e4567-e89b-12d3-a456-426614174000/edit","status":"passed","title":"refuse /artisan-minier/123e4567-e89b-12d3-a456-426614174000/edit","duration":1.077999999979511,"failureMessages":[],"meta":{},"tags":[]},{"ancestorTitles":["périmètre du portail Comptoir"],"fullName":"périmètre du portail Comptoir refuse /artisan-minier/cartes/validation","status":"passed","title":"refuse /artisan-minier/cartes/validation","duration":1.092899999988731,"failureMessages":[],"meta":{},"tags":[]},{"ancestorTitles":["périmètre du portail Comptoir"],"fullName":"périmètre du portail Comptoir refuse /users","status":"passed","title":"refuse /users","duration":0.9866000000038184,"failureMessages":[],"meta":{},"tags":[]},{"ancestorTitles":["périmètre du portail Comptoir"],"fullName":"périmètre du portail Comptoir refuse /admin/modules","status":"passed","title":"refuse /admin/modules","duration":0.8645999999716878,"failureMessages":[],"meta":{},"tags":[]}],"startTime":1788759604693,"endTime":1788759604715.8645,"status":"passed","message":"","name":"F:/Development/SONASP/src/lib/comptoirAccess.test.ts"},{"assertionResults":[{"ancestorTitles":["règles du tableau fiscal DGI"],"fullName":"règles du tableau fiscal DGI calcule le reste, le taux et la tendance sans propager NaN","status":"passed","title":"calcule le reste, le taux et la tendance sans propager NaN","duration":5.350300000049174,"failureMessages":[],"meta":{},"tags":[]},{"ancestorTitles":["règles du tableau fiscal DGI"],"fullName":"règles du tableau fiscal DGI formate les valeurs sans inventer un zéro quand elles manquent","status":"passed","title":"formate les valeurs sans inventer un zéro quand elles manquent","duration":1.3063000000547618,"failureMessages":[],"meta":{},"tags":[]},{"ancestorTitles":["règles du tableau fiscal DGI"],"fullName":"règles du tableau fiscal DGI centralise le libellé de performance et respecte un objectif configuré","status":"passed","title":"centralise le libellé de performance et respecte un objectif configuré","duration":0.7979999999515712,"failureMessages":[],"meta":{},"tags":[]},{"ancestorTitles":["règles du tableau fiscal DGI"],"fullName":"règles du tableau fiscal DGI exporte exclusivement les données effectivement reçues","status":"passed","title":"exporte exclusivement les données effectivement reçues","duration":2.322799999965355,"failureMessages":[],"meta":{},"tags":[]}],"startTime":1788759732248,"endTime":1788759732258.3228,"status":"passed","message":"","name":"F:/Development/SONASP/src/lib/dgiFiscalDashboard.test.ts"},{"assertionResults":[{"ancestorTitles":["calculs du tableau réglementaire DGMG"],"fullName":"calculs du tableau réglementaire DGMG calcule un taux de conformité borné à partir des seules classes connues","status":"passed","title":"calcule un taux de conformité borné à partir des seules classes connues","duration":5.1124999999883585,"failureMessages":[],"meta":{},"tags":[]},{"ancestorTitles":["calculs du tableau réglementaire DGMG"],"fullName":"calculs du tableau réglementaire DGMG protège la division par zéro, les absences et les valeurs négatives","status":"passed","title":"protège la division par zéro, les absences et les valeurs négatives","duration":0.8630000000121072,"failureMessages":[],"meta":{},"tags":[]},{"ancestorTitles":["calculs du tableau réglementaire DGMG"],"fullName":"calculs du tableau réglementaire DGMG formate la masse sans confondre zéro et absence","status":"passed","title":"formate la masse sans confondre zéro et absence","duration":1.050600000016857,"failureMessages":[],"meta":{},"tags":[]},{"ancestorTitles":["calculs du tableau réglementaire DGMG"],"fullName":"calculs du tableau réglementaire DGMG exporte uniquement les valeurs présentes dans le contrat normalisé","status":"passed","title":"exporte uniquement les valeurs présentes dans le contrat normalisé","duration":1.231900000013411,"failureMessages":[],"meta":{},"tags":[]}],"startTime":1788759626029,"endTime":1788759626037.232,"status":"passed","message":"","name":"F:/Development/SONASP/src/lib/dgmgRegulatoryDashboard.test.ts"},{"assertionResults":[{"ancestorTitles":["evaluateEffectiveAccess"],"fullName":"evaluateEffectiveAccess autorise uniquement lorsque tous les plafonds sont ouverts","status":"passed","title":"autorise uniquement lorsque tous les plafonds sont ouverts","duration":5.789199999999255,"failureMessages":[],"meta":{},"tags":[]},{"ancestorTitles":["evaluateEffectiveAccess"],"fullName":"evaluateEffectiveAccess refuse par défaut lorsque accountActive est fermé","status":"passed","title":"refuse par défaut lorsque accountActive est fermé","duration":1.2873999999719672,"failureMessages":[],"meta":{},"tags":[]},{"ancestorTitles":["evaluateEffectiveAccess"],"fullName":"evaluateEffectiveAccess refuse par défaut lorsque sessionActive est fermé","status":"passed","title":"refuse par défaut lorsque sessionActive est fermé","duration":0.7814999999827705,"failureMessages":[],"meta":{},"tags":[]},{"ancestorTitles":["evaluateEffectiveAccess"],"fullName":"evaluateEffectiveAccess refuse par défaut lorsque portalActive est fermé","status":"passed","title":"refuse par défaut lorsque portalActive est fermé","duration":0.5790999999735504,"failureMessages":[],"meta":{},"tags":[]},{"ancestorTitles":["evaluateEffectiveAccess"],"fullName":"evaluateEffectiveAccess refuse par défaut lorsque roleActive est fermé","status":"passed","title":"refuse par défaut lorsque roleActive est fermé","duration":0.4452999999630265,"failureMessages":[],"meta":{},"tags":[]},{"ancestorTitles":["evaluateEffectiveAccess"],"fullName":"evaluateEffectiveAccess refuse par défaut lorsque roleBelongsToPortal est fermé","status":"passed","title":"refuse par défaut lorsque roleBelongsToPortal est fermé","duration":0.4615000000339933,"failureMessages":[],"meta":{},"tags":[]},{"ancestorTitles":["evaluateEffectiveAccess"],"fullName":"evaluateEffectiveAccess refuse par défaut lorsque moduleGloballyActive est fermé","status":"passed","title":"refuse par défaut lorsque moduleGloballyActive est fermé","duration":0.30890000000363216,"failureMessages":[],"meta":{},"tags":[]},{"ancestorTitles":["evaluateEffectiveAccess"],"fullName":"evaluateEffectiveAccess refuse par défaut lorsque moduleActiveForPortal est fermé","status":"passed","title":"refuse par défaut lorsque moduleActiveForPortal est fermé","duration":0.2886999999755062,"failureMessages":[],"meta":{},"tags":[]},{"ancestorTitles":["evaluateEffectiveAccess"],"fullName":"evaluateEffectiveAccess refuse par défaut lorsque moduleActiveForRole est fermé","status":"passed","title":"refuse par défaut lorsque moduleActiveForRole est fermé","duration":0.33039999997708946,"failureMessages":[],"meta":{},"tags":[]},{"ancestorTitles":["evaluateEffectiveAccess"],"fullName":"evaluateEffectiveAccess refuse par défaut lorsque permissionApplicable est fermé","status":"passed","title":"refuse par défaut lorsque permissionApplicable est fermé","duration":0.4481999999843538,"failureMessages":[],"meta":{},"tags":[]},{"ancestorTitles":["evaluateEffectiveAccess"],"fullName":"evaluateEffectiveAccess refuse par défaut lorsque permissionGrantedToRole est fermé","status":"passed","title":"refuse par défaut lorsque permissionGrantedToRole est fermé","duration":0.31430000002728775,"failureMessages":[],"meta":{},"tags":[]},{"ancestorTitles":["evaluateEffectiveAccess"],"fullName":"evaluateEffectiveAccess refuse par défaut lorsque individualGrantWithinCeiling est fermé","status":"passed","title":"refuse par défaut lorsque individualGrantWithinCeiling est fermé","duration":0.2946999999694526,"failureMessages":[],"meta":{},"tags":[]},{"ancestorTitles":["evaluateEffectiveAccess"],"fullName":"evaluateEffectiveAccess fait toujours primer une restriction individuelle","status":"passed","title":"fait toujours primer une restriction individuelle","duration":2.0794999999925494,"failureMessages":[],"meta":{},"tags":[]}],"startTime":1788759654313,"endTime":1788759654326.0796,"status":"passed","message":"","name":"F:/Development/SONASP/src/lib/effectiveAccess.test.ts"},{"assertionResults":[{"ancestorTitles":["excelExport"],"fullName":"excelExport génère un classeur xlsx sans parser de contenu externe","status":"passed","title":"génère un classeur xlsx sans parser de contenu externe","duration":436.7694999999949,"failureMessages":[],"meta":{},"tags":[]}],"startTime":1788759484032,"endTime":1788759484468.7695,"status":"passed","message":"","name":"F:/Development/SONASP/src/lib/excelExport.test.ts"},{"assertionResults":[{"ancestorTitles":["freightCustomsAccess"],"fullName":"freightCustomsAccess reste fail-closed sans liste autoritative de capacités, y compris pour owner","status":"passed","title":"reste fail-closed sans liste autoritative de capacités, y compris pour owner","duration":4.71820000000298,"failureMessages":[],"meta":{},"tags":[]},{"ancestorTitles":["freightCustomsAccess"],"fullName":"freightCustomsAccess n’expose qu’une étape suivante canonique","status":"passed","title":"n’expose qu’une étape suivante canonique","duration":1.1515000000363216,"failureMessages":[],"meta":{},"tags":[]},{"ancestorTitles":["freightCustomsAccess"],"fullName":"freightCustomsAccess autorise l’historique tenant d’une mine seulement via la capacité autoritative","status":"passed","title":"autorise l’historique tenant d’une mine seulement via la capacité autoritative","duration":0.7423999999882653,"failureMessages":[],"meta":{},"tags":[]},{"ancestorTitles":["freightCustomsAccess"],"fullName":"freightCustomsAccess refuse l’auto-approbation même avec la capacité adéquate","status":"passed","title":"refuse l’auto-approbation même avec la capacité adéquate","duration":1.374900000053458,"failureMessages":[],"meta":{},"tags":[]},{"ancestorTitles":["freightCustomsAccess"],"fullName":"freightCustomsAccess autorise un approbateur distinct disposant de la capacité AAL2","status":"passed","title":"autorise un approbateur distinct disposant de la capacité AAL2","duration":2.186199999996461,"failureMessages":[],"meta":{},"tags":[]},{"ancestorTitles":["freightCustomsAccess"],"fullName":"freightCustomsAccess refuse à l’approbateur de préparer puis de constater seul le départ","status":"passed","title":"refuse à l’approbateur de préparer puis de constater seul le départ","duration":1.2153999999864027,"failureMessages":[],"meta":{},"tags":[]}],"startTime":1788759728533,"endTime":1788759728545.2153,"status":"passed","message":"","name":"F:/Development/SONASP/src/lib/freightCustomsAccess.test.ts"},{"assertionResults":[{"ancestorTitles":["stabilité de la plateforme locale"],"fullName":"stabilité de la plateforme locale reconstruit la version locale avant de la servir sans client HMR","status":"passed","title":"reconstruit la version locale avant de la servir sans client HMR","duration":4.277000000001863,"failureMessages":[],"meta":{},"tags":[]},{"ancestorTitles":["stabilité de la plateforme locale"],"fullName":"stabilité de la plateforme locale réserve le port habituel à la plateforme stable et isole le développement","status":"passed","title":"réserve le port habituel à la plateforme stable et isole le développement","duration":4.852899999998044,"failureMessages":[],"meta":{},"tags":[]}],"startTime":1788759678096,"endTime":1788759678104.8528,"status":"passed","message":"","name":"F:/Development/SONASP/src/lib/localRuntimeConfig.test.ts"},{"assertionResults":[{"ancestorTitles":["matrice d’accès du portail Mine"],"fullName":"matrice d’accès du portail Mine reconnaît le périmètre par le rattachement, y compris pour un rôle historique customer","status":"passed","title":"reconnaît le périmètre par le rattachement, y compris pour un rôle historique customer","duration":3.5786999999545515,"failureMessages":[],"meta":{},"tags":[]},{"ancestorTitles":["matrice d’accès du portail Mine"],"fullName":"matrice d’accès du portail Mine considère la liste explicite de capacités comme autoritative","status":"passed","title":"considère la liste explicite de capacités comme autoritative","duration":0.5811000000103377,"failureMessages":[],"meta":{},"tags":[]},{"ancestorTitles":["matrice d’accès du portail Mine"],"fullName":"matrice d’accès du portail Mine autorise /production/daily","status":"passed","title":"autorise /production/daily","duration":1.7541000000201166,"failureMessages":[],"meta":{},"tags":[]},{"ancestorTitles":["matrice d’accès du portail Mine"],"fullName":"matrice d’accès du portail Mine autorise /production/in-safe","status":"passed","title":"autorise /production/in-safe","duration":0.8840000000200234,"failureMessages":[],"meta":{},"tags":[]},{"ancestorTitles":["matrice d’accès du portail Mine"],"fullName":"matrice d’accès du portail Mine autorise /production/licenses/123","status":"passed","title":"autorise /production/licenses/123","duration":0.6611000000266358,"failureMessages":[],"meta":{},"tags":[]},{"ancestorTitles":["matrice d’accès du portail Mine"],"fullName":"matrice d’accès du portail Mine autorise /performance/budgets","status":"passed","title":"autorise /performance/budgets","duration":0.9741999999969266,"failureMessages":[],"meta":{},"tags":[]},{"ancestorTitles":["matrice d’accès du portail Mine"],"fullName":"matrice d’accès du portail Mine autorise /performance/forecasts","status":"passed","title":"autorise /performance/forecasts","duration":0.8768000000272878,"failureMessages":[],"meta":{},"tags":[]},{"ancestorTitles":["matrice d’accès du portail Mine"],"fullName":"matrice d’accès du portail Mine autorise /shipping","status":"passed","title":"autorise /shipping","duration":1.151300000026822,"failureMessages":[],"meta":{},"tags":[]},{"ancestorTitles":["matrice d’accès du portail Mine"],"fullName":"matrice d’accès du portail Mine autorise /shipping/preparation/new","status":"passed","title":"autorise /shipping/preparation/new","duration":1.0863000000244938,"failureMessages":[],"meta":{},"tags":[]},{"ancestorTitles":["matrice d’accès du portail Mine"],"fullName":"matrice d’accès du portail Mine autorise /refining","status":"passed","title":"autorise /refining","duration":1.0129999999771826,"failureMessages":[],"meta":{},"tags":[]},{"ancestorTitles":["matrice d’accès du portail Mine"],"fullName":"matrice d’accès du portail Mine autorise /inventory","status":"passed","title":"autorise /inventory","duration":0.7845000000088476,"failureMessages":[],"meta":{},"tags":[]},{"ancestorTitles":["matrice d’accès du portail Mine"],"fullName":"matrice d’accès du portail Mine autorise /sales/new","status":"passed","title":"autorise /sales/new","duration":0.7374999999883585,"failureMessages":[],"meta":{},"tags":[]},{"ancestorTitles":["matrice d’accès du portail Mine"],"fullName":"matrice d’accès du portail Mine autorise /stakeholders/depositors/new","status":"passed","title":"autorise /stakeholders/depositors/new","duration":0.6925000000046566,"failureMessages":[],"meta":{},"tags":[]},{"ancestorTitles":["matrice d’accès du portail Mine"],"fullName":"matrice d’accès du portail Mine autorise /contrats/nouveau","status":"passed","title":"autorise /contrats/nouveau","duration":0.8207999999867752,"failureMessages":[],"meta":{},"tags":[]},{"ancestorTitles":["matrice d’accès du portail Mine"],"fullName":"matrice d’accès du portail Mine autorise /contrats/123","status":"passed","title":"autorise /contrats/123","duration":0.7567000000271946,"failureMessages":[],"meta":{},"tags":[]},{"ancestorTitles":["matrice d’accès du portail Mine"],"fullName":"matrice d’accès du portail Mine autorise /requisitions/123","status":"passed","title":"autorise /requisitions/123","duration":0.740700000023935,"failureMessages":[],"meta":{},"tags":[]},{"ancestorTitles":["matrice d’accès du portail Mine"],"fullName":"matrice d’accès du portail Mine autorise /achats/reglements","status":"passed","title":"autorise /achats/reglements","duration":0.8390999999828637,"failureMessages":[],"meta":{},"tags":[]},{"ancestorTitles":["matrice d’accès du portail Mine"],"fullName":"matrice d’accès du portail Mine refuse /production/achats-mines","status":"passed","title":"refuse /production/achats-mines","duration":0.8900999999605119,"failureMessages":[],"meta":{},"tags":[]},{"ancestorTitles":["matrice d’accès du portail Mine"],"fullName":"matrice d’accès du portail Mine refuse /achats/plans","status":"passed","title":"refuse /achats/plans","duration":0.7167999999946915,"failureMessages":[],"meta":{},"tags":[]},{"ancestorTitles":["matrice d’accès du portail Mine"],"fullName":"matrice d’accès du portail Mine refuse /achats/comptes","status":"passed","title":"refuse /achats/comptes","duration":0.7658999999985099,"failureMessages":[],"meta":{},"tags":[]},{"ancestorTitles":["matrice d’accès du portail Mine"],"fullName":"matrice d’accès du portail Mine refuse /inventory/add","status":"passed","title":"refuse /inventory/add","duration":1.0952999999863096,"failureMessages":[],"meta":{},"tags":[]},{"ancestorTitles":["matrice d’accès du portail Mine"],"fullName":"matrice d’accès du portail Mine refuse /sales/approve/123","status":"passed","title":"refuse /sales/approve/123","duration":0.7277000000467524,"failureMessages":[],"meta":{},"tags":[]},{"ancestorTitles":["matrice d’accès du portail Mine"],"fullName":"matrice d’accès du portail Mine refuse /admin/users","status":"passed","title":"refuse /admin/users","duration":0.7005000000353903,"failureMessages":[],"meta":{},"tags":[]},{"ancestorTitles":["matrice d’accès du portail Mine"],"fullName":"matrice d’accès du portail Mine refuse /contrats/contrat-1/modifier","status":"passed","title":"refuse /contrats/contrat-1/modifier","duration":0.7172999999602325,"failureMessages":[],"meta":{},"tags":[]},{"ancestorTitles":["matrice d’accès du portail Mine"],"fullName":"matrice d’accès du portail Mine refuse /requisitions/req-1/modifier","status":"passed","title":"refuse /requisitions/req-1/modifier","duration":0.709499999997206,"failureMessages":[],"meta":{},"tags":[]},{"ancestorTitles":["matrice d’accès du portail Mine"],"fullName":"matrice d’accès du portail Mine refuse /production/licenses/edit/licence-1","status":"passed","title":"refuse /production/licenses/edit/licence-1","duration":0.6135000000358559,"failureMessages":[],"meta":{},"tags":[]}],"startTime":1788759548258,"endTime":1788759548283.6135,"status":"passed","message":"","name":"F:/Development/SONASP/src/lib/mineAccess.test.ts"},{"assertionResults":[{"ancestorTitles":["permissions Owner"],"fullName":"permissions Owner accorde au Owner actif toutes les permissions et tous les sites","status":"passed","title":"accorde au Owner actif toutes les permissions et tous les sites","duration":3.572199999995064,"failureMessages":[],"meta":{},"tags":[]},{"ancestorTitles":["permissions Owner"],"fullName":"permissions Owner ne contourne pas la désactivation du compte","status":"passed","title":"ne contourne pas la désactivation du compte","duration":0.6649000000325032,"failureMessages":[],"meta":{},"tags":[]},{"ancestorTitles":["permissions Owner"],"fullName":"permissions Owner limite l’administrateur au socle sans le rendre propriétaire ni acteur métier","status":"passed","title":"limite l’administrateur au socle sans le rendre propriétaire ni acteur métier","duration":0.8140000000130385,"failureMessages":[],"meta":{},"tags":[]},{"ancestorTitles":["permissions Owner"],"fullName":"permissions Owner dirige tout représentant de mine vers le portail dédié","status":"passed","title":"dirige tout représentant de mine vers le portail dédié","duration":0.6275000000023283,"failureMessages":[],"meta":{},"tags":[]},{"ancestorTitles":["permissions Owner"],"fullName":"permissions Owner réserve au Manager un portail consultatif distinct","status":"passed","title":"réserve au Manager un portail consultatif distinct","duration":0.8079000000143424,"failureMessages":[],"meta":{},"tags":[]},{"ancestorTitles":["permissions Owner"],"fullName":"permissions Owner isole strictement les permissions de chaque domaine fonctionnel","status":"passed","title":"isole strictement les permissions de chaque domaine fonctionnel","duration":0.4719000000040978,"failureMessages":[],"meta":{},"tags":[]},{"ancestorTitles":["permissions Owner"],"fullName":"permissions Owner n’utilise aucune valeur de permission ambiguë ou dupliquée","status":"passed","title":"n’utilise aucune valeur de permission ambiguë ou dupliquée","duration":0.22179999999934807,"failureMessages":[],"meta":{},"tags":[]}],"startTime":1788759682432,"endTime":1788759682440.2217,"status":"passed","message":"","name":"F:/Development/SONASP/src/lib/permissions.test.ts"},{"assertionResults":[{"ancestorTitles":["catalogue fonctionnel des modules"],"fullName":"catalogue fonctionnel des modules rattache chaque groupe visuel à un module canonique sans dupliquer les permissions","status":"passed","title":"rattache chaque groupe visuel à un module canonique sans dupliquer les permissions","duration":11.71820000000298,"failureMessages":[],"meta":{},"tags":[]},{"ancestorTitles":["catalogue fonctionnel des modules"],"fullName":"catalogue fonctionnel des modules interdit les codes ou rattachements de navigation en doublon","status":"passed","title":"interdit les codes ou rattachements de navigation en doublon","duration":0.697600000014063,"failureMessages":[],"meta":{},"tags":[]},{"ancestorTitles":["catalogue fonctionnel des modules"],"fullName":"catalogue fonctionnel des modules sépare la gouvernance des accès de l’administration technique","status":"passed","title":"sépare la gouvernance des accès de l’administration technique","duration":1.103899999987334,"failureMessages":[],"meta":{},"tags":[]},{"ancestorTitles":["catalogue fonctionnel des modules"],"fullName":"catalogue fonctionnel des modules masque un sous-module Administration pour les autres rôles, mais jamais pour le Owner","status":"passed","title":"masque un sous-module Administration pour les autres rôles, mais jamais pour le Owner","duration":32.79859999998007,"failureMessages":[],"meta":{},"tags":[]},{"ancestorTitles":["catalogue fonctionnel des modules"],"fullName":"catalogue fonctionnel des modules expose séparément les stocks et la Réserve nationale au Owner actif","status":"passed","title":"expose séparément les stocks et la Réserve nationale au Owner actif","duration":1.437900000018999,"failureMessages":[],"meta":{},"tags":[]},{"ancestorTitles":["catalogue fonctionnel des modules"],"fullName":"catalogue fonctionnel des modules ne masque pas les contrats et paiements d’un module attribué à Admin à cause d’un domaine secondaire","status":"passed","title":"ne masque pas les contrats et paiements d’un module attribué à Admin à cause d’un domaine secondaire","duration":36.8289999999688,"failureMessages":[],"meta":{},"tags":[]},{"ancestorTitles":["catalogue fonctionnel des modules"],"fullName":"catalogue fonctionnel des modules retire un module masqué pour les autres rôles et conserve l’accès Owner","status":"passed","title":"retire un module masqué pour les autres rôles et conserve l’accès Owner","duration":24.81190000002971,"failureMessages":[],"meta":{},"tags":[]},{"ancestorTitles":["catalogue fonctionnel des modules"],"fullName":"catalogue fonctionnel des modules rattache chaque famille de routes au bon module canonique","status":"passed","title":"rattache chaque famille de routes au bon module canonique","duration":0.6563000000314787,"failureMessages":[],"meta":{},"tags":[]}],"startTime":1788759495851,"endTime":1788759495960.6562,"status":"passed","message":"","name":"F:/Development/SONASP/src/lib/platformModuleCatalog.test.ts"},{"assertionResults":[{"ancestorTitles":["presentError"],"fullName":"presentError classifies PGRST201 without leaking diagnostics","status":"passed","title":"classifies PGRST201 without leaking diagnostics","duration":3.970400000049267,"failureMessages":[],"meta":{},"tags":[]},{"ancestorTitles":["presentError"],"fullName":"presentError classifies 42501 without leaking diagnostics","status":"passed","title":"classifies 42501 without leaking diagnostics","duration":0.8156000000308268,"failureMessages":[],"meta":{},"tags":[]},{"ancestorTitles":["presentError"],"fullName":"presentError classifies 23505 without leaking diagnostics","status":"passed","title":"classifies 23505 without leaking diagnostics","duration":0.8299000000115484,"failureMessages":[],"meta":{},"tags":[]},{"ancestorTitles":["presentError"],"fullName":"presentError classifies 40001 without leaking diagnostics","status":"passed","title":"classifies 40001 without leaking diagnostics","duration":0.6819999999715947,"failureMessages":[],"meta":{},"tags":[]},{"ancestorTitles":["presentError"],"fullName":"presentError handles unknown errors without suggesting an automatic save retry","status":"passed","title":"handles unknown errors without suggesting an automatic save retry","duration":1.1105000000097789,"failureMessages":[],"meta":{},"tags":[]},{"ancestorTitles":["presentError"],"fullName":"presentError presents user-facing errors in institutional French","status":"passed","title":"presents user-facing errors in institutional French","duration":2.3629000000073574,"failureMessages":[],"meta":{},"tags":[]}],"startTime":1788759714299,"endTime":1788759714309.3628,"status":"passed","message":"","name":"F:/Development/SONASP/src/lib/presentError.test.ts"},{"assertionResults":[{"ancestorTitles":["références de stockage privé"],"fullName":"références de stockage privé canonicalise prep-1/document.pdf","status":"passed","title":"canonicalise prep-1/document.pdf","duration":5.267099999997299,"failureMessages":[],"meta":{},"tags":[]},{"ancestorTitles":["références de stockage privé"],"fullName":"références de stockage privé canonicalise shipping-documents/prep-1/document.pdf","status":"passed","title":"canonicalise shipping-documents/prep-1/document.pdf","duration":0.9613999999710359,"failureMessages":[],"meta":{},"tags":[]},{"ancestorTitles":["références de stockage privé"],"fullName":"références de stockage privé canonicalise shipping-documents/shipping-documents/prep-1/document.pdf","status":"passed","title":"canonicalise shipping-documents/shipping-documents/prep-1/document.pdf","duration":0.6095999999670312,"failureMessages":[],"meta":{},"tags":[]},{"ancestorTitles":["références de stockage privé"],"fullName":"références de stockage privé canonicalise https://projet.supabase.co/storage/v1/object/public/shipping-documents/prep-1/document.pdf?download=1","status":"passed","title":"canonicalise https://projet.supabase.co/storage/v1/object/public/shipping-documents/prep-1/document.pdf?download=1","duration":0.6824000000488013,"failureMessages":[],"meta":{},"tags":[]},{"ancestorTitles":["références de stockage privé"],"fullName":"références de stockage privé canonicalise https://projet.supabase.co/storage/v1/object/sign/shipping-documents/shipping-documents/prep-1/Packing%20List.pdf?token=secret","status":"passed","title":"canonicalise https://projet.supabase.co/storage/v1/object/sign/shipping-documents/shipping-documents/prep-1/Packing%20List.pdf?token=secret","duration":0.5060000000521541,"failureMessages":[],"meta":{},"tags":[]},{"ancestorTitles":["références de stockage privé"],"fullName":"références de stockage privé refuse le mauvais bucket, les URL ordinaires et la traversée encodée","status":"passed","title":"refuse le mauvais bucket, les URL ordinaires et la traversée encodée","duration":0.8261999999522232,"failureMessages":[],"meta":{},"tags":[]},{"ancestorTitles":["références de stockage privé"],"fullName":"références de stockage privé respecte la casse du bucket de certificats et canonicalise le bucket mine","status":"passed","title":"respecte la casse du bucket de certificats et canonicalise le bucket mine","duration":0.5932000000029802,"failureMessages":[],"meta":{},"tags":[]},{"ancestorTitles":["références de stockage privé"],"fullName":"références de stockage privé signe uniquement le chemin canonique et borne la durée","status":"passed","title":"signe uniquement le chemin canonique et borne la durée","duration":5.992499999993015,"failureMessages":[],"meta":{},"tags":[]},{"ancestorTitles":["références de stockage privé"],"fullName":"références de stockage privé échoue fermé lorsque la signature est refusée","status":"passed","title":"échoue fermé lorsque la signature est refusée","duration":3.3024999999906868,"failureMessages":[],"meta":{},"tags":[]}],"startTime":1788759583330,"endTime":1788759583349.3025,"status":"passed","message":"","name":"F:/Development/SONASP/src/lib/privateStorage.test.ts"},{"assertionResults":[{"ancestorTitles":["configuration de transition PWA"],"fullName":"configuration de transition PWA produit un identifiant atomique inclus dans le manifeste Workbox","status":"passed","title":"produit un identifiant atomique inclus dans le manifeste Workbox","duration":6.0182999999960884,"failureMessages":[],"meta":{},"tags":[]},{"ancestorTitles":["configuration de transition PWA"],"fullName":"configuration de transition PWA maintient le worker en attente d’un geste explicite","status":"passed","title":"maintient le worker en attente d’un geste explicite","duration":2.3240000000223517,"failureMessages":[],"meta":{},"tags":[]},{"ancestorTitles":["configuration de transition PWA"],"fullName":"configuration de transition PWA délègue le contrôle du reload au garde local inter-onglets","status":"passed","title":"délègue le contrôle du reload au garde local inter-onglets","duration":2.3995999999460764,"failureMessages":[],"meta":{},"tags":[]}],"startTime":1788759581512,"endTime":1788759581523.3997,"status":"passed","message":"","name":"F:/Development/SONASP/src/lib/pwaConfig.test.ts"},{"assertionResults":[{"ancestorTitles":["cycle réseau et version PWA"],"fullName":"cycle réseau et version PWA déduit online/offline uniquement du signal navigateur","status":"passed","title":"déduit online/offline uniquement du signal navigateur","duration":4.223100000002887,"failureMessages":[],"meta":{},"tags":[]},{"ancestorTitles":["cycle réseau et version PWA"],"fullName":"cycle réseau et version PWA vérifie une version sans activer le worker ni recharger la page","status":"passed","title":"vérifie une version sans activer le worker ni recharger la page","duration":4.168100000009872,"failureMessages":[],"meta":{},"tags":[]},{"ancestorTitles":["cycle réseau et version PWA"],"fullName":"cycle réseau et version PWA conserve l’état online lorsqu’un contrôle de version échoue","status":"passed","title":"conserve l’état online lorsqu’un contrôle de version échoue","duration":1.2537000000011176,"failureMessages":[],"meta":{},"tags":[]}],"startTime":1788759700685,"endTime":1788759700695.2537,"status":"passed","message":"","name":"F:/Development/SONASP/src/lib/pwaUpdate.test.ts"},{"assertionResults":[{"ancestorTitles":["hiérarchie d’administration des comptes"],"fullName":"hiérarchie d’administration des comptes réserve l’attribution du rôle Propriétaire à un Owner","status":"passed","title":"réserve l’attribution du rôle Propriétaire à un Owner","duration":5.171099999977741,"failureMessages":[],"meta":{},"tags":[]},{"ancestorTitles":["hiérarchie d’administration des comptes"],"fullName":"hiérarchie d’administration des comptes interdit la création d’un rôle supérieur à celui de l’acteur","status":"passed","title":"interdit la création d’un rôle supérieur à celui de l’acteur","duration":0.8577999999979511,"failureMessages":[],"meta":{},"tags":[]},{"ancestorTitles":["hiérarchie d’administration des comptes"],"fullName":"hiérarchie d’administration des comptes interdit toute administration de son propre compte","status":"passed","title":"interdit toute administration de son propre compte","duration":0.7397999999811873,"failureMessages":[],"meta":{},"tags":[]},{"ancestorTitles":["hiérarchie d’administration des comptes"],"fullName":"hiérarchie d’administration des comptes ne présente à un administrateur que les rôles qu’il peut attribuer","status":"passed","title":"ne présente à un administrateur que les rôles qu’il peut attribuer","duration":2.4241000000038184,"failureMessages":[],"meta":{},"tags":[]}],"startTime":1788759686432,"endTime":1788759686441.424,"status":"passed","message":"","name":"F:/Development/SONASP/src/lib/roleHierarchy.test.ts"},{"assertionResults":[{"ancestorTitles":["registre contractuel des routes privées"],"fullName":"registre contractuel des routes privées exige l’habilitation de paiement pour le collecteur","status":"passed","title":"exige l’habilitation de paiement pour le collecteur","duration":6.404999999998836,"failureMessages":[],"meta":{},"tags":[]},{"ancestorTitles":["registre contractuel des routes privées"],"fullName":"registre contractuel des routes privées déclare une politique complète et unique pour chaque pattern","status":"passed","title":"déclare une politique complète et unique pour chaque pattern","duration":35.88719999999739,"failureMessages":[],"meta":{},"tags":[]},{"ancestorTitles":["registre contractuel des routes privées"],"fullName":"registre contractuel des routes privées couvre toutes les routes sensibles déclarées par PrivateApp","status":"passed","title":"couvre toutes les routes sensibles déclarées par PrivateApp","duration":4.519100000004983,"failureMessages":[],"meta":{},"tags":[]},{"ancestorTitles":["registre contractuel des routes privées"],"fullName":"registre contractuel des routes privées échoue fermé pour tout profil ou rôle inconnu sur toutes les routes","status":"passed","title":"échoue fermé pour tout profil ou rôle inconnu sur toutes les routes","duration":209.05670000001555,"failureMessages":[],"meta":{},"tags":[]},{"ancestorTitles":["registre contractuel des routes privées"],"fullName":"registre contractuel des routes privées applique la matrice déclarée à chaque route et chaque type de compte","status":"passed","title":"applique la matrice déclarée à chaque route et chaque type de compte","duration":1222.0019999999786,"failureMessages":[],"meta":{},"tags":[]},{"ancestorTitles":["registre contractuel des routes privées"],"fullName":"registre contractuel des routes privées ouvre au Owner actif toutes les routes privées enregistrées, et seulement celles-ci","status":"passed","title":"ouvre au Owner actif toutes les routes privées enregistrées, et seulement celles-ci","duration":96.4145000000135,"failureMessages":[],"meta":{},"tags":[]},{"ancestorTitles":["registre contractuel des routes privées"],"fullName":"registre contractuel des routes privées ouvre à l’Administrateur les modules nationaux explicitement attribués, jamais les portails partenaires","status":"passed","title":"ouvre à l’Administrateur les modules nationaux explicitement attribués, jamais les portails partenaires","duration":3.958699999988312,"failureMessages":[],"meta":{},"tags":[]},{"ancestorTitles":["registre contractuel des routes privées"],"fullName":"registre contractuel des routes privées ouvre tous les écrans nationaux attribués à Admin, dont le raffinage de la capture","status":"passed","title":"ouvre tous les écrans nationaux attribués à Admin, dont le raffinage de la capture","duration":89.38060000000405,"failureMessages":[],"meta":{},"tags":[]},{"ancestorTitles":["registre contractuel des routes privées"],"fullName":"registre contractuel des routes privées rattache les créations DGMG au registre minier attribué, sans ouvrir les autres parties prenantes","status":"passed","title":"rattache les créations DGMG au registre minier attribué, sans ouvrir les autres parties prenantes","duration":4.321300000010524,"failureMessages":[],"meta":{},"tags":[]},{"ancestorTitles":["registre contractuel des routes privées"],"fullName":"registre contractuel des routes privées refuse aussi une URL directe lorsque le module canonique n’est pas attribué","status":"passed","title":"refuse aussi une URL directe lorsque le module canonique n’est pas attribué","duration":1.9175999999861233,"failureMessages":[],"meta":{},"tags":[]},{"ancestorTitles":["registre contractuel des routes privées"],"fullName":"registre contractuel des routes privées oppose les modules attribués aux portails DGI et DGMG, y compris par URL directe","status":"passed","title":"oppose les modules attribués aux portails DGI et DGMG, y compris par URL directe","duration":2.50800000000163,"failureMessages":[],"meta":{},"tags":[]},{"ancestorTitles":["registre contractuel des routes privées"],"fullName":"registre contractuel des routes privées ferme le portail institutionnel si le rattachement est absent ou incompatible","status":"passed","title":"ferme le portail institutionnel si le rattachement est absent ou incompatible","duration":1.2934999999997672,"failureMessages":[],"meta":{},"tags":[]},{"ancestorTitles":["registre contractuel des routes privées"],"fullName":"registre contractuel des routes privées reconnaît owner et ouvre uniquement son accueil déclaré","status":"passed","title":"reconnaît owner et ouvre uniquement son accueil déclaré","duration":1.1922999999951571,"failureMessages":[],"meta":{},"tags":[]},{"ancestorTitles":["registre contractuel des routes privées"],"fullName":"registre contractuel des routes privées reconnaît admin et ouvre uniquement son accueil déclaré","status":"passed","title":"reconnaît admin et ouvre uniquement son accueil déclaré","duration":0.6303999999945518,"failureMessages":[],"meta":{},"tags":[]},{"ancestorTitles":["registre contractuel des routes privées"],"fullName":"registre contractuel des routes privées reconnaît direction et ouvre uniquement son accueil déclaré","status":"passed","title":"reconnaît direction et ouvre uniquement son accueil déclaré","duration":0.5981000000028871,"failureMessages":[],"meta":{},"tags":[]},{"ancestorTitles":["registre contractuel des routes privées"],"fullName":"registre contractuel des routes privées reconnaît sonasp et ouvre uniquement son accueil déclaré","status":"passed","title":"reconnaît sonasp et ouvre uniquement son accueil déclaré","duration":0.5699999999778811,"failureMessages":[],"meta":{},"tags":[]},{"ancestorTitles":["registre contractuel des routes privées"],"fullName":"registre contractuel des routes privées reconnaît dgmg et ouvre uniquement son accueil déclaré","status":"passed","title":"reconnaît dgmg et ouvre uniquement son accueil déclaré","duration":0.5887999999977183,"failureMessages":[],"meta":{},"tags":[]},{"ancestorTitles":["registre contractuel des routes privées"],"fullName":"registre contractuel des routes privées reconnaît dgi et ouvre uniquement son accueil déclaré","status":"passed","title":"reconnaît dgi et ouvre uniquement son accueil déclaré","duration":0.5745999999926426,"failureMessages":[],"meta":{},"tags":[]},{"ancestorTitles":["registre contractuel des routes privées"],"fullName":"registre contractuel des routes privées reconnaît mine et ouvre uniquement son accueil déclaré","status":"passed","title":"reconnaît mine et ouvre uniquement son accueil déclaré","duration":0.62410000001546,"failureMessages":[],"meta":{},"tags":[]},{"ancestorTitles":["registre contractuel des routes privées"],"fullName":"registre contractuel des routes privées reconnaît comptoir et ouvre uniquement son accueil déclaré","status":"passed","title":"reconnaît comptoir et ouvre uniquement son accueil déclaré","duration":0.7347000000008848,"failureMessages":[],"meta":{},"tags":[]},{"ancestorTitles":["registre contractuel des routes privées"],"fullName":"registre contractuel des routes privées reconnaît collector et ouvre uniquement son accueil déclaré","status":"passed","title":"reconnaît collector et ouvre uniquement son accueil déclaré","duration":0.7366999999794643,"failureMessages":[],"meta":{},"tags":[]},{"ancestorTitles":["registre contractuel des routes privées"],"fullName":"registre contractuel des routes privées reconnaît factory et ouvre uniquement son accueil déclaré","status":"passed","title":"reconnaît factory et ouvre uniquement son accueil déclaré","duration":0.7876000000105705,"failureMessages":[],"meta":{},"tags":[]},{"ancestorTitles":["registre contractuel des routes privées"],"fullName":"registre contractuel des routes privées reconnaît airport et ouvre uniquement son accueil déclaré","status":"passed","title":"reconnaît airport et ouvre uniquement son accueil déclaré","duration":0.6641999999992549,"failureMessages":[],"meta":{},"tags":[]},{"ancestorTitles":["registre contractuel des routes privées"],"fullName":"registre contractuel des routes privées reconnaît refinery et ouvre uniquement son accueil déclaré","status":"passed","title":"reconnaît refinery et ouvre uniquement son accueil déclaré","duration":0.6604999999981374,"failureMessages":[],"meta":{},"tags":[]},{"ancestorTitles":["registre contractuel des routes privées"],"fullName":"registre contractuel des routes privées reconnaît customer et ouvre uniquement son accueil déclaré","status":"passed","title":"reconnaît customer et ouvre uniquement son accueil déclaré","duration":0.7471000000077765,"failureMessages":[],"meta":{},"tags":[]},{"ancestorTitles":["registre contractuel des routes privées"],"fullName":"registre contractuel des routes privées ne donne aucune route nationale aux profils partenaires","status":"passed","title":"ne donne aucune route nationale aux profils partenaires","duration":307.84990000000107,"failureMessages":[],"meta":{},"tags":[]},{"ancestorTitles":["registre contractuel des routes privées"],"fullName":"registre contractuel des routes privées n’ouvre à la Direction que des routes explicitement consultatives","status":"passed","title":"n’ouvre à la Direction que des routes explicitement consultatives","duration":93.91860000000452,"failureM
[...]
,"duration":3.39179999998305,"failureMessages":[],"meta":{},"tags":[]},{"ancestorTitles":["Dépôt privé des justificatifs Comptoir"],"fullName":"Dépôt privé des justificatifs Comptoir conserve un document enregistré quand la réponse réseau est perdue","status":"passed","title":"conserve un document enregistré quand la réponse réseau est perdue","duration":2.978000000002794,"failureMessages":[],"meta":{},"tags":[]},{"ancestorTitles":["Dépôt privé des justificatifs Comptoir"],"fullName":"Dépôt privé des justificatifs Comptoir prend en compte une révocation intervenant pendant le transfert","status":"passed","title":"prend en compte une révocation intervenant pendant le transfert","duration":2.1334999999962747,"failureMessages":[],"meta":{},"tags":[]}],"startTime":1788759513818,"endTime":1788759513866.1335,"status":"passed","message":"","name":"F:/Development/SONASP/backups/artisan-regression-20260906/live-qa/supabase/functions/_shared/comptoir-document-upload.test.ts"},{"assertionResults":[{"ancestorTitles":["politique upload fret"],"fullName":"politique upload fret accepte uniquement le contrat fermé de la RPC 4F","status":"passed","title":"accepte uniquement le contrat fermé de la RPC 4F","duration":3.9589999999734573,"failureMessages":[],"meta":{},"tags":[]},{"ancestorTitles":["politique upload fret"],"fullName":"politique upload fret dérive le tenant de l’opération autorisée","status":"passed","title":"dérive le tenant de l’opération autorisée","duration":0.8067000000155531,"failureMessages":[],"meta":{},"tags":[]},{"ancestorTitles":["politique upload fret"],"fullName":"politique upload fret échoue fermé si une preuve manque: { activeSession: false }","status":"passed","title":"échoue fermé si une preuve manque: { activeSession: false }","duration":0.4434000000474043,"failureMessages":[],"meta":{},"tags":[]},{"ancestorTitles":["politique upload fret"],"fullName":"politique upload fret échoue fermé si une preuve manque: { aal2: false }","status":"passed","title":"échoue fermé si une preuve manque: { aal2: false }","duration":0.34620000002905726,"failureMessages":[],"meta":{},"tags":[]},{"ancestorTitles":["politique upload fret"],"fullName":"politique upload fret échoue fermé si une preuve manque: { operationExists: false }","status":"passed","title":"échoue fermé si une preuve manque: { operationExists: false }","duration":0.23819999996339902,"failureMessages":[],"meta":{},"tags":[]},{"ancestorTitles":["politique upload fret"],"fullName":"politique upload fret échoue fermé si une preuve manque: { tenantReadable: false }","status":"passed","title":"échoue fermé si une preuve manque: { tenantReadable: false }","duration":0.19299999997019768,"failureMessages":[],"meta":{},"tags":[]},{"ancestorTitles":["politique upload fret"],"fullName":"politique upload fret échoue fermé si une preuve manque: { canPrepareFreight: false }","status":"passed","title":"échoue fermé si une preuve manque: { canPrepareFreight: false }","duration":0.18009999999776483,"failureMessages":[],"meta":{},"tags":[]},{"ancestorTitles":["politique upload fret"],"fullName":"politique upload fret échoue fermé si une preuve manque: { mutableStatus: false }","status":"passed","title":"échoue fermé si une preuve manque: { mutableStatus: false }","duration":0.16940000001341105,"failureMessages":[],"meta":{},"tags":[]}],"startTime":1788759669548,"endTime":1788759669554.2383,"status":"passed","message":"","name":"F:/Development/SONASP/backups/artisan-regression-20260906/live-qa/supabase/functions/_shared/freight-customs-upload-policy.test.ts"},{"assertionResults":[{"ancestorTitles":["capacités des actions de messagerie"],"fullName":"capacités des actions de messagerie réserve la configuration et son essai à la capacité SMTP dédiée","status":"passed","title":"réserve la configuration et son essai à la capacité SMTP dédiée","duration":4.3903999999165535,"failureMessages":[],"meta":{},"tags":[]},{"ancestorTitles":["capacités des actions de messagerie"],"fullName":"capacités des actions de messagerie lie les courriels de comptes à la gestion des comptes","status":"passed","title":"lie les courriels de comptes à la gestion des comptes","duration":1.0579000000143424,"failureMessages":[],"meta":{},"tags":[]},{"ancestorTitles":["capacités des actions de messagerie"],"fullName":"capacités des actions de messagerie refuse une action inconnue au lieu de la traiter comme une vidange de file","status":"passed","title":"refuse une action inconnue au lieu de la traiter comme une vidange de file","duration":1.0928999999305233,"failureMessages":[],"meta":{},"tags":[]},{"ancestorTitles":["capacités des actions de messagerie"],"fullName":"capacités des actions de messagerie conserve la file comme action par défaut pour la compatibilité","status":"passed","title":"conserve la file comme action par défaut pour la compatibilité","duration":0.4760000000242144,"failureMessages":[],"meta":{},"tags":[]}],"startTime":1788759734529,"endTime":1788759734536.476,"status":"passed","message":"","name":"F:/Development/SONASP/backups/artisan-regression-20260906/live-qa/supabase/functions/_shared/mail-action-policy.test.ts"},{"assertionResults":[{"ancestorTitles":["politique de preuve bancaire privée"],"fullName":"politique de preuve bancaire privée accepte uniquement le schéma fermé sans chemin ni tenant","status":"passed","title":"accepte uniquement le schéma fermé sans chemin ni tenant","duration":4.615800000028685,"failureMessages":[],"meta":{},"tags":[]},{"ancestorTitles":["politique de preuve bancaire privée"],"fullName":"politique de preuve bancaire privée dérive le tenant uniquement du parent autoritatif","status":"passed","title":"dérive le tenant uniquement du parent autoritatif","duration":0.6012000000337139,"failureMessages":[],"meta":{},"tags":[]},{"ancestorTitles":["politique de preuve bancaire privée"],"fullName":"politique de preuve bancaire privée échoue fermé si une preuve d’autorisation manque: { activeSession: false }","status":"passed","title":"échoue fermé si une preuve d’autorisation manque: { activeSession: false }","duration":0.37339999998221174,"failureMessages":[],"meta":{},"tags":[]},{"ancestorTitles":["politique de preuve bancaire privée"],"fullName":"politique de preuve bancaire privée échoue fermé si une preuve d’autorisation manque: { aal2: false }","status":"passed","title":"échoue fermé si une preuve d’autorisation manque: { aal2: false }","duration":0.2679000000352971,"failureMessages":[],"meta":{},"tags":[]},{"ancestorTitles":["politique de preuve bancaire privée"],"fullName":"politique de preuve bancaire privée échoue fermé si une preuve d’autorisation manque: { canExecuteFinance: false }","status":"passed","title":"échoue fermé si une preuve d’autorisation manque: { canExecuteFinance: false }","duration":0.23829999996814877,"failureMessages":[],"meta":{},"tags":[]},{"ancestorTitles":["politique de preuve bancaire privée"],"fullName":"politique de preuve bancaire privée échoue fermé si une preuve d’autorisation manque: { canReadSale: false }","status":"passed","title":"échoue fermé si une preuve d’autorisation manque: { canReadSale: false }","duration":0.2143999999971129,"failureMessages":[],"meta":{},"tags":[]},{"ancestorTitles":["politique de preuve bancaire privée"],"fullName":"politique de preuve bancaire privée échoue fermé si une preuve d’autorisation manque: { paymentExists: false }","status":"passed","title":"échoue fermé si une preuve d’autorisation manque: { paymentExists: false }","duration":0.19939999998314306,"failureMessages":[],"meta":{},"tags":[]},{"ancestorTitles":["politique de preuve bancaire privée"],"fullName":"politique de preuve bancaire privée échoue fermé si une preuve d’autorisation manque: { paymentProcessing: false }","status":"passed","title":"échoue fermé si une preuve d’autorisation manque: { paymentProcessing: false }","duration":0.16450000001350418,"failureMessages":[],"meta":{},"tags":[]},{"ancestorTitles":["politique de preuve bancaire privée"],"fullName":"politique de preuve bancaire privée échoue fermé si une preuve d’autorisation manque: { saleVirtualPayment: false }","status":"passed","title":"échoue fermé si une preuve d’autorisation manque: { saleVirtualPayment: false }","duration":0.18589999998221174,"failureMessages":[],"meta":{},"tags":[]},{"ancestorTitles":["politique de preuve bancaire privée"],"fullName":"politique de preuve bancaire privée échoue fermé si une preuve d’autorisation manque: { actorExecutedPayment: false }","status":"passed","title":"échoue fermé si une preuve d’autorisation manque: { actorExecutedPayment: false }","duration":0.27279999997699633,"failureMessages":[],"meta":{},"tags":[]},{"ancestorTitles":["politique de preuve bancaire privée"],"fullName":"politique de preuve bancaire privée échoue fermé si une preuve d’autorisation manque: { paymentMatchesSaleAndTenant: false }","status":"passed","title":"échoue fermé si une preuve d’autorisation manque: { paymentMatchesSaleAndTenant: false }","duration":0.16090000001713634,"failureMessages":[],"meta":{},"tags":[]},{"ancestorTitles":["politique de preuve bancaire privée"],"fullName":"politique de preuve bancaire privée échoue fermé si une preuve d’autorisation manque: { sellerIsActiveSonasp: false }","status":"passed","title":"échoue fermé si une preuve d’autorisation manque: { sellerIsActiveSonasp: false }","duration":0.14519999996991828,"failureMessages":[],"meta":{},"tags":[]},{"ancestorTitles":["politique de preuve bancaire privée"],"fullName":"politique de preuve bancaire privée nettoie un mauvais fichier recréé puis accepte le rejeu du fichier exact","status":"passed","title":"nettoie un mauvais fichier recréé puis accepte le rejeu du fichier exact","duration":0.7449999999953434,"failureMessages":[],"meta":{},"tags":[]}],"startTime":1788759651721,"endTime":1788759651729.745,"status":"passed","message":"","name":"F:/Development/SONASP/backups/artisan-regression-20260906/live-qa/supabase/functions/_shared/payment-proof-upload-policy.test.ts"},{"assertionResults":[{"ancestorTitles":["secure-upload"],"fullName":"secure-upload accepte un PDF cohérent et normalise son nom sans réutiliser ce nom comme chemin","status":"passed","title":"accepte un PDF cohérent et normalise son nom sans réutiliser ce nom comme chemin","duration":7.485800000024028,"failureMessages":[],"meta":{},"tags":[]},{"ancestorTitles":["secure-upload"],"fullName":"secure-upload rejette un contenu texte renommé en PDF malgré un MIME déclaré conforme","status":"passed","title":"rejette un contenu texte renommé en PDF malgré un MIME déclaré conforme","duration":2.17439999995986,"failureMessages":[],"meta":{},"tags":[]},{"ancestorTitles":["secure-upload"],"fullName":"secure-upload rejette le nom dangereux preuve.exe.pdf","status":"passed","title":"rejette le nom dangereux preuve.exe.pdf","duration":0.9070000000065193,"failureMessages":[],"meta":{},"tags":[]},{"ancestorTitles":["secure-upload"],"fullName":"secure-upload rejette le nom dangereux ../preuve.pdf","status":"passed","title":"rejette le nom dangereux ../preuve.pdf","duration":0.5495999999693595,"failureMessages":[],"meta":{},"tags":[]},{"ancestorTitles":["secure-upload"],"fullName":"secure-upload rejette le nom dangereux preuve.pdf.exe","status":"passed","title":"rejette le nom dangereux preuve.pdf.exe","duration":0.49390000000130385,"failureMessages":[],"meta":{},"tags":[]},{"ancestorTitles":["secure-upload"],"fullName":"secure-upload rejette le nom dangereux CON.pdf","status":"passed","title":"rejette le nom dangereux CON.pdf","duration":0.3294999999925494,"failureMessages":[],"meta":{},"tags":[]},{"ancestorTitles":["secure-upload"],"fullName":"secure-upload reconnaît un DOCX structurel et refuse une archive à macros","status":"passed","title":"reconnaît un DOCX structurel et refuse une archive à macros","duration":2.148400000005495,"failureMessages":[],"meta":{},"tags":[]},{"ancestorTitles":["secure-upload"],"fullName":"secure-upload rejette un dépassement selon la politique serveur, indépendamment du client","status":"passed","title":"rejette un dépassement selon la politique serveur, indépendamment du client","duration":0.6380999999819323,"failureMessages":[],"meta":{},"tags":[]},{"ancestorTitles":["secure-upload"],"fullName":"secure-upload limite le certificat d’analyse au PDF et à 10 Mio côté serveur","status":"passed","title":"limite le certificat d’analyse au PDF et à 10 Mio côté serveur","duration":0.9283000000286847,"failureMessages":[],"meta":{},"tags":[]},{"ancestorTitles":["secure-upload"],"fullName":"secure-upload ferme Production au PDF et Shipping aux formats avec signature vérifiable","status":"passed","title":"ferme Production au PDF et Shipping aux formats avec signature vérifiable","duration":2.721399999980349,"failureMessages":[],"meta":{},"tags":[]},{"ancestorTitles":["secure-upload"],"fullName":"secure-upload aligne la politique fret sur la RPC 4F","status":"passed","title":"aligne la politique fret sur la RPC 4F","duration":0.6112999999895692,"failureMessages":[],"meta":{},"tags":[]},{"ancestorTitles":["secure-upload"],"fullName":"secure-upload ferme la preuve bancaire à 10 Mio et aux formats vérifiables","status":"passed","title":"ferme la preuve bancaire à 10 Mio et aux formats vérifiables","duration":0.7497999999905005,"failureMessages":[],"meta":{},"tags":[]}],"startTime":1788759615719,"endTime":1788759615739.7498,"status":"passed","message":"","name":"F:/Development/SONASP/backups/artisan-regression-20260906/live-qa/supabase/functions/_shared/secure-upload.test.ts"},{"assertionResults":[{"ancestorTitles":["politique de suppression documentaire sensible"],"fullName":"politique de suppression documentaire sensible exige session active, AAL2, parent, tenant, capability et propriétaire","status":"passed","title":"exige session active, AAL2, parent, tenant, capability et propriétaire","duration":3.0984999999636784,"failureMessages":[],"meta":{},"tags":[]},{"ancestorTitles":["politique de suppression documentaire sensible"],"fullName":"politique de suppression documentaire sensible normalise une ancienne URL publique sans effectuer de requête","status":"passed","title":"normalise une ancienne URL publique sans effectuer de requête","duration":1.1156999999657273,"failureMessages":[],"meta":{},"tags":[]},{"ancestorTitles":["politique de suppression documentaire sensible"],"fullName":"politique de suppression documentaire sensible refuse traversal, bucket étranger et objet hors parent","status":"passed","title":"refuse traversal, bucket étranger et objet hors parent","duration":0.9844999999622814,"failureMessages":[],"meta":{},"tags":[]}],"startTime":1788759669314,"endTime":1788759669318.9846,"status":"passed","message":"","name":"F:/Development/SONASP/backups/artisan-regression-20260906/live-qa/supabase/functions/_shared/sensitive-document-delete-policy.test.ts"},{"assertionResults":[{"ancestorTitles":["session revocation policy"],"fullName":"session revocation policy autorise la révocation self AAL2 pour un profil partenaire","status":"passed","title":"autorise la révocation self AAL2 pour un profil partenaire","duration":2.423700000043027,"failureMessages":[],"meta":{},"tags":[]},{"ancestorTitles":["session revocation policy"],"fullName":"session revocation policy refuse self si le profil est inactif ou si AAL2 manque","status":"passed","title":"refuse self si le profil est inactif ou si AAL2 manque","duration":0.5022000001044944,"failureMessages":[],"meta":{},"tags":[]},{"ancestorTitles":["session revocation policy"],"fullName":"session revocation policy autorise Owner/Admin national avec capability et hiérarchie sur une cible inférieure","status":"passed","title":"autorise Owner/Admin national avec capability et hiérarchie sur une cible inférieure","duration":1.4290999999502674,"failureMessages":[],"meta":{},"tags":[]},{"ancestorTitles":["session revocation policy"],"fullName":"session revocation policy refuse toute administration tierce depuis un tenant partenaire","status":"passed","title":"refuse toute administration tierce depuis un tenant partenaire","duration":0.7199000000255182,"failureMessages":[],"meta":{},"tags":[]},{"ancestorTitles":["session revocation policy"],"fullName":"session revocation policy échoue fermé sans capability, hiérarchie ou rôle cible reconnu","status":"passed","title":"échoue fermé sans capability, hiérarchie ou rôle cible reconnu","duration":1.0958000000100583,"failureMessages":[],"meta":{},"tags":[]}],"startTime":1788759723419,"endTime":1788759723426.0957,"status":"passed","message":"","name":"F:/Development/SONASP/backups/artisan-regression-20260906/live-qa/supabase/functions/_shared/session-revocation-policy.test.ts"},{"assertionResults":[{"ancestorTitles":["métadonnées fermées des documents métier"],"fullName":"métadonnées fermées des documents métier accepte uniquement les champs Shipping attendus","status":"passed","title":"accepte uniquement les champs Shipping attendus","duration":6.2374999999883585,"failureMessages":[],"meta":{},"tags":[]},{"ancestorTitles":["métadonnées fermées des documents métier"],"fullName":"métadonnées fermées des documents métier accepte uniquement les champs Production attendus","status":"passed","title":"accepte uniquement les champs Production attendus","duration":1.5023999999975786,"failureMessages":[],"meta":{},"tags":[]},{"ancestorTitles":["métadonnées fermées des documents métier"],"fullName":"métadonnées fermées des documents métier borne les métadonnées des documents de réserve","status":"passed","title":"borne les métadonnées des documents de réserve","duration":1.493300000031013,"failureMessages":[],"meta":{},"tags":[]},{"ancestorTitles":["autoriserDocumentWorkflow"],"fullName":"autoriserDocumentWorkflow retourne uniquement acteur et tenant vérifiés","status":"passed","title":"retourne uniquement acteur et tenant vérifiés","duration":0.8804000000236556,"failureMessages":[],"meta":{},"tags":[]},{"ancestorTitles":["autoriserDocumentWorkflow"],"fullName":"autoriserDocumentWorkflow échoue fermé si une preuve manque: { activeSession: false }","status":"passed","title":"échoue fermé si une preuve manque: { activeSession: false }","duration":0.5345999999553896,"failureMessages":[],"meta":{},"tags":[]},{"ancestorTitles":["autoriserDocumentWorkflow"],"fullName":"autoriserDocumentWorkflow échoue fermé si une preuve manque: { aal2: false }","status":"passed","title":"échoue fermé si une preuve manque: { aal2: false }","duration":0.3513999999850057,"failureMessages":[],"meta":{},"tags":[]},{"ancestorTitles":["autoriserDocumentWorkflow"],"fullName":"autoriserDocumentWorkflow échoue fermé si une preuve manque: { parentExists: false }","status":"passed","title":"échoue fermé si une preuve manque: { parentExists: false }","duration":0.4013000000268221,"failureMessages":[],"meta":{},"tags":[]},{"ancestorTitles":["autoriserDocumentWorkflow"],"fullName":"autoriserDocumentWorkflow échoue fermé si une preuve manque: { parentPermission: false }","status":"passed","title":"échoue fermé si une preuve manque: { parentPermission: false }","duration":0.2691999999806285,"failureMessages":[],"meta":{},"tags":[]},{"ancestorTitles":["autoriserDocumentWorkflow"],"fullName":"autoriserDocumentWorkflow échoue fermé si une preuve manque: { hasWriteCapability: false }","status":"passed","title":"échoue fermé si une preuve manque: { hasWriteCapability: false }","duration":0.2800000000279397,"failureMessages":[],"meta":{},"tags":[]},{"ancestorTitles":["autoriserDocumentWorkflow"],"fullName":"autoriserDocumentWorkflow échoue fermé si une preuve manque: { tenantId: 'invalide' }","status":"passed","title":"échoue fermé si une preuve manque: { tenantId: 'invalide' }","duration":0.3717000000178814,"failureMessages":[],"meta":{},"tags":[]}],"startTime":1788759664550,"endTime":1788759664563.3716,"status":"passed","message":"","name":"F:/Development/SONASP/backups/artisan-regression-20260906/live-qa/supabase/functions/_shared/workflow-document-upload-policy.test.ts"}]}