{"numTotalTestSuites":926,"numPassedTestSuites":925,"numFailedTestSuites":1,"numPendingTestSuites":0,"numTotalTests":2851,"numPassedTests":2851,"numFailedTests":0,"numPendingTests":0,"numTodoTests":0,"snapshot":{"added":0,"failure":false,"filesAdded":0,"filesRemoved":0,"filesRemovedList":[],"filesUnmatched":0,"filesUpdated":0,"matched":0,"total":0,"unchecked":0,"uncheckedKeysByFile":[],"unmatched":0,"updated":0,"didUpdate":false},"startTime":1788758308328,"success":false,"testResults":[{"assertionResults":[{"ancestorTitles":["goldConstants — source de vérité unique"],"fullName":"goldConstants — source de vérité unique utilise la valeur EXACTE de l'once troy (pas 31.1035)","status":"passed","title":"utilise la valeur EXACTE de l'once troy (pas 31.1035)","duration":3.9636000000173226,"failureMessages":[],"meta":{},"tags":[]},{"ancestorTitles":["goldConstants — source de vérité unique"],"fullName":"goldConstants — source de vérité unique expose des alias cohérents pointant tous vers la valeur canonique","status":"passed","title":"expose des alias cohérents pointant tous vers la valeur canonique","duration":1.0399000000907108,"failureMessages":[],"meta":{},"tags":[]},{"ancestorTitles":["goldConstants — source de vérité unique"],"fullName":"goldConstants — source de vérité unique calcule correctement les onces troy par kg","status":"passed","title":"calcule correctement les onces troy par kg","duration":0.9264999999431893,"failureMessages":[],"meta":{},"tags":[]},{"ancestorTitles":["goldConstants — source de vérité unique"],"fullName":"goldConstants — source de vérité unique fixe le taux de royalties à 3 %","status":"passed","title":"fixe le taux de royalties à 3 %","duration":0.631400000071153,"failureMessages":[],"meta":{},"tags":[]},{"ancestorTitles":["goldConstants — source de vérité unique"],"fullName":"goldConstants — source de vérité unique convertit g -> oz troy et retour sans perte (round-trip)","status":"passed","title":"convertit g -> oz troy et retour sans perte (round-trip)","duration":0.6319999999832362,"failureMessages":[],"meta":{},"tags":[]},{"ancestorTitles":["goldConstants — source de vérité unique"],"fullName":"goldConstants — source de vérité unique 1 once troy vaut exactement TROY_OZ_GRAMS grammes","status":"passed","title":"1 once troy vaut exactement TROY_OZ_GRAMS grammes","duration":0.5347000000765547,"failureMessages":[],"meta":{},"tags":[]}],"startTime":1788758942131,"endTime":1788758942138.632,"status":"passed","message":"","name":"F:/Development/SONASP/src/constants/goldConstants.test.ts"},{"assertionResults":[{"ancestorTitles":["référentiel des statuts de vente"],"fullName":"référentiel des statuts de vente fournit un libellé français pour chaque code persistant","status":"passed","title":"fournit un libellé français pour chaque code persistant","duration":10.15639999997802,"failureMessages":[],"meta":{},"tags":[]},{"ancestorTitles":["référentiel des statuts de vente"],"fullName":"référentiel des statuts de vente présente les étapes structurantes en français","status":"passed","title":"présente les étapes structurantes en français","duration":0.9711000000825152,"failureMessages":[],"meta":{},"tags":[]}],"startTime":1788758949624,"endTime":1788758949635.9712,"status":"passed","message":"","name":"F:/Development/SONASP/src/constants/salesStatuses.test.ts"},{"assertionResults":[{"ancestorTitles":["AuthProvider profile fallback"],"fullName":"AuthProvider profile fallback conserve le vrai sous-arbre protégé pendant les reprises répétées et le ferme à la déconnexion","status":"passed","title":"conserve le vrai sous-arbre protégé pendant les reprises répétées et le ferme à la déconnexion","duration":215.44130000000587,"failureMessages":[],"meta":{},"tags":[]},{"ancestorTitles":["AuthProvider profile fallback"],"fullName":"AuthProvider profile fallback refuse tout accès privé quand le profil autoritatif est indisponible","status":"passed","title":"refuse tout accès privé quand le profil autoritatif est indisponible","duration":45.025699999998324,"failureMessages":[],"meta":{},"tags":[]},{"ancestorTitles":["AuthProvider profile fallback"],"fullName":"AuthProvider profile fallback still surfaces an actionable authentication initialization error","status":"passed","title":"still surfaces an actionable authentication initialization error","duration":15.49880000000121,"failureMessages":[],"meta":{},"tags":[]},{"ancestorTitles":["AuthProvider profile fallback"],"fullName":"AuthProvider profile fallback conserve le rôle autoritaire du profil même pour l’adresse historique du propriétaire","status":"passed","title":"conserve le rôle autoritaire du profil même pour l’adresse historique du propriétaire","duration":15.423300000024028,"failureMessages":[],"meta":{},"tags":[]},{"ancestorTitles":["AuthProvider profile fallback"],"fullName":"AuthProvider profile fallback conserve le profil affiché quand le même SIGNED_IN est réémis au retour d’onglet","status":"passed","title":"conserve le profil affiché quand le même SIGNED_IN est réémis au retour d’onglet","duration":16.551800000015646,"failureMessages":[],"meta":{},"tags":[]},{"ancestorTitles":["AuthProvider profile fallback"],"fullName":"AuthProvider profile fallback conserve le shell et le brouillon si SIGNED_IN revient pendant une revalidation silencieuse","status":"passed","title":"conserve le shell et le brouillon si SIGNED_IN revient pendant une revalidation silencieuse","duration":303.9833000000217,"failureMessages":[],"meta":{},"tags":[]},{"ancestorTitles":["AuthProvider profile fallback"],"fullName":"AuthProvider profile fallback ne republie pas le contexte global quand le jeton du même compte est renouvelé","status":"passed","title":"ne republie pas le contexte global quand le jeton du même compte est renouvelé","duration":34.745199999946635,"failureMessages":[],"meta":{},"tags":[]},{"ancestorTitles":["AuthProvider profile fallback"],"fullName":"AuthProvider profile fallback ferme la session et refuse explicitement un profil désactivé","status":"passed","title":"ferme la session et refuse explicitement un profil désactivé","duration":71.65759999997681,"failureMessages":[],"meta":{},"tags":[]},{"ancestorTitles":["AuthProvider profile fallback"],"fullName":"AuthProvider profile fallback ne transforme pas une panne du suivi de connexion en échec d’authentification","status":"passed","title":"ne transforme pas une panne du suivi de connexion en échec d’authentification","duration":98.82600000000093,"failureMessages":[],"meta":{},"tags":[]},{"ancestorTitles":["AuthProvider profile fallback"],"fullName":"AuthProvider profile fallback échoue fermé si la session serveur ne peut pas être enregistrée","status":"passed","title":"échoue fermé si la session serveur ne peut pas être enregistrée","duration":76.30549999995856,"failureMessages":[],"meta":{},"tags":[]},{"ancestorTitles":["AuthProvider profile fallback"],"fullName":"AuthProvider profile fallback ferme localement une session que le heartbeat serveur déclare révoquée","status":"passed","title":"ferme localement une session que le heartbeat serveur déclare révoquée","duration":15.899299999990035,"failureMessages":[],"meta":{},"tags":[]},{"ancestorTitles":["AuthProvider profile fallback"],"fullName":"AuthProvider profile fallback révoque registre et refresh tokens avant de purger localement une déconnexion manuelle","status":"passed","title":"révoque registre et refresh tokens avant de purger localement une déconnexion manuelle","duration":49.82699999999022,"failureMessages":[],"meta":{},"tags":[]},{"ancestorTitles":["AuthProvider profile fallback"],"fullName":"AuthProvider profile fallback retombe sur la révocation courante et le signOut global si l’Edge est indisponible","status":"passed","title":"retombe sur la révocation courante et le signOut global si l’Edge est indisponible","duration":41.354599999962375,"failureMessages":[],"meta":{},"tags":[]}],"startTime":1788758673306,"endTime":1788758674310.3545,"status":"passed","message":"","name":"F:/Development/SONASP/src/contexts/AuthContext.fallback.test.tsx"},{"assertionResults":[{"ancestorTitles":["isMissingUserProfileError"],"fullName":"isMissingUserProfileError recognizes only the PostgREST missing-row response","status":"passed","title":"recognizes only the PostgREST missing-row response","duration":4.213300000061281,"failureMessages":[],"meta":{},"tags":[]},{"ancestorTitles":["isMissingUserProfileError"],"fullName":"isMissingUserProfileError does not treat transport or database errors as a missing profile","status":"passed","title":"does not treat transport or database errors as a missing profile","duration":0.8273999999510124,"failureMessages":[],"meta":{},"tags":[]}],"startTime":1788759060979,"endTime":1788759060984.8274,"status":"passed","message":"","name":"F:/Development/SONASP/src/contexts/AuthContext.test.ts"},{"assertionResults":[{"ancestorTitles":["découpage territorial du Burkina Faso"],"fullName":"découpage territorial du Burkina Faso assemble les 13 régions à partir des cellules de leurs provinces","status":"passed","title":"assemble les 13 régions à partir des cellules de leurs provinces","duration":21.46710000000894,"failureMessages":[],"meta":{},"tags":[]},{"ancestorTitles":["découpage territorial du Burkina Faso"],"fullName":"découpage territorial du Burkina Faso trace des limites régionales entre provinces de régions différentes","status":"passed","title":"trace des limites régionales entre provinces de régions différentes","duration":19.638999999966472,"failureMessages":[],"meta":{},"tags":[]},{"ancestorTitles":["découpage territorial du Burkina Faso"],"fullName":"découpage territorial du Burkina Faso produit une cellule non vide pour chacune des 45 provinces","status":"passed","title":"produit une cellule non vide pour chacune des 45 provinces","duration":3.1173000000417233,"failureMessages":[],"meta":{},"tags":[]},{"ancestorTitles":["découpage territorial du Burkina Faso"],"fullName":"découpage territorial du Burkina Faso rattache chaque chef-lieu à sa propre province","status":"passed","title":"rattache chaque chef-lieu à sa propre province","duration":5.374899999937043,"failureMessages":[],"meta":{},"tags":[]},{"ancestorTitles":["découpage territorial du Burkina Faso"],"fullName":"découpage territorial du Burkina Faso rattache chaque province à la région annoncée","status":"passed","title":"rattache chaque province à la région annoncée","duration":1.0054000000236556,"failureMessages":[],"meta":{},"tags":[]},{"ancestorTitles":["découpage territorial du Burkina Faso"],"fullName":"découpage territorial du Burkina Faso reste aligné avec les listes déroulantes du formulaire","status":"passed","title":"reste aligné avec les listes déroulantes du formulaire","duration":0.994499999913387,"failureMessages":[],"meta":{},"tags":[]},{"ancestorTitles":["découpage territorial du Burkina Faso"],"fullName":"découpage territorial du Burkina Faso place Ouagadougou dans le Kadiogo et Gaoua dans le Poni","status":"passed","title":"place Ouagadougou dans le Kadiogo et Gaoua dans le Poni","duration":0.7846999999601394,"failureMessages":[],"meta":{},"tags":[]}],"startTime":1788758832076,"endTime":1788758832128.7847,"status":"passed","message":"","name":"F:/Development/SONASP/src/data/burkinaRegions.test.ts"},{"assertionResults":[{"ancestorTitles":["Libellés métier"],"fullName":"Libellés métier ne présente pas aide comme une démonstration","status":"passed","title":"ne présente pas aide comme une démonstration","duration":2.8739000000059605,"failureMessages":[],"meta":{},"tags":[]},{"ancestorTitles":["Libellés métier"],"fullName":"Libellés métier ne présente pas analyses comme une démonstration","status":"passed","title":"ne présente pas analyses comme une démonstration","duration":0.7086999999592081,"failureMessages":[],"meta":{},"tags":[]},{"ancestorTitles":["Libellés métier"],"fullName":"Libellés métier ne présente pas facture comme une démonstration","status":"passed","title":"ne présente pas facture comme une démonstration","duration":0.38639999995939434,"failureMessages":[],"meta":{},"tags":[]},{"ancestorTitles":["Libellés métier"],"fullName":"Libellés métier conserve la transparence sur la certification de la facture","status":"passed","title":"conserve la transparence sur la certification de la facture","duration":0.8001999999396503,"failureMessages":[],"meta":{},"tags":[]}],"startTime":1788759023054,"endTime":1788759023059.8003,"status":"passed","message":"","name":"F:/Development/SONASP/src/data/businessLabels.test.ts"},{"assertionResults":[{"ancestorTitles":["Actualisation des sites"],"fullName":"Actualisation des sites recharge après création, retour de navigation et retour dans la fenêtre","status":"passed","title":"recharge après création, retour de navigation et retour dans la fenêtre","duration":210.03899999998976,"failureMessages":[],"meta":{},"tags":[]},{"ancestorTitles":["Actualisation des sites"],"fullName":"Actualisation des sites ignore une réponse ancienne arrivée après une actualisation","status":"passed","title":"ignore une réponse ancienne arrivée après une actualisation","duration":74.73769999999786,"failureMessages":[],"meta":{},"tags":[]}],"startTime":1788758782516,"endTime":1788758782800.7378,"status":"passed","message":"","name":"F:/Development/SONASP/src/hooks/useArtisanalSiteData.test.tsx"},{"assertionResults":[{"ancestorTitles":["protection du brouillon artisan"],"fullName":"protection du brouillon artisan annule un retour natif sans laisser le routeur démonter le formulaire","status":"passed","title":"annule un retour natif sans laisser le routeur démonter le formulaire","duration":29.834400000050664,"failureMessages":[],"meta":{},"tags":[]},{"ancestorTitles":["protection du brouillon artisan"],"fullName":"protection du brouillon artisan laisse partir après confirmation et ne bloque plus une fiche enregistrée","status":"passed","title":"laisse partir après confirmation et ne bloque plus une fiche enregistrée","duration":5.919099999940954,"failureMessages":[],"meta":{},"tags":[]}],"startTime":1788758872053,"endTime":1788758872088.9192,"status":"passed","message":"","name":"F:/Development/SONASP/src/hooks/useArtisanUnsavedChanges.test.tsx"},{"assertionResults":[{"ancestorTitles":["chargerDernierTauxUsdXof"],"fullName":"chargerDernierTauxUsdXof lit le couple USD/XOF dans le vrai référentiel de change","status":"passed","title":"lit le couple USD/XOF dans le vrai référentiel de change","duration":11.617300000041723,"failureMessages":[],"meta":{},"tags":[]},{"ancestorTitles":["chargerDernierTauxUsdXof"],"fullName":"chargerDernierTauxUsdXof reste non bloquant si le référentiel ne répond pas","status":"passed","title":"reste non bloquant si le référentiel ne répond pas","duration":1.7786000000778586,"failureMessages":[],"meta":{},"tags":[]},{"ancestorTitles":["prixGrammeDepuisOnce"],"fullName":"prixGrammeDepuisOnce convertit l’once en gramme au taux du référentiel","status":"passed","title":"convertit l’once en gramme au taux du référentiel","duration":0.941300000064075,"failureMessages":[],"meta":{},"tags":[]},{"ancestorTitles":["prixGrammeDepuisOnce"],"fullName":"prixGrammeDepuisOnce ne convertit rien sans cours ou sans taux","status":"passed","title":"ne convertit rien sans cours ou sans taux","duration":0.73140000004787,"failureMessages":[],"meta":{},"tags":[]},{"ancestorTitles":["ecartAuCours"],"fullName":"ecartAuCours mesure la prime et la décote","status":"passed","title":"mesure la prime et la décote","duration":0.8891000000294298,"failureMessages":[],"meta":{},"tags":[]},{"ancestorTitles":["ecartAuCours"],"fullName":"ecartAuCours n’annonce aucun écart sans référence ni sans prix","status":"passed","title":"n’annonce aucun écart sans référence ni sans prix","duration":0.4905999999027699,"failureMessages":[],"meta":{},"tags":[]}],"startTime":1788758901123,"endTime":1788758901140.4905,"status":"passed","message":"","name":"F:/Development/SONASP/src/hooks/useCoursOr.test.ts"},{"assertionResults":[{"ancestorTitles":["langues de l’interface privée"],"fullName":"langues de l’interface privée impose le français dans la version institutionnelle courante","status":"passed","title":"impose le français dans la version institutionnelle courante","duration":3.6583999999566004,"failureMessages":[],"meta":{},"tags":[]},{"ancestorTitles":["langues de l’interface privée"],"fullName":"langues de l’interface privée conserve une option anglaise visible mais non activable","status":"passed","title":"conserve une option anglaise visible mais non activable","duration":1.441400000010617,"failureMessages":[],"meta":{},"tags":[]}],"startTime":1788759026176,"endTime":1788759026181.4414,"status":"passed","message":"","name":"F:/Development/SONASP/src/i18n/interfaceLanguages.test.ts"},{"assertionResults":[{"ancestorTitles":["English navigation"],"fullName":"English navigation covers the published navigation across every portal","status":"passed","title":"covers the published navigation across every portal","duration":5.7325000000419095,"failureMessages":[],"meta":{},"tags":[]},{"ancestorTitles":["English navigation"],"fullName":"English navigation does not translate business references, custom company names or a French preference","status":"passed","title":"does not translate business references, custom company names or a French preference","duration":1.0333000000100583,"failureMessages":[],"meta":{},"tags":[]}],"startTime":1788759040121,"endTime":1788759040128.0332,"status":"passed","message":"","name":"F:/Development/SONASP/src/i18n/navigationLabels.test.ts"},{"assertionResults":[{"ancestorTitles":["matrice institutionnelle"],"fullName":"matrice institutionnelle référence Owner et les huit rôles cibles, la hiérarchie filtre leur attribution","status":"passed","title":"référence Owner et les huit rôles cibles, la hiérarchie filtre leur attribution","duration":8.046899999957532,"failureMessages":[],"meta":{},"tags":[]},{"ancestorTitles":["matrice institutionnelle"],"fullName":"matrice institutionnelle filtre les responsabilités selon le rôle et impose les responsabilités structurelles","status":"passed","title":"filtre les responsabilités selon le rôle et impose les responsabilités structurelles","duration":3.4544999999925494,"failureMessages":[],"meta":{},"tags":[]},{"ancestorTitles":["plafond de permissions"],"fullName":"plafond de permissions garantit tous les droits Owner, y compris pour un module sans domaine","status":"passed","title":"garantit tous les droits Owner, y compris pour un module sans domaine","duration":9.923600000096485,"failureMessages":[],"meta":{},"tags":[]},{"ancestorTitles":["plafond de permissions"],"fullName":"plafond de permissions classe les modules à partir du référentiel réel et refuse les inconnus","status":"passed","title":"classe les modules à partir du référentiel réel et refuse les inconnus","duration":7.117800000007264,"failureMessages":[],"meta":{},"tags":[]},{"ancestorTitles":["plafond de permissions"],"fullName":"plafond de permissions permet une attribution explicite à Admin, sans attribution automatique ni domaine inconnu","status":"passed","title":"permet une attribution explicite à Admin, sans attribution automatique ni domaine inconnu","duration":3.097700000042096,"failureMessages":[],"meta":{},"tags":[]},{"ancestorTitles":["plafond de permissions"],"fullName":"plafond de permissions limite une société à ses modules et responsabilités","status":"passed","title":"limite une société à ses modules et responsabilités","duration":1.0103000000817701,"failureMessages":[],"meta":{},"tags":[]},{"ancestorTitles":["plafond de permissions"],"fullName":"plafond de permissions retire entièrement les modules incompatibles au lieu de les désactiver","status":"passed","title":"retire entièrement les modules incompatibles au lieu de les désactiver","duration":0.8451999999815598,"failureMessages":[],"meta":{},"tags":[]},{"ancestorTitles":["plafond de permissions"],"fullName":"plafond de permissions borne chaque personnalisation au plafond du rôle","status":"passed","title":"borne chaque personnalisation au plafond du rôle","duration":0.9499000000068918,"failureMessages":[],"meta":{},"tags":[]},{"ancestorTitles":["plafond de permissions"],"fullName":"plafond de permissions aligne les opérations fiscales du Comptoir et le rapprochement DGI","status":"passed","title":"aligne les opérations fiscales du Comptoir et le rapprochement DGI","duration":1.0437999999849126,"failureMessages":[],"meta":{},"tags":[]},{"ancestorTitles":["plafond de permissions"],"fullName":"plafond de permissions attribue explicitement la finance Comptoir et sépare exécution et contrôle","status":"passed","title":"attribue explicitement la finance Comptoir et sépare exécution et contrôle","duration":2.136600000085309,"failureMessages":[],"meta":{},"tags":[]},{"ancestorTitles":["plafond de permissions"],"fullName":"plafond de permissions applique les gabarits lecture et recommandé sans dépasser le plafond","status":"passed","title":"applique les gabarits lecture et recommandé sans dépasser le plafond","duration":1.3454999999376014,"failureMessages":[],"meta":{},"tags":[]}],"startTime":1788758890060,"endTime":1788758890101.3455,"status":"passed","message":"","name":"F:/Development/SONASP/src/lib/accessControl.test.ts"},{"assertionResults":[{"ancestorTitles":["contrat du dossier artisan"],"fullName":"contrat du dossier artisan physique / exploitant","status":"passed","title":"physique / exploitant","duration":6.601299999980256,"failureMessages":[],"meta":{},"tags":[]},{"ancestorTitles":["contrat du dossier artisan"],"fullName":"contrat du dossier artisan physique / fournisseur","status":"passed","title":"physique / fournisseur","duration":0.9511000000638887,"failureMessages":[],"meta":{},"tags":[]},{"ancestorTitles":["contrat du dossier artisan"],"fullName":"contrat du dossier artisan physique / aide_exploitant","status":"passed","title":"physique / aide_exploitant","duration":0.6280999999726191,"failureMessages":[],"meta":{},"tags":[]},{"ancestorTitles":["contrat du dossier artisan"],"fullName":"contrat du dossier artisan physique / intermediaire","status":"passed","title":"physique / intermediaire","duration":0.6245000000344589,"failureMessages":[],"meta":{},"tags":[]},{"ancestorTitles":["contrat du dossier artisan"],"fullName":"contrat du dossier artisan morale / exploitant","status":"passed","title":"morale / exploitant","duration":0.8218999999808148,"failureMessages":[],"meta":{},"tags":[]},{"ancestorTitles":["contrat du dossier artisan"],"fullName":"contrat du dossier artisan morale / fournisseur","status":"passed","title":"morale / fournisseur","duration":0.5108999999938533,"failureMessages":[],"meta":{},"tags":[]},{"ancestorTitles":["contrat du dossier artisan"],"fullName":"contrat du dossier artisan morale / aide_exploitant","status":"passed","title":"morale / aide_exploitant","duration":0.5574000000488013,"failureMessages":[],"meta":{},"tags":[]},{"ancestorTitles":["contrat du dossier artisan"],"fullName":"contrat du dossier artisan morale / intermediaire","status":"passed","title":"morale / intermediaire","duration":0.44680000003427267,"failureMessages":[],"meta":{},"tags":[]},{"ancestorTitles":["contrat du dossier artisan"],"fullName":"contrat du dossier artisan mesure uniquement les obligations, avec les choix déjà renseignés","status":"passed","title":"mesure uniquement les obligations, avec les choix déjà renseignés","duration":2.4803000000538304,"failureMessages":[],"meta":{},"tags":[]},{"ancestorTitles":["contrat du dossier artisan"],"fullName":"contrat du dossier artisan exclut les champs et pièces de la branche inactive du payload","status":"passed","title":"exclut les champs et pièces de la branche inactive du payload","duration":2.9261999999871477,"failureMessages":[],"meta":{},"tags":[]},{"ancestorTitles":["contrat du dossier artisan"],"fullName":"contrat du dossier artisan ne confond pas le responsable avec l’artisan et respecte le choix WhatsApp","status":"passed","title":"ne confond pas le responsable avec l’artisan et respecte le choix WhatsApp","duration":0.6851999999489635,"failureMessages":[],"meta":{},"tags":[]},{"ancestorTitles":["contrat du dossier artisan"],"fullName":"contrat du dossier artisan un aide exige son exploitant, sans site direct","status":"passed","title":"un aide exige son exploitant, sans site direct","duration":0.5610999999335036,"failureMessages":[],"meta":{},"tags":[]},{"ancestorTitles":["contrat du dossier artisan"],"fullName":"contrat du dossier artisan rejette une naissance future et des dates incohérentes, sans interdire une pièce expirée","status":"passed","title":"rejette une naissance future et des dates incohérentes, sans interdire une pièce expirée","duration":0.8271999999415129,"failureMessages":[],"meta":{},"tags":[]},{"ancestorTitles":["contrat du dossier artisan"],"fullName":"contrat du dossier artisan préserve les collecteurs historiques et un sexe non renseigné","status":"passed","title":"préserve les collecteurs historiques et un sexe non renseigné","duration":0.3752000000094995,"failureMessages":[],"meta":{},"tags":[]}],"startTime":1788759008554,"endTime":1788759008574.3752,"status":"passed","message":"","name":"F:/Development/SONASP/src/lib/artisanDossier.test.ts"},{"assertionResults":[{"ancestorTitles":["auditLog"],"fullName":"auditLog journalise une observation via la RPC sans écrire les tables d’audit","status":"passed","title":"journalise une observation via la RPC sans écrire les tables d’audit","duration":21.57390000007581,"failureMessages":[],"meta":{},"tags":[]},{"ancestorTitles":["auditLog"],"fullName":"auditLog borne les détails et laisse la fonction SQL dériver l’acteur courant","status":"passed","title":"borne les détails et laisse la fonction SQL dériver l’acteur courant","duration":2.2286000000312924,"failureMessages":[],"meta":{},"tags":[]}],"startTime":1788758916844,"endTime":1788758916867.2285,"status":"passed","message":"","name":"F:/Development/SONASP/src/lib/auditLog.test.ts"},{"assertionResults":[{"ancestorTitles":["capacités frontend"],"fullName":"capacités frontend utilise la matrice conservatrice seulement si le serveur est indisponible","status":"passed","title":"utilise la matrice conservatrice seulement si le serveur est indisponible","duration":2.762899999972433,"failureMessages":[],"meta":{},"tags":[]},{"ancestorTitles":["capacités frontend"],"fullName":"capacités frontend respecte une liste serveur vide sans réintroduire les droits du rôle","status":"passed","title":"respecte une liste serveur vide sans réintroduire les droits du rôle","duration":0.5716999999713153,"failureMessages":[],"meta":{},"tags":[]},{"ancestorTitles":["capacités frontend"],"fullName":"capacités frontend accorde toutes les capacités fonctionnelles au Owner actif","status":"passed","title":"accorde toutes les capacités fonctionnelles au Owner actif","duration":0.4893000000156462,"failureMessages":[],"meta":{},"tags":[]},{"ancestorTitles":["capacités frontend"],"fullName":"capacités frontend reflète exactement un override serveur ciblé","status":"passed","title":"reflète exactement un override serveur ciblé","duration":0.454399999929592,"failureMessages":[],"meta":{},"tags":[]},{"ancestorTitles":["capacités frontend"],"fullName":"capacités frontend refuse toute capacité à un compte désactivé, même si elle est renvoyée","status":"passed","title":"refuse toute capacité à un compte désactivé, même si elle est renvoyée","duration":0.3717000000178814,"failureMessages":[],"meta":{},"tags":[]},{"ancestorTitles":["capacités frontend"],"fullName":"capacités frontend ne déduit jamais les capabilities artisan sensibles du seul rôle admin","status":"passed","title":"ne déduit jamais les capabilities artisan sensibles du seul rôle admin","duration":0.5385000000242144,"failureMessages":[],"meta":{},"tags":[]},{"ancestorTitles":["capacités frontend"],"fullName":"capacités frontend exige une capability autoritative même pour Owner sur une opération sensible","status":"passed","title":"exige une capability autoritative même pour Owner sur une opération sensible","duration":0.44240000005811453,"failureMessages":[],"meta":{},"tags":[]}],"startTime":1788759065280,"endTime":1788759065285.5386,"status":"passed","message":"","name":"F:/Development/SONASP/src/lib/capabilities.test.ts"},{"assertionResults":[{"ancestorTitles":["aperçu PDF de carte"],"fullName":"aperçu PDF de carte décode le PDF généré et produit un canevas aux dimensions attendues","status":"passed","title":"décode le PDF généré et produit un canevas aux dimensions attendues","duration":9.747800000011921,"failureMessages":[],"meta":{},"tags":[]},{"ancestorTitles":["aperçu PDF de carte"],"fullName":"aperçu PDF de carte libère le worker après un échec de rendu","status":"passed","title":"libère le worker après un échec de rendu","duration":4.888799999956973,"failureMessages":[],"meta":{},"tags":[]},{"ancestorTitles":["aperçu PDF de carte"],"fullName":"aperçu PDF de carte refuse une référence qui ne contient pas le PDF produit","status":"passed","title":"refuse une référence qui ne contient pas le PDF produit","duration":1.5372000000206754,"failureMessages":[],"meta":{},"tags":[]}],"startTime":1788759012651,"endTime":1788759012667.537,"status":"passed","message":"","name":"F:/Development/SONASP/src/lib/cardPdfPreview.test.ts"},{"assertionResults":[{"ancestorTitles":["matrice d’accès du portail Collecteur"],"fullName":"matrice d’accès du portail Collecteur reconnaît la capacité serveur et lui donne priorité sur le Comptoir","status":"passed","title":"reconnaît la capacité serveur et lui donne priorité sur le Comptoir","duration":7.407500000088476,"failureMessages":[],"meta":{},"tags":[]},{"ancestorTitles":["matrice d’accès du portail Collecteur"],"fullName":"matrice d’accès du portail Collecteur autorise la consultation /portail-collecteur","status":"passed","title":"autorise la consultation /portail-collecteur","duration":2.7145000000018626,"failureMessages":[],"meta":{},"tags":[]},{"ancestorTitles":["matrice d’accès du portail Collecteur"],"fullName":"matrice d’accès du portail Collecteur autorise la consultation /portail-collecteur/stock","status":"passed","title":"autorise la consultation /portail-collecteur/stock","duration":1.4398999999975786,"failureMessages":[],"meta":{},"tags":[]},{"ancestorTitles":["matrice d’accès du portail Collecteur"],"fullName":"matrice d’accès du portail Collecteur autorise la consultation /portail-collecteur/documents","status":"passed","title":"autorise la consultation /portail-collecteur/documents","duration":1.9899000000441447,"failureMessages":[],"meta":{},"tags":[]},{"ancestorTitles":["matrice d’accès du portail Collecteur"],"fullName":"matrice d’accès du portail Collecteur autorise la consultation /artisan-minier/liste","status":"passed","title":"autorise la consultation /artisan-minier/liste","duration":2.0212000000756234,"failureMessages":[],"meta":{},"tags":[]},{"ancestorTitles":["matrice d’accès du portail Collecteur"],"fullName":"matrice d’accès du portail Collecteur autorise la consultation /artisan-minier/ventes-or","status":"passed","title":"autorise la consultation /artisan-minier/ventes-or","duration":2.296500000054948,"failureMessages":[],"meta":{},"tags":[]},{"ancestorTitles":["matrice d’accès du portail Collecteur"],"fullName":"matrice d’accès du portail Collecteur autorise la consultation /artisan-minier/paiements/historique","status":"passed","title":"autorise la consultation /artisan-minier/paiements/historique","duration":1.705100000021048,"failureMessages":[],"meta":{},"tags":[]},{"ancestorTitles":["matrice d’accès du portail Collecteur"],"fullName":"matrice d’accès du portail Collecteur autorise la consultation /artisan-minier/rapports/taxes","status":"passed","title":"autorise la consultation /artisan-minier/rapports/taxes","duration":2.0459000000264496,"failureMessages":[],"meta":{},"tags":[]},{"ancestorTitles":["matrice d’accès du portail Collecteur"],"fullName":"matrice d’accès du portail Collecteur autorise la consultation /profile","status":"passed","title":"autorise la consultation /profile","duration":1.396500000031665,"failureMessages":[],"meta":{},"tags":[]},{"ancestorTitles":["matrice d’accès du portail Collecteur"],"fullName":"matrice d’accès du portail Collecteur autorise la consultation /help","status":"passed","title":"autorise la consultation /help","duration":1.3440999999875203,"failureMessages":[],"meta":{},"tags":[]},{"ancestorTitles":["matrice d’accès du portail Collecteur"],"fullName":"matrice d’accès du portail Collecteur autorise la consultation /artisan-minier/123e4567-e89b-12d3-a456-426614174000","status":"passed","title":"autorise la consultation /artisan-minier/123e4567-e89b-12d3-a456-426614174000","duration":1.3645999999716878,"failureMessages":[],"meta":{},"tags":[]},{"ancestorTitles":["matrice d’accès du portail Collecteur"],"fullName":"matrice d’accès du portail Collecteur autorise la consultation /artisan-minier/ventes-or/123e4567-e89b-12d3-a456-426614174000","status":"passed","title":"autorise la consultation /artisan-minier/ventes-or/123e4567-e89b-12d3-a456-426614174000","duration":1.0238000000827014,"failureMessages":[],"meta":{},"tags":[]},{"ancestorTitles":["matrice d’accès du portail Collecteur"],"fullName":"matrice d’accès du portail Collecteur refuse l’opération hors périmètre /portail-comptoir","status":"passed","title":"refuse l’opération hors périmètre /portail-comptoir","duration":1.3434000000124797,"failureMessages":[],"meta":{},"tags":[]},{"ancestorTitles":["matrice d’accès du portail Collecteur"],"fullName":"matrice d’accès du portail Collecteur refuse l’opération hors périmètre /portail-comptoir/ventes-sonasp","status":"passed","title":"refuse l’opération hors périmètre /portail-comptoir/ventes-sonasp","duration":1.206000000005588,"failureMessages":[],"meta":{},"tags":[]},{"ancestorTitles":["matrice d’accès du portail Collecteur"],"fullName":"matrice d’accès du portail Collecteur refuse l’opération hors périmètre /sales","status":"passed","title":"refuse l’opération hors périmètre /sales","duration":1.165500000002794,"failureMessages":[],"meta":{},"tags":[]},{"ancestorTitles":["matrice d’accès du portail Collecteur"],"fullName":"matrice d’accès du portail Collecteur refuse l’opération hors périmètre /gold-prices","status":"passed","title":"refuse l’opération hors périmètre /gold-prices","duration":1.4449999999487773,"failureMessages":[],"meta":{},"tags":[]},{"ancestorTitles":["matrice d’accès du portail Collecteur"],"fullName":"matrice d’accès du portail Collecteur refuse l’opération hors périmètre /artisan-minier","status":"passed","title":"refuse l’opération hors périmètre /artisan-minier","duration":1.1735000000335276,"failureMessages":[],"meta":{},"tags":[]},{"ancestorTitles":["matrice d’accès du portail Collecteur"],"fullName":"matrice d’accès du portail Collecteur refuse l’opération hors périmètre /artisan-minier/ventes-or/nouvelle","status":"passed","title":"refuse l’opération hors périmètre /artisan-minier/ventes-or/nouvelle","duration":0.9856000000145286,"failureMessages":[],"meta":{},"tags":[]},{"ancestorTitles":["matrice d’accès du portail Collecteur"],"fullName":"matrice d’accès du portail Collecteur refuse l’opération hors périmètre /artisan-minier/ventes-or/123e4567-e89b-12d3-a456-426614174000/modifier","status":"passed","title":"refuse l’opération hors périmètre /artisan-minier/ventes-or/123e4567-e89b-12d3-a456-426614174000/modifier","duration":1.0062000000616536,"failureMessages":[],"meta":{},"tags":[]},{"ancestorTitles":["matrice d’accès du portail Collecteur"],"fullName":"matrice d’accès du portail Collecteur refuse l’opération hors périmètre /artisan-minier/paiements","status":"passed","title":"refuse l’opération hors périmètre /artisan-minier/paiements","duration":1.1283999999286607,"failureMessages":[],"meta":{},"tags":[]},{"ancestorTitles":["matrice d’accès du portail Collecteur"],"fullName":"matrice d’accès du portail Collecteur refuse l’opération hors périmètre /artisan-minier/123e4567-e89b-12d3-a456-426614174000/infractions/nouvelle","status":"passed","title":"refuse l’opération hors périmètre /artisan-minier/123e4567-e89b-12d3-a456-426614174000/infractions/nouvelle","duration":0.9947999999858439,"failureMessages":[],"meta":{},"tags":[]}],"startTime":1788758889813,"endTime":1788758889850.9949,"status":"passed","message":"","name":"F:/Development/SONASP/src/lib/collectorAccess.test.ts"},{"assertionResults":[{"ancestorTitles":["périmètre du portail Comptoir"],"fullName":"périmètre du portail Comptoir exige le rôle partenaire et la capacité serveur","status":"passed","title":"exige le rôle partenaire et la capacité serveur","duration":4.011199999949895,"failureMessages":[],"meta":{},"tags":[]},{"ancestorTitles":["périmètre du portail Comptoir"],"fullName":"périmètre du portail Comptoir autorise /portail-comptoir","status":"passed","title":"autorise /portail-comptoir","duration":2.127199999988079,"failureMessages":[],"meta":{},"tags":[]},{"ancestorTitles":["périmètre du portail Comptoir"],"fullName":"périmètre du portail Comptoir autorise /portail-comptoir/stock","status":"passed","title":"autorise /portail-comptoir/stock","duration":1.308599999989383,"failureMessages":[],"meta":{},"tags":[]},{"ancestorTitles":["périmètre du portail Comptoir"],"fullName":"périmètre du portail Comptoir autorise /artisan-minier/liste","status":"passed","title":"autorise /artisan-minier/liste","duration":1.2398000000976026,"failureMessages":[],"meta":{},"tags":[]},{"ancestorTitles":["périmètre du portail Comptoir"],"fullName":"périmètre du portail Comptoir autorise /artisan-minier/ventes-or/nouvelle","status":"passed","title":"autorise /artisan-minier/ventes-or/nouvelle","duration":0.8207999999867752,"failureMessages":[],"meta":{},"tags":[]},{"ancestorTitles":["périmètre du portail Comptoir"],"fullName":"périmètre du portail Comptoir autorise /artisan-minier/ventes-or/123/facture","status":"passed","title":"autorise /artisan-minier/ventes-or/123/facture","duration":0.7145000000018626,"failureMessages":[],"meta":{},"tags":[]},{"ancestorTitles":["périmètre du portail Comptoir"],"fullName":"périmètre du portail Comptoir autorise /artisan-minier/paiements/historique","status":"passed","title":"autorise /artisan-minier/paiements/historique","duration":0.8035000000381842,"failureMessages":[],"meta":{},"tags":[]},{"ancestorTitles":["périmètre du portail Comptoir"],"fullName":"périmètre du portail Comptoir autorise /artisan-minier/rapports/taxes","status":"passed","title":"autorise /artisan-minier/rapports/taxes","duration":0.8405999999959022,"failureMessages":[],"meta":{},"tags":[]},{"ancestorTitles":["périmètre du portail Comptoir"],"fullName":"périmètre du portail Comptoir autorise /artisan-minier/123e4567-e89b-12d3-a456-426614174000","status":"passed","title":"autorise /artisan-minier/123e4567-e89b-12d3-a456-426614174000","duration":0.8427999999839813,"failureMessages":[],"meta":{},"tags":[]},{"ancestorTitles":["périmètre du portail Comptoir"],"fullName":"périmètre du portail Comptoir refuse /sales","status":"passed","title":"refuse /sales","duration":0.8028999998932704,"failureMessages":[],"meta":{},"tags":[]},{"ancestorTitles":["périmètre du portail Comptoir"],"fullName":"périmètre du portail Comptoir refuse /gold-prices","status":"passed","title":"refuse /gold-prices","duration":0.7158000000054017,"failureMessages":[],"meta":{},"tags":[]},{"ancestorTitles":["périmètre du portail Comptoir"],"fullName":"périmètre du portail Comptoir refuse /production/licenses","status":"passed","title":"refuse /production/licenses","duration":0.7137999999104068,"failureMessages":[],"meta":{},"tags":[]},{"ancestorTitles":["périmètre du portail Comptoir"],"fullName":"périmètre du portail Comptoir refuse /shipping/preparation","status":"passed","title":"refuse /shipping/preparation","duration":0.6596999999601394,"failureMessages":[],"meta":{},"tags":[]},{"ancestorTitles":["périmètre du portail Comptoir"],"fullName":"périmètre du portail Comptoir refuse /artisan-minier/123e4567-e89b-12d3-a456-426614174000/edit","status":"passed","title":"refuse /artisan-minier/123e4567-e89b-12d3-a456-426614174000/edit","duration":0.601299999980256,"failureMessages":[],"meta":{},"tags":[]},{"ancestorTitles":["périmètre du portail Comptoir"],"fullName":"périmètre du portail Comptoir refuse /artisan-minier/cartes/validation","status":"passed","title":"refuse /artisan-minier/cartes/validation","duration":0.6032000000122935,"failureMessages":[],"meta":{},"tags":[]},{"ancestorTitles":["périmètre du portail Comptoir"],"fullName":"périmètre du portail Comptoir refuse /users","status":"passed","title":"refuse /users","duration":0.620299999951385,"failureMessages":[],"meta":{},"tags":[]},{"ancestorTitles":["périmètre du portail Comptoir"],"fullName":"périmètre du portail Comptoir refuse /admin/modules","status":"passed","title":"refuse /admin/modules","duration":0.4955000000772998,"failureMessages":[],"meta":{},"tags":[]}],"startTime":1788758860028,"endTime":1788758860046.6204,"status":"passed","message":"","name":"F:/Development/SONASP/src/lib/comptoirAccess.test.ts"},{"assertionResults":[{"ancestorTitles":["règles du tableau fiscal DGI"],"fullName":"règles du tableau fiscal DGI calcule le reste, le taux et la tendance sans propager NaN","status":"passed","title":"calcule le reste, le taux et la tendance sans propager NaN","duration":3.7197000000160187,"failureMessages":[],"meta":{},"tags":[]},{"ancestorTitles":["règles du tableau fiscal DGI"],"fullName":"règles du tableau fiscal DGI formate les valeurs sans inventer un zéro quand elles manquent","status":"passed","title":"formate les valeurs sans inventer un zéro quand elles manquent","duration":0.9390999999595806,"failureMessages":[],"meta":{},"tags":[]},{"ancestorTitles":["règles du tableau fiscal DGI"],"fullName":"règles du tableau fiscal DGI centralise le libellé de performance et respecte un objectif configuré","status":"passed","title":"centralise le libellé de performance et respecte un objectif configuré","duration":0.4171000000787899,"failureMessages":[],"meta":{},"tags":[]},{"ancestorTitles":["règles du tableau fiscal DGI"],"fullName":"règles du tableau fiscal DGI exporte exclusivement les données effectivement reçues","status":"passed","title":"exporte exclusivement les données effectivement reçues","duration":1.3488999999826774,"failureMessages":[],"meta":{},"tags":[]}],"startTime":1788758941374,"endTime":1788758941380.3489,"status":"passed","message":"","name":"F:/Development/SONASP/src/lib/dgiFiscalDashboard.test.ts"},{"assertionResults":[{"ancestorTitles":["calculs du tableau réglementaire DGMG"],"fullName":"calculs du tableau réglementaire DGMG calcule un taux de conformité borné à partir des seules classes connues","status":"passed","title":"calcule un taux de conformité borné à partir des seules classes connues","duration":7.923999999999069,"failureMessages":[],"meta":{},"tags":[]},{"ancestorTitles":["calculs du tableau réglementaire DGMG"],"fullName":"calculs du tableau réglementaire DGMG protège la division par zéro, les absences et les valeurs négatives","status":"passed","title":"protège la division par zéro, les absences et les valeurs négatives","duration":0.8549000000348315,"failureMessages":[],"meta":{},"tags":[]},{"ancestorTitles":["calculs du tableau réglementaire DGMG"],"fullName":"calculs du tableau réglementaire DGMG formate la masse sans confondre zéro et absence","status":"passed","title":"formate la masse sans confondre zéro et absence","duration":2.061199999996461,"failureMessages":[],"meta":{},"tags":[]},{"ancestorTitles":["calculs du tableau réglementaire DGMG"],"fullName":"calculs du tableau réglementaire DGMG exporte uniquement les valeurs présentes dans le contrat normalisé","status":"passed","title":"exporte uniquement les valeurs présentes dans le contrat normalisé","duration":1.8561999999219552,"failureMessages":[],"meta":{},"tags":[]}],"startTime":1788759053660,"endTime":1788759053672.8562,"status":"passed","message":"","name":"F:/Development/SONASP/src/lib/dgmgRegulatoryDashboard.test.ts"},{"assertionResults":[{"ancestorTitles":["evaluateEffectiveAccess"],"fullName":"evaluateEffectiveAccess autorise uniquement lorsque tous les plafonds sont ouverts","status":"passed","title":"autorise uniquement lorsque tous les plafonds sont ouverts","duration":4.467200000071898,"failureMessages":[],"meta":{},"tags":[]},{"ancestorTitles":["evaluateEffectiveAccess"],"fullName":"evaluateEffectiveAccess refuse par défaut lorsque accountActive est fermé","status":"passed","title":"refuse par défaut lorsque accountActive est fermé","duration":1.0868000000482425,"failureMessages":[],"meta":{},"tags":[]},{"ancestorTitles":["evaluateEffectiveAccess"],"fullName":"evaluateEffectiveAccess refuse par défaut lorsque sessionActive est fermé","status":"passed","title":"refuse par défaut lorsque sessionActive est fermé","duration":0.7669999999925494,"failureMessages":[],"meta":{},"tags":[]},{"ancestorTitles":["evaluateEffectiveAccess"],"fullName":"evaluateEffectiveAccess refuse par défaut lorsque portalActive est fermé","status":"passed","title":"refuse par défaut lorsque portalActive est fermé","duration":0.5331000000005588,"failureMessages":[],"meta":{},"tags":[]},{"ancestorTitles":["evaluateEffectiveAccess"],"fullName":"evaluateEffectiveAccess refuse par défaut lorsque roleActive est fermé","status":"passed","title":"refuse par défaut lorsque roleActive est fermé","duration":0.44550000003073364,"failureMessages":[],"meta":{},"tags":[]},{"ancestorTitles":["evaluateEffectiveAccess"],"fullName":"evaluateEffectiveAccess refuse par défaut lorsque roleBelongsToPortal est fermé","status":"passed","title":"refuse par défaut lorsque roleBelongsToPortal est fermé","duration":0.4721000000135973,"failureMessages":[],"meta":{},"tags":[]},{"ancestorTitles":["evaluateEffectiveAccess"],"fullName":"evaluateEffectiveAccess refuse par défaut lorsque moduleGloballyActive est fermé","status":"passed","title":"refuse par défaut lorsque moduleGloballyActive est fermé","duration":0.3503999999957159,"failureMessages":[],"meta":{},"tags":[]},{"ancestorTitles":["evaluateEffectiveAccess"],"fullName":"evaluateEffectiveAccess refuse par défaut lorsque moduleActiveForPortal est fermé","status":"passed","title":"refuse par défaut lorsque moduleActiveForPortal est fermé","duration":0.307399999932386,"failureMessages":[],"meta":{},"tags":[]},{"ancestorTitles":["evaluateEffectiveAccess"],"fullName":"evaluateEffectiveAccess refuse par défaut lorsque moduleActiveForRole est fermé","status":"passed","title":"refuse par défaut lorsque moduleActiveForRole est fermé","duration":0.3286000000080094,"failureMessages":[],"meta":{},"tags":[]},{"ancestorTitles":["evaluateEffectiveAccess"],"fullName":"evaluateEffectiveAccess refuse par défaut lorsque permissionApplicable est fermé","status":"passed","title":"refuse par défaut lorsque permissionApplicable est fermé","duration":0.40570000000298023,"failureMessages":[],"meta":{},"tags":[]},{"ancestorTitles":["evaluateEffectiveAccess"],"fullName":"evaluateEffectiveAccess refuse par défaut lorsque permissionGrantedToRole est fermé","status":"passed","title":"refuse par défaut lorsque permissionGrantedToRole est fermé","duration":0.3192000000271946,"failureMessages":[],"meta":{},"tags":[]},{"ancestorTitles":["evaluateEffectiveAccess"],"fullName":"evaluateEffectiveAccess refuse par défaut lorsque individualGrantWithinCeiling est fermé","status":"passed","title":"refuse par défaut lorsque individualGrantWithinCeiling est fermé","duration":0.25310000008903444,"failureMessages":[],"meta":{},"tags":[]},{"ancestorTitles":["evaluateEffectiveAccess"],"fullName":"evaluateEffectiveAccess fait toujours primer une restriction individuelle","status":"passed","title":"fait toujours primer une restriction individuelle","duration":1.649500000057742,"failureMessages":[],"meta":{},"tags":[]}],"startTime":1788758977595,"endTime":1788758977606.6494,"status":"passed","message":"","name":"F:/Development/SONASP/src/lib/effectiveAccess.test.ts"},{"assertionResults":[{"ancestorTitles":["excelExport"],"fullName":"excelExport génère un classeur xlsx sans parser de contenu externe","status":"passed","title":"génère un classeur xlsx sans parser de contenu externe","duration":418.2644999999902,"failureMessages":[],"meta":{},"tags":[]}],"startTime":1788758764737,"endTime":1788758765155.2644,"status":"passed","message":"","name":"F:/Development/SONASP/src/lib/excelExport.test.ts"},{"assertionResults":[{"ancestorTitles":["freightCustomsAccess"],"fullName":"freightCustomsAccess reste fail-closed sans liste autoritative de capacités, y compris pour owner","status":"passed","title":"reste fail-closed sans liste autoritative de capacités, y compris pour owner","duration":2.0316999999340624,"failureMessages":[],"meta":{},"tags":[]},{"ancestorTitles":["freightCustomsAccess"],"fullName":"freightCustomsAccess n’expose qu’une étape suivante canonique","status":"passed","title":"n’expose qu’une étape suivante canonique","duration":0.5927999999839813,"failureMessages":[],"meta":{},"tags":[]},{"ancestorTitles":["freightCustomsAccess"],"fullName":"freightCustomsAccess autorise l’historique tenant d’une mine seulement via la capacité autoritative","status":"passed","title":"autorise l’historique tenant d’une mine seulement via la capacité autoritative","duration":0.41229999996721745,"failureMessages":[],"meta":{},"tags":[]},{"ancestorTitles":["freightCustomsAccess"],"fullName":"freightCustomsAccess refuse l’auto-approbation même avec la capacité adéquate","status":"passed","title":"refuse l’auto-approbation même avec la capacité adéquate","duration":0.7541999999666587,"failureMessages":[],"meta":{},"tags":[]},{"ancestorTitles":["freightCustomsAccess"],"fullName":"freightCustomsAccess autorise un approbateur distinct disposant de la capacité AAL2","status":"passed","title":"autorise un approbateur distinct disposant de la capacité AAL2","duration":1.5433999999659136,"failureMessages":[],"meta":{},"tags":[]},{"ancestorTitles":["freightCustomsAccess"],"fullName":"freightCustomsAccess refuse à l’approbateur de préparer puis de constater seul le départ","status":"passed","title":"refuse à l’approbateur de préparer puis de constater seul le départ","duration":0.5635999999940395,"failureMessages":[],"meta":{},"tags":[]}],"startTime":1788759019092,"endTime":1788759019097.5637,"status":"passed","message":"","name":"F:/Development/SONASP/src/lib/freightCustomsAccess.test.ts"},{"assertionResults":[{"ancestorTitles":["stabilité de la plateforme locale"],"fullName":"stabilité de la plateforme locale reconstruit la version locale avant de la servir sans client HMR","status":"passed","title":"reconstruit la version locale avant de la servir sans client HMR","duration":3.4906000000191852,"failureMessages":[],"meta":{},"tags":[]},{"ancestorTitles":["stabilité de la plateforme locale"],"fullName":"stabilité de la plateforme locale réserve le port habituel à la plateforme stable et isole le développement","status":"passed","title":"réserve le port habituel à la plateforme stable et isole le développement","duration":4.616500000003725,"failureMessages":[],"meta":{},"tags":[]}],"startTime":1788758999806,"endTime":1788758999814.6165,"status":"passed","message":"","name":"F:/Development/SONASP/src/lib/localRuntimeConfig.test.ts"},{"assertionResults":[{"ancestorTitles":["matrice d’accès du portail Mine"],"fullName":"matrice d’accès du portail Mine reconnaît le périmètre par le rattachement, y compris pour un rôle historique customer","status":"passed","title":"reconnaît le périmètre par le rattachement, y compris pour un rôle historique customer","duration":4.5209000000031665,"failureMessages":[],"meta":{},"tags":[]},{"ancestorTitles":["matrice d’accès du portail Mine"],"fullName":"matrice d’accès du portail Mine considère la liste explicite de capacités comme autoritative","status":"passed","title":"considère la liste explicite de capacités comme autoritative","duration":0.8611000000382774,"failureMessages":[],"meta":{},"tags":[]},{"ancestorTitles":["matrice d’accès du portail Mine"],"fullName":"matrice d’accès du portail Mine autorise /production/daily","status":"passed","title":"autorise /production/daily","duration":2.3660999999847263,"failureMessages":[],"meta":{},"tags":[]},{"ancestorTitles":["matrice d’accès du portail Mine"],"fullName":"matrice d’accès du portail Mine autorise /production/in-safe","status":"passed","title":"autorise /production/in-safe","duration":1.5094999999855645,"failureMessages":[],"meta":{},"tags":[]},{"ancestorTitles":["matrice d’accès du portail Mine"],"fullName":"matrice d’accès du portail Mine autorise /production/licenses/123","status":"passed","title":"autorise /production/licenses/123","duration":1.239800000039395,"failureMessages":[],"meta":{},"tags":[]},{"ancestorTitles":["matrice d’accès du portail Mine"],"fullName":"matrice d’accès du portail Mine autorise /performance/budgets","status":"passed","title":"autorise /performance/budgets","duration":1.0783999999985099,"failureMessages":[],"meta":{},"tags":[]},{"ancestorTitles":["matrice d’accès du portail Mine"],"fullName":"matrice d’accès du portail Mine autorise /performance/forecasts","status":"passed","title":"autorise /performance/forecasts","duration":1.1189000000013039,"failureMessages":[],"meta":{},"tags":[]},{"ancestorTitles":["matrice d’accès du portail Mine"],"fullName":"matrice d’accès du portail Mine autorise /shipping","status":"passed","title":"autorise /shipping","duration":1.1379000000306405,"failureMessages":[],"meta":{},"tags":[]},{"ancestorTitles":["matrice d’accès du portail Mine"],"fullName":"matrice d’accès du portail Mine autorise /shipping/preparation/new","status":"passed","title":"autorise /shipping/preparation/new","duration":1.0544999999692664,"failureMessages":[],"meta":{},"tags":[]},{"ancestorTitles":["matrice d’accès du portail Mine"],"fullName":"matrice d’accès du portail Mine autorise /refining","status":"passed","title":"autorise /refining","duration":0.8932000000495464,"failureMessages":[],"meta":{},"tags":[]},{"ancestorTitles":["matrice d’accès du portail Mine"],"fullName":"matrice d’accès du portail Mine autorise /inventory","status":"passed","title":"autorise /inventory","duration":0.684499999973923,"failureMessages":[],"meta":{},"tags":[]},{"ancestorTitles":["matrice d’accès du portail Mine"],"fullName":"matrice d’accès du portail Mine autorise /sales/new","status":"passed","title":"autorise /sales/new","duration":0.7395999999716878,"failureMessages":[],"meta":{},"tags":[]},{"ancestorTitles":["matrice d’accès du portail Mine"],"fullName":"matrice d’accès du portail Mine autorise /stakeholders/depositors/new","status":"passed","title":"autorise /stakeholders/depositors/new","duration":0.8027000000001863,"failureMessages":[],"meta":{},"tags":[]},{"ancestorTitles":["matrice d’accès du portail Mine"],"fullName":"matrice d’accès du portail Mine autorise /contrats/nouveau","status":"passed","title":"autorise /contrats/nouveau","duration":0.8528999999980442,"failureMessages":[],"meta":{},"tags":[]},{"ancestorTitles":["matrice d’accès du portail Mine"],"fullName":"matrice d’accès du portail Mine autorise /contrats/123","status":"passed","title":"autorise /contrats/123","duration":0.8052000000025146,"failureMessages":[],"meta":{},"tags":[]},{"ancestorTitles":["matrice d’accès du portail Mine"],"fullName":"matrice d’accès du portail Mine autorise /requisitions/123","status":"passed","title":"autorise /requisitions/123","duration":1.4005999999935739,"failureMessages":[],"meta":{},"tags":[]},{"ancestorTitles":["matrice d’accès du portail Mine"],"fullName":"matrice d’accès du portail Mine autorise /achats/reglements","status":"passed","title":"autorise /achats/reglements","duration":1.1104000000050291,"failureMessages":[],"meta":{},"tags":[]},{"ancestorTitles":["matrice d’accès du portail Mine"],"fullName":"matrice d’accès du portail Mine refuse /production/achats-mines","status":"passed","title":"refuse /production/achats-mines","duration":0.8966000000364147,"failureMessages":[],"meta":{},"tags":[]},{"ancestorTitles":["matrice d’accès du portail Mine"],"fullName":"matrice d’accès du portail Mine refuse /achats/plans","status":"passed","title":"refuse /achats/plans","duration":0.8642000000108965,"failureMessages":[],"meta":{},"tags":[]},{"ancestorTitles":["matrice d’accès du portail Mine"],"fullName":"matrice d’accès du portail Mine refuse /achats/comptes","status":"passed","title":"refuse /achats/comptes","duration":0.9097999999648891,"failureMessages":[],"meta":{},"tags":[]},{"ancestorTitles":["matrice d’accès du portail Mine"],"fullName":"matrice d’accès du portail Mine refuse /inventory/add","status":"passed","title":"refuse /inventory/add","duration":0.9688000000314787,"failureMessages":[],"meta":{},"tags":[]},{"ancestorTitles":["matrice d’accès du portail Mine"],"fullName":"matrice d’accès du portail Mine refuse /sales/approve/123","status":"passed","title":"refuse /sales/approve/123","duration":0.8433999999542721,"failureMessages":[],"meta":{},"tags":[]},{"ancestorTitles":["matrice d’accès du portail Mine"],"fullName":"matrice d’accès du portail Mine refuse /admin/users","status":"passed","title":"refuse /admin/users","duration":0.8798999999999069,"failureMessages":[],"meta":{},"tags":[]},{"ancestorTitles":["matrice d’accès du portail Mine"],"fullName":"matrice d’accès du portail Mine refuse /contrats/contrat-1/modifier","status":"passed","title":"refuse /contrats/contrat-1/modifier","duration":0.8550999999861233,"failureMessages":[],"meta":{},"tags":[]},{"ancestorTitles":["matrice d’accès du portail Mine"],"fullName":"matrice d’accès du portail Mine refuse /requisitions/req-1/modifier","status":"passed","title":"refuse /requisitions/req-1/modifier","duration":0.8073999999905936,"failureMessages":[],"meta":{},"tags":[]},{"ancestorTitles":["matrice d’accès du portail Mine"],"fullName":"matrice d’accès du portail Mine refuse /production/licenses/edit/licence-1","status":"passed","title":"refuse /production/licenses/edit/licence-1","duration":0.7927999999956228,"failureMessages":[],"meta":{},"tags":[]}],"startTime":1788758829962,"endTime":1788758829992.8074,"status":"passed","message":"","name":"F:/Development/SONASP/src/lib/mineAccess.test.ts"},{"assertionResults":[{"ancestorTitles":["permissions Owner"],"fullName":"permissions Owner accorde au Owner actif toutes les permissions et tous les sites","status":"passed","title":"accorde au Owner actif toutes les permissions et tous les sites","duration":4.265299999970011,"failureMessages":[],"meta":{},"tags":[]},{"ancestorTitles":["permissions Owner"],"fullName":"permissions Owner ne contourne pas la désactivation du compte","status":"passed","title":"ne contourne pas la désactivation du compte","duration":0.8273000000044703,"failureMessages":[],"meta":{},"tags":[]},{"ancestorTitles":["permissions Owner"],"fullName":"permissions Owner limite l’administrateur au socle sans le rendre propriétaire ni acteur métier","status":"passed","title":"limite l’administrateur au socle sans le rendre propriétaire ni acteur métier","duration":1.0087999999523163,"failureMessages":[],"meta":{},"tags":[]},{"ancestorTitles":["permissions Owner"],"fullName":"permissions Owner dirige tout représentant de mine vers le portail dédié","status":"passed","title":"dirige tout représentant de mine vers le portail dédié","duration":0.6933999999891967,"failureMessages":[],"meta":{},"tags":[]},{"ancestorTitles":["permissions Owner"],"fullName":"permissions Owner réserve au Manager un portail consultatif distinct","status":"passed","title":"réserve au Manager un portail consultatif distinct","duration":1.0139000000199303,"failureMessages":[],"meta":{},"tags":[]},{"ancestorTitles":["permissions Owner"],"fullName":"permissions Owner isole strictement les permissions de chaque domaine fonctionnel","status":"passed","title":"isole strictement les permissions de chaque domaine fonctionnel","duration":0.5665000000735745,"failureMessages":[],"meta":{},"tags":[]},{"ancestorTitles":["permissions Owner"],"fullName":"permissions Owner n’utilise aucune valeur de permission ambiguë ou dupliquée","status":"passed","title":"n’utilise aucune valeur de permission ambiguë ou dupliquée","duration":0.3240999999688938,"failureMessages":[],"meta":{},"tags":[]}],"startTime":1788759030409,"endTime":1788759030418.3242,"status":"passed","message":"","name":"F:/Development/SONASP/src/lib/permissions.test.ts"},{"assertionResults":[{"ancestorTitles":["catalogue fonctionnel des modules"],"fullName":"catalogue fonctionnel des modules rattache chaque groupe visuel à un module canonique sans dupliquer les permissions","status":"passed","title":"rattache chaque groupe visuel à un module canonique sans dupliquer les permissions","duration":54.11940000002505,"failureMessages":[],"meta":{},"tags":[]},{"ancestorTitles":["catalogue fonctionnel des modules"],"fullName":"catalogue fonctionnel des modules interdit les codes ou rattachements de navigation en doublon","status":"passed","title":"interdit les codes ou rattachements de navigation en doublon","duration":1.087100000004284,"failureMessages":[],"meta":{},"tags":[]},{"ancestorTitles":["catalogue fonctionnel des modules"],"fullName":"catalogue fonctionnel des modules sépare la gouvernance des accès de l’administration technique","status":"passed","title":"sépare la gouvernance des accès de l’administration technique","duration":2.457799999974668,"failureMessages":[],"meta":{},"tags":[]},{"ancestorTitles":["catalogue fonctionnel des modules"],"fullName":"catalogue fonctionnel des modules masque un sous-module Administration pour les autres rôles, mais jamais pour le Owner","status":"passed","title":"masque un sous-module Administration pour les autres rôles, mais jamais pour le Owner","duration":62.94590000004973,"failureMessages":[],"meta":{},"tags":[]},{"ancestorTitles":["catalogue fonctionnel des modules"],"fullName":"catalogue fonctionnel des modules expose séparément les stocks et la Réserve nationale au Owner actif","status":"passed","title":"expose séparément les stocks et la Réserve nationale au Owner actif","duration":2.8219999999855645,"failureMessages":[],"meta":{},"tags":[]},{"ancestorTitles":["catalogue fonctionnel des modules"],"fullName":"catalogue fonctionnel des modules ne masque pas les contrats et paiements d’un module attribué à Admin à cause d’un domaine secondaire","status":"passed","title":"ne masque pas les contrats et paiements d’un module attribué à Admin à cause d’un domaine secondaire","duration":56.98670000000857,"failureMessages":[],"meta":{},"tags":[]},{"ancestorTitles":["catalogue fonctionnel des modules"],"fullName":"catalogue fonctionnel des modules retire un module masqué pour les autres rôles et conserve l’accès Owner","status":"passed","title":"retire un module masqué pour les autres rôles et conserve l’accès Owner","duration":41.286300000036135,"failureMessages":[],"meta":{},"tags":[]},{"ancestorTitles":["catalogue fonctionnel des modules"],"fullName":"catalogue fonctionnel des modules rattache chaque famille de routes au bon module canonique","status":"passed","title":"rattache chaque famille de routes au bon module canonique","duration":1.1084999999729916,"failureMessages":[],"meta":{},"tags":[]}],"startTime":1788758795653,"endTime":1788758795876.1084,"status":"passed","message":"","name":"F:/Development/SONASP/src/lib/platformModuleCatalog.test.ts"},{"assertionResults":[{"ancestorTitles":["presentError"],"fullName":"presentError classifies PGRST201 without leaking diagnostics","status":"passed","title":"classifies PGRST201 without leaking diagnostics","duration":3.0714999999618158,"failureMessages":[],"meta":{},"tags":[]},{"ancestorTitles":["presentError"],"fullName":"presentError classifies 42501 without leaking diagnostics","status":"passed","title":"classifies 42501 without leaking diagnostics","duration":0.6412999999010935,"failureMessages":[],"meta":{},"tags":[]},{"ancestorTitles":["presentError"],"fullName":"presentError classifies 23505 without leaking diagnostics","status":"passed","title":"classifies 23505 without leaking diagnostics","duration":0.48690000001806766,"failureMessages":[],"meta":{},"tags":[]},{"ancestorTitles":["presentError"],"fullName":"presentError classifies 40001 without leaking diagnostics","status":"passed","title":"classifies 40001 without leaking diagnostics","duration":0.6799999999348074,"failureMessages":[],"meta":{},"tags":[]},{"ancestorTitles":["presentError"],"fullName":"presentError handles unknown errors without suggesting an automatic save retry","status":"passed","title":"handles unknown errors without suggesting an automatic save retry","duration":1.1935999999986961,"failureMessages":[],"meta":{},"tags":[]},{"ancestorTitles":["presentError"],"fullName":"presentError presents user-facing errors in institutional French","status":"passed","title":"presents user-facing errors in institutional French","duration":2.596900000004098,"failureMessages":[],"meta":{},"tags":[]}],"startTime":1788758993909,"endTime":1788758993917.597,"status":"passed","message":"","name":"F:/Development/SONASP/src/lib/presentError.test.ts"},{"assertionResults":[{"ancestorTitles":["références de stockage privé"],"fullName":"références de stockage privé canonicalise prep-1/document.pdf","status":"passed","title":"canonicalise prep-1/document.pdf","duration":5.375300000072457,"failureMessages":[],"meta":{},"tags":[]},{"ancestorTitles":["références de stockage privé"],"fullName":"références de stockage privé canonicalise shipping-documents/prep-1/document.pdf","status":"passed","title":"canonicalise shipping-documents/prep-1/document.pdf","duration":1.37410000001546,"failureMessages":[],"meta":{},"tags":[]},{"ancestorTitles":["références de stockage privé"],"fullName":"références de stockage privé canonicalise shipping-documents/shipping-documents/prep-1/document.pdf","status":"passed","title":"canonicalise shipping-documents/shipping-documents/prep-1/document.pdf","duration":0.8588999999919906,"failureMessages":[],"meta":{},"tags":[]},{"ancestorTitles":["références de stockage privé"],"fullName":"références de stockage privé canonicalise https://projet.supabase.co/storage/v1/object/public/shipping-documents/prep-1/document.pdf?download=1","status":"passed","title":"canonicalise https://projet.supabase.co/storage/v1/object/public/shipping-documents/prep-1/document.pdf?download=1","duration":0.6101000000489876,"failureMessages":[],"meta":{},"tags":[]},{"ancestorTitles":["références de stockage privé"],"fullName":"références de stockage privé canonicalise https://projet.supabase.co/storage/v1/object/sign/shipping-documents/shipping-documents/prep-1/Packing%20List.pdf?token=secret","status":"passed","title":"canonicalise https://projet.supabase.co/storage/v1/object/sign/shipping-documents/shipping-documents/prep-1/Packing%20List.pdf?token=secret","duration":0.3469000000040978,"failureMessages":[],"meta":{},"tags":[]},{"ancestorTitles":["références de stockage privé"],"fullName":"références de stockage privé refuse le mauvais bucket, les URL ordinaires et la traversée encodée","status":"passed","title":"refuse le mauvais bucket, les URL ordinaires et la traversée encodée","duration":0.8712999999988824,"failureMessages":[],"meta":{},"tags":[]},{"ancestorTitles":["références de stockage privé"],"fullName":"références de stockage privé respecte la casse du bucket de certificats et canonicalise le bucket mine","status":"passed","title":"respecte la casse du bucket de certificats et canonicalise le bucket mine","duration":0.8540999999968335,"failureMessages":[],"meta":{},"tags":[]},{"ancestorTitles":["références de stockage privé"],"fullName":"références de stockage privé signe uniquement le chemin canonique et borne la durée","status":"passed","title":"signe uniquement le chemin canonique et borne la durée","duration":6.935900000040419,"failureMessages":[],"meta":{},"tags":[]},{"ancestorTitles":["références de stockage privé"],"fullName":"références de stockage privé échoue fermé lorsque la signature est refusée","status":"passed","title":"échoue fermé lorsque la signature est refusée","duration":3.685499999905005,"failureMessages":[],"meta":{},"tags":[]}],"startTime":1788758913332,"endTime":1788758913352.6855,"status":"passed","message":"","name":"F:/Development/SONASP/src/lib/privateStorage.test.ts"},{"assertionResults":[{"ancestorTitles":["configuration de transition PWA"],"fullName":"configuration de transition PWA produit un identifiant atomique inclus dans le manifeste Workbox","status":"passed","title":"produit un identifiant atomique inclus dans le manifeste Workbox","duration":4.699999999953434,"failureMessages":[],"meta":{},"tags":[]},{"ancestorTitles":["configuration de transition PWA"],"fullName":"configuration de transition PWA maintient le worker en attente d’un geste explicite","status":"passed","title":"maintient le worker en attente d’un geste explicite","duration":13.40949999995064,"failureMessages":[],"meta":{},"tags":[]},{"ancestorTitles":["configuration de transition PWA"],"fullName":"configuration de transition PWA délègue le contrôle du reload au garde local inter-onglets","status":"passed","title":"délègue le contrôle du reload au garde local inter-onglets","duration":2.240499999956228,"failureMessages":[],"meta":{},"tags":[]}],"startTime":1788759023654,"endTime":1788759023674.2405,"status":"passed","message":"","name":"F:/Development/SONASP/src/lib/pwaConfig.test.ts"},{"assertionResults":[{"ancestorTitles":["cycle réseau et version PWA"],"fullName":"cycle réseau et version PWA déduit online/offline uniquement du signal navigateur","status":"passed","title":"déduit online/offline uniquement du signal navigateur","duration":3.4346000000368804,"failureMessages":[],"meta":{},"tags":[]},{"ancestorTitles":["cycle réseau et version PWA"],"fullName":"cycle réseau et version PWA vérifie une version sans activer le worker ni recharger la page","status":"passed","title":"vérifie une version sans activer le worker ni recharger la page","duration":3.5161999999545515,"failureMessages":[],"meta":{},"tags":[]},{"ancestorTitles":["cycle réseau et version PWA"],"fullName":"cycle réseau et version PWA conserve l’état online lorsqu’un contrôle de version échoue","status":"passed","title":"conserve l’état online lorsqu’un contrôle de version échoue","duration":1.1357999999308959,"failureMessages":[],"meta":{},"tags":[]}],"startTime":1788758985799,"endTime":1788758985807.1357,"status":"passed","message":"","name":"F:/Development/SONASP/src/lib/pwaUpdate.test.ts"},{"assertionResults":[{"ancestorTitles":["hiérarchie d’administration des comptes"],"fullName":"hiérarchie d’administration des comptes réserve l’attribution du rôle Propriétaire à un Owner","status":"passed","title":"réserve l’attribution du rôle Propriétaire à un Owner","duration":5.175899999914691,"failureMessages":[],"meta":{},"tags":[]},{"ancestorTitles":["hiérarchie d’administration des comptes"],"fullName":"hiérarchie d’administration des comptes interdit la création d’un rôle supérieur à celui de l’acteur","status":"passed","title":"interdit la création d’un rôle supérieur à celui de l’acteur","duration":0.8847999999998137,"failureMessages":[],"meta":{},"tags":[]},{"ancestorTitles":["hiérarchie d’administration des comptes"],"fullName":"hiérarchie d’administration des comptes interdit toute administration de son propre compte","status":"passed","title":"interdit toute administration de son propre compte","duration":0.5906000001123175,"failureMessages":[],"meta":{},"tags":[]},{"ancestorTitles":["hiérarchie d’administration des comptes"],"fullName":"hiérarchie d’administration des comptes ne présente à un administrateur que les rôles qu’il peut attribuer","status":"passed","title":"ne présente à un administrateur que les rôles qu’il peut attribuer","duration":2.2058999999426305,"failureMessages":[],"meta":{},"tags":[]}],"startTime":1788759009895,"endTime":1788759009904.2058,"status":"passed","message":"","name":"F:/Development/SONASP/src/lib/roleHierarchy.test.ts"},{"assertionResults":[{"ancestorTitles":["registre contractuel des routes privées"],"fullName":"registre contractuel des routes privées exige l’habilitation de paiement pour le collecteur","status":"passed","title":"exige l’habilitation de paiement pour le collecteur","duration":8.928499999979977,"failureMessages":[],"meta":{},"tags":[]},{"ancestorTitles":["registre contractuel des routes privées"],"fullName":"registre contractuel des routes privées déclare une politique complète et unique pour chaque pattern","status":"passed","title":"déclare une politique complète et unique pour chaque pattern","duration":45.989400000020396,"failureMessages":[],"meta":{},"tags":[]},{"ancestorTitles":["registre contractuel des routes privées"],"fullName":"registre contractuel des routes privées couvre toutes les routes sensibles déclarées par PrivateApp","status":"passed","title":"couvre toutes les routes sensibles déclarées par PrivateApp","duration":8.32949999999255,"failureMessages":[],"meta":{},"tags":[]},{"ancestorTitles":["registre contractuel des routes privées"],"fullName":"registre contractuel des routes privées échoue fermé pour tout profil ou rôle inconnu sur toutes les routes","status":"passed","title":"échoue fermé pour tout profil ou rôle inconnu sur toutes les routes","duration":299.48379999998724,"failureMessages":[],"meta":{},"tags":[]},{"ancestorTitles":["registre contractuel des routes privées"],"fullName":"registre contractuel des routes privées applique la matrice déclarée à chaque route et chaque type de compte","status":"passed","title":"applique la matrice déclarée à chaque route et chaque type de compte","duration":1791.5304999999935,"failureMessages":[],"meta":{},"tags":[]},{"ancestorTitles":["registre contractuel des routes privées"],"fullName":"registre contractuel des routes privées ouvre au Owner actif toutes les routes privées enregistrées, et seulement celles-ci","status":"passed","title":"ouvre au Owner actif toutes les routes privées enregistrées, et seulement celles-ci","duration":215.93459999997867,"failureMessages":[],"meta":{},"tags":[]},{"ancestorTitles":["registre contractuel des routes privées"],"fullName":"registre contractuel des routes privées ouvre à l’Administrateur les modules nationaux explicitement attribués, jamais les portails partenaires","status":"passed","title":"ouvre à l’Administrateur les modules nationaux explicitement attribués, jamais les portails partenaires","duration":3.909400000004098,"failureMessages":[],"meta":{},"tags":[]},{"ancestorTitles":["registre contractuel des routes privées"],"fullName":"registre contractuel des routes privées ouvre tous les écrans nationaux attribués à Admin, dont le raffinage de la capture","status":"passed","title":"ouvre tous les écrans nationaux attribués à Admin, dont le raffinage de la capture","duration":157.69120000000112,"failureMessages":[],"meta":{},"tags":[]},{"ancestorTitles":["registre contractuel des routes privées"],"fullName":"registre contractuel des routes privées rattache les créations DGMG au registre minier attribué, sans ouvrir les autres parties prenantes","status":"passed","title":"rattache les créations DGMG au registre minier attribué, sans ouvrir les autres parties prenantes","duration":6.1573000000207685,"failureMessages":[],"meta":{},"tags":[]},{"ancestorTitles":["registre contractuel des routes privées"],"fullName":"registre contractuel des routes privées refuse aussi une URL directe lorsque le module canonique n’est pas attribué","status":"passed","title":"refuse aussi une URL directe lorsque le module canonique n’est pas attribué","duration":2.9208000000217,"failureMessages":[],"meta":{},"tags":[]},{"ancestorTitles":["registre contractuel des routes privées"],"fullName":"registre contractuel des routes privées oppose les modules attribués aux portails DGI et DGMG, y compris par URL directe","status":"passed","title":"oppose les modules attribués aux portails DGI et DGMG, y compris par URL directe","duration":4.183900000003632,"failureMessages":[],"meta":{},"tags":[]},{"ancestorTitles":["registre contractuel des routes privées"],"fullName":"registre contractuel des routes privées ferme le portail institutionnel si le rattachement est absent ou incompatible","status":"passed","title":"ferme le portail institutionnel si le rattachement est absent ou incompatible","duration":1.9297999999835156,"failureMessages":[],"meta":{},"tags":[]},{"ancestorTitles":["registre contractuel des routes privées"],"fullName":"registre contractuel des routes privées reconnaît owner et ouvre uniquement son accueil déclaré","status":"passed","title":"reconnaît owner et ouvre uniquement son accueil déclaré","duration":1.2226999999838881,"failureMessages":[],"meta":{},"tags":[]},{"ancestorTitles":["registre contractuel des routes privées"],"fullName":"registre contractuel des routes privées reconnaît admin et ouvre uniquement son accueil déclaré","status":"passed","title":"reconnaît admin et ouvre uniquement son accueil déclaré","duration":0.9878000000026077,"failureMessages":[],"meta":{},"tags":[]},{"ancestorTitles":["registre contractuel des routes privées"],"fullName":"registre contractuel des routes privées reconnaît direction et ouvre uniquement son accueil déclaré","status":"passed","title":"reconnaît direction et ouvre uniquement son accueil déclaré","duration":1.099999999976717,"failureMessages":[],"meta":{},"tags":[]},{"ancestorTitles":["registre contractuel des routes privées"],"fullName":"registre contractuel des routes privées reconnaît sonasp et ouvre uniquement son accueil déclaré","status":"passed","title":"reconnaît sonasp et ouvre uniquement son accueil déclaré","duration":1.363900000054855,"failureMessages":[],"meta":{},"tags":[]},{"ancestorTitles":["registre contractuel des routes privées"],"fullName":"registre contractuel des routes privées reconnaît dgmg et ouvre uniquement son accueil déclaré","status":"passed","title":"reconnaît dgmg et ouvre uniquement son accueil déclaré","duration":1.0558999999775551,"failureMessages":[],"meta":{},"tags":[]},{"ancestorTitles":["registre contractuel des routes privées"],"fullName":"registre contractuel des routes privées reconnaît dgi et ouvre uniquement son accueil déclaré","status":"passed","title":"reconnaît dgi et ouvre uniquement son accueil déclaré","duration":0.9757000000099652,"failureMessages":[],"meta":{},"tags":[]},{"ancestorTitles":["registre contractuel des routes privées"],"fullName":"registre contractuel des routes privées reconnaît mine et ouvre uniquement son accueil déclaré","status":"passed","title":"reconnaît mine et ouvre uniquement son accueil déclaré","duration":4.229800000030082,"failureMessages":[],"meta":{},"tags":[]},{"ancestorTitles":["registre contractuel des routes privées"],"fullName":"registre contractuel des routes privées reconnaît comptoir et ouvre uniquement son accueil déclaré","status":"passed","title":"reconnaît comptoir et ouvre uniquement son accueil déclaré","duration":2.215199999976903,"failureMessages":[],"meta":{},"tags":[]},{"ancestorTitles":["registre contractuel des routes privées"],"fullName":"registre contractuel des routes privées reconnaît collector et ouvre uniquement son accueil déclaré","status":"passed","title":"reconnaît collector et ouvre uniquement son accueil déclaré","duration":3.4834000000264496,"failureMessages":[],"meta":{},"tags":[]},{"ancestorTitles":["registre contractuel des routes privées"],"fullName":"registre contractuel des routes privées reconnaît factory et ouvre uniquement son accueil déclaré","status":"passed","title":"reconnaît factory et ouvre uniquement son accueil déclaré","duration":1.1522000000113621,"failureMessages":[],"meta":{},"tags":[]},{"ancestorTitles":["registre contractuel des ro
[...]
ées","duration":3.2847999999066815,"failureMessages":[],"meta":{},"tags":[]},{"ancestorTitles":["Dépôt privé des justificatifs Comptoir"],"fullName":"Dépôt privé des justificatifs Comptoir conserve un document enregistré quand la réponse réseau est perdue","status":"passed","title":"conserve un document enregistré quand la réponse réseau est perdue","duration":3.8290999999735504,"failureMessages":[],"meta":{},"tags":[]},{"ancestorTitles":["Dépôt privé des justificatifs Comptoir"],"fullName":"Dépôt privé des justificatifs Comptoir prend en compte une révocation intervenant pendant le transfert","status":"passed","title":"prend en compte une révocation intervenant pendant le transfert","duration":2.3442999999970198,"failureMessages":[],"meta":{},"tags":[]}],"startTime":1788758830759,"endTime":1788758830814.3442,"status":"passed","message":"","name":"F:/Development/SONASP/backups/artisan-regression-20260906/live-qa/supabase/functions/_shared/comptoir-document-upload.test.ts"},{"assertionResults":[{"ancestorTitles":["politique upload fret"],"fullName":"politique upload fret accepte uniquement le contrat fermé de la RPC 4F","status":"passed","title":"accepte uniquement le contrat fermé de la RPC 4F","duration":5.813300000037998,"failureMessages":[],"meta":{},"tags":[]},{"ancestorTitles":["politique upload fret"],"fullName":"politique upload fret dérive le tenant de l’opération autorisée","status":"passed","title":"dérive le tenant de l’opération autorisée","duration":1.2324999999254942,"failureMessages":[],"meta":{},"tags":[]},{"ancestorTitles":["politique upload fret"],"fullName":"politique upload fret échoue fermé si une preuve manque: { activeSession: false }","status":"passed","title":"échoue fermé si une preuve manque: { activeSession: false }","duration":0.604300000006333,"failureMessages":[],"meta":{},"tags":[]},{"ancestorTitles":["politique upload fret"],"fullName":"politique upload fret échoue fermé si une preuve manque: { aal2: false }","status":"passed","title":"échoue fermé si une preuve manque: { aal2: false }","duration":0.5143999999854714,"failureMessages":[],"meta":{},"tags":[]},{"ancestorTitles":["politique upload fret"],"fullName":"politique upload fret échoue fermé si une preuve manque: { operationExists: false }","status":"passed","title":"échoue fermé si une preuve manque: { operationExists: false }","duration":0.3765000000130385,"failureMessages":[],"meta":{},"tags":[]},{"ancestorTitles":["politique upload fret"],"fullName":"politique upload fret échoue fermé si une preuve manque: { tenantReadable: false }","status":"passed","title":"échoue fermé si une preuve manque: { tenantReadable: false }","duration":0.29729999997653067,"failureMessages":[],"meta":{},"tags":[]},{"ancestorTitles":["politique upload fret"],"fullName":"politique upload fret échoue fermé si une preuve manque: { canPrepareFreight: false }","status":"passed","title":"échoue fermé si une preuve manque: { canPrepareFreight: false }","duration":0.2931999999564141,"failureMessages":[],"meta":{},"tags":[]},{"ancestorTitles":["politique upload fret"],"fullName":"politique upload fret échoue fermé si une preuve manque: { mutableStatus: false }","status":"passed","title":"échoue fermé si une preuve manque: { mutableStatus: false }","duration":0.24589999997988343,"failureMessages":[],"meta":{},"tags":[]}],"startTime":1788759007744,"endTime":1788759007753.2974,"status":"passed","message":"","name":"F:/Development/SONASP/backups/artisan-regression-20260906/live-qa/supabase/functions/_shared/freight-customs-upload-policy.test.ts"},{"assertionResults":[{"ancestorTitles":["capacités des actions de messagerie"],"fullName":"capacités des actions de messagerie réserve la configuration et son essai à la capacité SMTP dédiée","status":"passed","title":"réserve la configuration et son essai à la capacité SMTP dédiée","duration":3.185399999958463,"failureMessages":[],"meta":{},"tags":[]},{"ancestorTitles":["capacités des actions de messagerie"],"fullName":"capacités des actions de messagerie lie les courriels de comptes à la gestion des comptes","status":"passed","title":"lie les courriels de comptes à la gestion des comptes","duration":0.6946000000461936,"failureMessages":[],"meta":{},"tags":[]},{"ancestorTitles":["capacités des actions de messagerie"],"fullName":"capacités des actions de messagerie refuse une action inconnue au lieu de la traiter comme une vidange de file","status":"passed","title":"refuse une action inconnue au lieu de la traiter comme une vidange de file","duration":0.9494999999878928,"failureMessages":[],"meta":{},"tags":[]},{"ancestorTitles":["capacités des actions de messagerie"],"fullName":"capacités des actions de messagerie conserve la file comme action par défaut pour la compatibilité","status":"passed","title":"conserve la file comme action par défaut pour la compatibilité","duration":0.5421000000787899,"failureMessages":[],"meta":{},"tags":[]}],"startTime":1788759071140,"endTime":1788759071145.542,"status":"passed","message":"","name":"F:/Development/SONASP/backups/artisan-regression-20260906/live-qa/supabase/functions/_shared/mail-action-policy.test.ts"},{"assertionResults":[{"ancestorTitles":["politique de preuve bancaire privée"],"fullName":"politique de preuve bancaire privée accepte uniquement le schéma fermé sans chemin ni tenant","status":"passed","title":"accepte uniquement le schéma fermé sans chemin ni tenant","duration":5.7299999999813735,"failureMessages":[],"meta":{},"tags":[]},{"ancestorTitles":["politique de preuve bancaire privée"],"fullName":"politique de preuve bancaire privée dérive le tenant uniquement du parent autoritatif","status":"passed","title":"dérive le tenant uniquement du parent autoritatif","duration":0.9931000000797212,"failureMessages":[],"meta":{},"tags":[]},{"ancestorTitles":["politique de preuve bancaire privée"],"fullName":"politique de preuve bancaire privée échoue fermé si une preuve d’autorisation manque: { activeSession: false }","status":"passed","title":"échoue fermé si une preuve d’autorisation manque: { activeSession: false }","duration":0.5698000000556931,"failureMessages":[],"meta":{},"tags":[]},{"ancestorTitles":["politique de preuve bancaire privée"],"fullName":"politique de preuve bancaire privée échoue fermé si une preuve d’autorisation manque: { aal2: false }","status":"passed","title":"échoue fermé si une preuve d’autorisation manque: { aal2: false }","duration":0.46929999999701977,"failureMessages":[],"meta":{},"tags":[]},{"ancestorTitles":["politique de preuve bancaire privée"],"fullName":"politique de preuve bancaire privée échoue fermé si une preuve d’autorisation manque: { canExecuteFinance: false }","status":"passed","title":"échoue fermé si une preuve d’autorisation manque: { canExecuteFinance: false }","duration":0.3334000000031665,"failureMessages":[],"meta":{},"tags":[]},{"ancestorTitles":["politique de preuve bancaire privée"],"fullName":"politique de preuve bancaire privée échoue fermé si une preuve d’autorisation manque: { canReadSale: false }","status":"passed","title":"échoue fermé si une preuve d’autorisation manque: { canReadSale: false }","duration":0.30119999998714775,"failureMessages":[],"meta":{},"tags":[]},{"ancestorTitles":["politique de preuve bancaire privée"],"fullName":"politique de preuve bancaire privée échoue fermé si une preuve d’autorisation manque: { paymentExists: false }","status":"passed","title":"échoue fermé si une preuve d’autorisation manque: { paymentExists: false }","duration":0.28390000003855675,"failureMessages":[],"meta":{},"tags":[]},{"ancestorTitles":["politique de preuve bancaire privée"],"fullName":"politique de preuve bancaire privée échoue fermé si une preuve d’autorisation manque: { paymentProcessing: false }","status":"passed","title":"échoue fermé si une preuve d’autorisation manque: { paymentProcessing: false }","duration":0.2428999999538064,"failureMessages":[],"meta":{},"tags":[]},{"ancestorTitles":["politique de preuve bancaire privée"],"fullName":"politique de preuve bancaire privée échoue fermé si une preuve d’autorisation manque: { saleVirtualPayment: false }","status":"passed","title":"échoue fermé si une preuve d’autorisation manque: { saleVirtualPayment: false }","duration":0.3895000000484288,"failureMessages":[],"meta":{},"tags":[]},{"ancestorTitles":["politique de preuve bancaire privée"],"fullName":"politique de preuve bancaire privée échoue fermé si une preuve d’autorisation manque: { actorExecutedPayment: false }","status":"passed","title":"échoue fermé si une preuve d’autorisation manque: { actorExecutedPayment: false }","duration":0.4063000000314787,"failureMessages":[],"meta":{},"tags":[]},{"ancestorTitles":["politique de preuve bancaire privée"],"fullName":"politique de preuve bancaire privée échoue fermé si une preuve d’autorisation manque: { paymentMatchesSaleAndTenant: false }","status":"passed","title":"échoue fermé si une preuve d’autorisation manque: { paymentMatchesSaleAndTenant: false }","duration":0.1820999999763444,"failureMessages":[],"meta":{},"tags":[]},{"ancestorTitles":["politique de preuve bancaire privée"],"fullName":"politique de preuve bancaire privée échoue fermé si une preuve d’autorisation manque: { sellerIsActiveSonasp: false }","status":"passed","title":"échoue fermé si une preuve d’autorisation manque: { sellerIsActiveSonasp: false }","duration":0.1686000000918284,"failureMessages":[],"meta":{},"tags":[]},{"ancestorTitles":["politique de preuve bancaire privée"],"fullName":"politique de preuve bancaire privée nettoie un mauvais fichier recréé puis accepte le rejeu du fichier exact","status":"passed","title":"nettoie un mauvais fichier recréé puis accepte le rejeu du fichier exact","duration":0.9814999999944121,"failureMessages":[],"meta":{},"tags":[]}],"startTime":1788759047778,"endTime":1788759047789.9814,"status":"passed","message":"","name":"F:/Development/SONASP/backups/artisan-regression-20260906/live-qa/supabase/functions/_shared/payment-proof-upload-policy.test.ts"},{"assertionResults":[{"ancestorTitles":["secure-upload"],"fullName":"secure-upload accepte un PDF cohérent et normalise son nom sans réutiliser ce nom comme chemin","status":"passed","title":"accepte un PDF cohérent et normalise son nom sans réutiliser ce nom comme chemin","duration":6.319099999964237,"failureMessages":[],"meta":{},"tags":[]},{"ancestorTitles":["secure-upload"],"fullName":"secure-upload rejette un contenu texte renommé en PDF malgré un MIME déclaré conforme","status":"passed","title":"rejette un contenu texte renommé en PDF malgré un MIME déclaré conforme","duration":2.0683000000426546,"failureMessages":[],"meta":{},"tags":[]},{"ancestorTitles":["secure-upload"],"fullName":"secure-upload rejette le nom dangereux preuve.exe.pdf","status":"passed","title":"rejette le nom dangereux preuve.exe.pdf","duration":0.6995999999344349,"failureMessages":[],"meta":{},"tags":[]},{"ancestorTitles":["secure-upload"],"fullName":"secure-upload rejette le nom dangereux ../preuve.pdf","status":"passed","title":"rejette le nom dangereux ../preuve.pdf","duration":0.6047999999718741,"failureMessages":[],"meta":{},"tags":[]},{"ancestorTitles":["secure-upload"],"fullName":"secure-upload rejette le nom dangereux preuve.pdf.exe","status":"passed","title":"rejette le nom dangereux preuve.pdf.exe","duration":0.42770000000018626,"failureMessages":[],"meta":{},"tags":[]},{"ancestorTitles":["secure-upload"],"fullName":"secure-upload rejette le nom dangereux CON.pdf","status":"passed","title":"rejette le nom dangereux CON.pdf","duration":0.3157999999821186,"failureMessages":[],"meta":{},"tags":[]},{"ancestorTitles":["secure-upload"],"fullName":"secure-upload reconnaît un DOCX structurel et refuse une archive à macros","status":"passed","title":"reconnaît un DOCX structurel et refuse une archive à macros","duration":2.069900000002235,"failureMessages":[],"meta":{},"tags":[]},{"ancestorTitles":["secure-upload"],"fullName":"secure-upload rejette un dépassement selon la politique serveur, indépendamment du client","status":"passed","title":"rejette un dépassement selon la politique serveur, indépendamment du client","duration":0.6222000000998378,"failureMessages":[],"meta":{},"tags":[]},{"ancestorTitles":["secure-upload"],"fullName":"secure-upload limite le certificat d’analyse au PDF et à 10 Mio côté serveur","status":"passed","title":"limite le certificat d’analyse au PDF et à 10 Mio côté serveur","duration":0.766499999910593,"failureMessages":[],"meta":{},"tags":[]},{"ancestorTitles":["secure-upload"],"fullName":"secure-upload ferme Production au PDF et Shipping aux formats avec signature vérifiable","status":"passed","title":"ferme Production au PDF et Shipping aux formats avec signature vérifiable","duration":2.2747000000672415,"failureMessages":[],"meta":{},"tags":[]},{"ancestorTitles":["secure-upload"],"fullName":"secure-upload aligne la politique fret sur la RPC 4F","status":"passed","title":"aligne la politique fret sur la RPC 4F","duration":0.49760000000242144,"failureMessages":[],"meta":{},"tags":[]},{"ancestorTitles":["secure-upload"],"fullName":"secure-upload ferme la preuve bancaire à 10 Mio et aux formats vérifiables","status":"passed","title":"ferme la preuve bancaire à 10 Mio et aux formats vérifiables","duration":0.5280000000493601,"failureMessages":[],"meta":{},"tags":[]}],"startTime":1788758982710,"endTime":1788758982727.528,"status":"passed","message":"","name":"F:/Development/SONASP/backups/artisan-regression-20260906/live-qa/supabase/functions/_shared/secure-upload.test.ts"},{"assertionResults":[{"ancestorTitles":["politique de suppression documentaire sensible"],"fullName":"politique de suppression documentaire sensible exige session active, AAL2, parent, tenant, capability et propriétaire","status":"passed","title":"exige session active, AAL2, parent, tenant, capability et propriétaire","duration":4.945899999933317,"failureMessages":[],"meta":{},"tags":[]},{"ancestorTitles":["politique de suppression documentaire sensible"],"fullName":"politique de suppression documentaire sensible normalise une ancienne URL publique sans effectuer de requête","status":"passed","title":"normalise une ancienne URL publique sans effectuer de requête","duration":1.7700000000186265,"failureMessages":[],"meta":{},"tags":[]},{"ancestorTitles":["politique de suppression documentaire sensible"],"fullName":"politique de suppression documentaire sensible refuse traversal, bucket étranger et objet hors parent","status":"passed","title":"refuse traversal, bucket étranger et objet hors parent","duration":1.576299999956973,"failureMessages":[],"meta":{},"tags":[]}],"startTime":1788759013658,"endTime":1788759013666.5764,"status":"passed","message":"","name":"F:/Development/SONASP/backups/artisan-regression-20260906/live-qa/supabase/functions/_shared/sensitive-document-delete-policy.test.ts"},{"assertionResults":[{"ancestorTitles":["session revocation policy"],"fullName":"session revocation policy autorise la révocation self AAL2 pour un profil partenaire","status":"passed","title":"autorise la révocation self AAL2 pour un profil partenaire","duration":3.186699999962002,"failureMessages":[],"meta":{},"tags":[]},{"ancestorTitles":["session revocation policy"],"fullName":"session revocation policy refuse self si le profil est inactif ou si AAL2 manque","status":"passed","title":"refuse self si le profil est inactif ou si AAL2 manque","duration":0.8000999999931082,"failureMessages":[],"meta":{},"tags":[]},{"ancestorTitles":["session revocation policy"],"fullName":"session revocation policy autorise Owner/Admin national avec capability et hiérarchie sur une cible inférieure","status":"passed","title":"autorise Owner/Admin national avec capability et hiérarchie sur une cible inférieure","duration":0.7838999999221414,"failureMessages":[],"meta":{},"tags":[]},{"ancestorTitles":["session revocation policy"],"fullName":"session revocation policy refuse toute administration tierce depuis un tenant partenaire","status":"passed","title":"refuse toute administration tierce depuis un tenant partenaire","duration":0.46620000002440065,"failureMessages":[],"meta":{},"tags":[]},{"ancestorTitles":["session revocation policy"],"fullName":"session revocation policy échoue fermé sans capability, hiérarchie ou rôle cible reconnu","status":"passed","title":"échoue fermé sans capability, hiérarchie ou rôle cible reconnu","duration":0.6855999999679625,"failureMessages":[],"meta":{},"tags":[]}],"startTime":1788759070503,"endTime":1788759070508.6855,"status":"passed","message":"","name":"F:/Development/SONASP/backups/artisan-regression-20260906/live-qa/supabase/functions/_shared/session-revocation-policy.test.ts"},{"assertionResults":[{"ancestorTitles":["métadonnées fermées des documents métier"],"fullName":"métadonnées fermées des documents métier accepte uniquement les champs Shipping attendus","status":"passed","title":"accepte uniquement les champs Shipping attendus","duration":4.983600000035949,"failureMessages":[],"meta":{},"tags":[]},{"ancestorTitles":["métadonnées fermées des documents métier"],"fullName":"métadonnées fermées des documents métier accepte uniquement les champs Production attendus","status":"passed","title":"accepte uniquement les champs Production attendus","duration":1.0277999999234453,"failureMessages":[],"meta":{},"tags":[]},{"ancestorTitles":["métadonnées fermées des documents métier"],"fullName":"métadonnées fermées des documents métier borne les métadonnées des documents de réserve","status":"passed","title":"borne les métadonnées des documents de réserve","duration":0.996199999935925,"failureMessages":[],"meta":{},"tags":[]},{"ancestorTitles":["autoriserDocumentWorkflow"],"fullName":"autoriserDocumentWorkflow retourne uniquement acteur et tenant vérifiés","status":"passed","title":"retourne uniquement acteur et tenant vérifiés","duration":0.6890000000130385,"failureMessages":[],"meta":{},"tags":[]},{"ancestorTitles":["autoriserDocumentWorkflow"],"fullName":"autoriserDocumentWorkflow échoue fermé si une preuve manque: { activeSession: false }","status":"passed","title":"échoue fermé si une preuve manque: { activeSession: false }","duration":0.5291999999899417,"failureMessages":[],"meta":{},"tags":[]},{"ancestorTitles":["autoriserDocumentWorkflow"],"fullName":"autoriserDocumentWorkflow échoue fermé si une preuve manque: { aal2: false }","status":"passed","title":"échoue fermé si une preuve manque: { aal2: false }","duration":0.36220000009052455,"failureMessages":[],"meta":{},"tags":[]},{"ancestorTitles":["autoriserDocumentWorkflow"],"fullName":"autoriserDocumentWorkflow échoue fermé si une preuve manque: { parentExists: false }","status":"passed","title":"échoue fermé si une preuve manque: { parentExists: false }","duration":0.395299999974668,"failureMessages":[],"meta":{},"tags":[]},{"ancestorTitles":["autoriserDocumentWorkflow"],"fullName":"autoriserDocumentWorkflow échoue fermé si une preuve manque: { parentPermission: false }","status":"passed","title":"échoue fermé si une preuve manque: { parentPermission: false }","duration":0.3281999999890104,"failureMessages":[],"meta":{},"tags":[]},{"ancestorTitles":["autoriserDocumentWorkflow"],"fullName":"autoriserDocumentWorkflow échoue fermé si une preuve manque: { hasWriteCapability: false }","status":"passed","title":"échoue fermé si une preuve manque: { hasWriteCapability: false }","duration":0.34429999999701977,"failureMessages":[],"meta":{},"tags":[]},{"ancestorTitles":["autoriserDocumentWorkflow"],"fullName":"autoriserDocumentWorkflow échoue fermé si une preuve manque: { tenantId: 'invalide' }","status":"passed","title":"échoue fermé si une preuve manque: { tenantId: 'invalide' }","duration":0.42249999998603016,"failureMessages":[],"meta":{},"tags":[]}],"startTime":1788759054811,"endTime":1788759054821.4226,"status":"passed","message":"","name":"F:/Development/SONASP/backups/artisan-regression-20260906/live-qa/supabase/functions/_shared/workflow-document-upload-policy.test.ts"}]}